{
    "meta": {
        "format": 3,
        "version": "7.6.1",
        "timestamp": "2025-08-25T13:18:54.740626",
        "branch_coverage": true,
        "show_contexts": false
    },
    "files": {
        "typesystem/__init__.py": {
            "executed_lines": [
                1,
                2,
                20,
                21,
                22,
                23,
                24,
                25,
                27,
                28
            ],
            "summary": {
                "covered_lines": 10,
                "num_statements": 10,
                "percent_covered": 100.0,
                "percent_covered_display": "100",
                "missing_lines": 0,
                "excluded_lines": 0,
                "num_branches": 0,
                "num_partial_branches": 0,
                "covered_branches": 0,
                "missing_branches": 0
            },
            "missing_lines": [],
            "excluded_lines": [],
            "executed_branches": [],
            "missing_branches": [],
            "functions": {
                "": {
                    "executed_lines": [
                        1,
                        2,
                        20,
                        21,
                        22,
                        23,
                        24,
                        25,
                        27,
                        28
                    ],
                    "summary": {
                        "covered_lines": 10,
                        "num_statements": 10,
                        "percent_covered": 100.0,
                        "percent_covered_display": "100",
                        "missing_lines": 0,
                        "excluded_lines": 0,
                        "num_branches": 0,
                        "num_partial_branches": 0,
                        "covered_branches": 0,
                        "missing_branches": 0
                    },
                    "missing_lines": [],
                    "excluded_lines": [],
                    "executed_branches": [],
                    "missing_branches": []
                }
            },
            "classes": {
                "": {
                    "executed_lines": [
                        1,
                        2,
                        20,
                        21,
                        22,
                        23,
                        24,
                        25,
                        27,
                        28
                    ],
                    "summary": {
                        "covered_lines": 10,
                        "num_statements": 10,
                        "percent_covered": 100.0,
                        "percent_covered_display": "100",
                        "missing_lines": 0,
                        "excluded_lines": 0,
                        "num_branches": 0,
                        "num_partial_branches": 0,
                        "covered_branches": 0,
                        "missing_branches": 0
                    },
                    "missing_lines": [],
                    "excluded_lines": [],
                    "executed_branches": [],
                    "missing_branches": []
                }
            }
        },
        "typesystem/base.py": {
            "executed_lines": [
                1,
                2,
                5,
                6,
                7,
                8,
                9,
                11,
                12,
                19,
                20,
                21,
                24,
                25,
                29,
                55,
                56,
                57,
                58,
                59,
                61,
                63,
                64,
                65,
                67,
                68,
                69,
                70,
                72,
                73,
                81,
                82,
                83,
                85,
                97,
                98,
                112,
                132,
                134,
                135,
                138,
                139,
                140,
                141,
                142,
                144,
                145,
                150,
                151,
                152,
                153,
                154,
                155,
                157,
                167,
                168,
                176,
                178,
                179,
                181,
                182,
                184,
                185,
                187,
                190,
                191,
                192,
                194,
                201,
                202,
                203,
                204,
                207,
                208,
                213,
                214,
                219,
                220,
                227,
                239,
                240,
                241,
                243,
                244,
                245,
                247,
                248,
                250
            ],
            "summary": {
                "covered_lines": 83,
                "num_statements": 101,
                "percent_covered": 79.5275590551181,
                "percent_covered_display": "80",
                "missing_lines": 18,
                "excluded_lines": 0,
                "num_branches": 26,
                "num_partial_branches": 0,
                "covered_branches": 18,
                "missing_branches": 8
            },
            "missing_lines": [
                86,
                87,
                88,
                89,
                90,
                91,
                93,
                94,
                188,
                195,
                196,
                197,
                198,
                199,
                251,
                252,
                253,
                254
            ],
            "excluded_lines": [],
            "executed_branches": [
                [
                    57,
                    58
                ],
                [
                    57,
                    61
                ],
                [
                    63,
                    64
                ],
                [
                    63,
                    67
                ],
                [
                    132,
                    134
                ],
                [
                    132,
                    138
                ],
                [
                    150,
                    -112
                ],
                [
                    150,
                    151
                ],
                [
                    152,
                    153
                ],
                [
                    152,
                    154
                ],
                [
                    167,
                    168
                ],
                [
                    167,
                    176
                ],
                [
                    168,
                    -168
                ],
                [
                    168,
                    -157
                ],
                [
                    168,
                    168
                ],
                [
                    191,
                    -191
                ],
                [
                    191,
                    191
                ],
                [
                    191,
                    192
                ],
                [
                    202,
                    203
                ],
                [
                    202,
                    204
                ]
            ],
            "missing_branches": [
                [
                    88,
                    89
                ],
                [
                    88,
                    90
                ],
                [
                    90,
                    91
                ],
                [
                    90,
                    93
                ],
                [
                    196,
                    197
                ],
                [
                    196,
                    199
                ],
                [
                    252,
                    253
                ],
                [
                    252,
                    254
                ]
            ],
            "functions": {
                "Position.__init__": {
                    "executed_lines": [
                        7,
                        8,
                        9
                    ],
                    "summary": {
                        "covered_lines": 3,
                        "num_statements": 3,
                        "percent_covered": 100.0,
                        "percent_covered_display": "100",
                        "missing_lines": 0,
                        "excluded_lines": 0,
                        "num_branches": 0,
                        "num_partial_branches": 0,
                        "covered_branches": 0,
                        "missing_branches": 0
                    },
                    "missing_lines": [],
                    "excluded_lines": [],
                    "executed_branches": [],
                    "missing_branches": []
                },
                "Position.__eq__": {
                    "executed_lines": [
                        12
                    ],
                    "summary": {
                        "covered_lines": 1,
                        "num_statements": 1,
                        "percent_covered": 100.0,
                        "percent_covered_display": "100",
                        "missing_lines": 0,
                        "excluded_lines": 0,
                        "num_branches": 0,
                        "num_partial_branches": 0,
                        "covered_branches": 0,
                        "missing_branches": 0
                    },
                    "missing_lines": [],
                    "excluded_lines": [],
                    "executed_branches": [],
                    "missing_branches": []
                },
                "Position.__repr__": {
                    "executed_lines": [
                        20,
                        21
                    ],
                    "summary": {
                        "covered_lines": 2,
                        "num_statements": 2,
                        "percent_covered": 100.0,
                        "percent_covered_display": "100",
                        "missing_lines": 0,
                        "excluded_lines": 0,
                        "num_branches": 0,
                        "num_partial_branches": 0,
                        "covered_branches": 0,
                        "missing_branches": 0
                    },
                    "missing_lines": [],
                    "excluded_lines": [],
                    "executed_branches": [],
                    "missing_branches": []
                },
                "Message.__init__": {
                    "executed_lines": [
                        55,
                        56,
                        57,
                        58,
                        59,
                        61,
                        63,
                        64,
                        65,
                        67,
                        68,
                        69,
                        70
                    ],
                    "summary": {
                        "covered_lines": 13,
                        "num_statements": 13,
                        "percent_covered": 100.0,
                        "percent_covered_display": "100",
                        "missing_lines": 0,
                        "excluded_lines": 0,
                        "num_branches": 4,
                        "num_partial_branches": 0,
                        "covered_branches": 4,
                        "missing_branches": 0
                    },
                    "missing_lines": [],
                    "excluded_lines": [],
                    "executed_branches": [
                        [
                            57,
                            58
                        ],
                        [
                            57,
                            61
                        ],
                        [
                            63,
                            64
                        ],
                        [
                            63,
                            67
                        ]
                    ],
                    "missing_branches": []
                },
                "Message.__eq__": {
                    "executed_lines": [
                        73
                    ],
                    "summary": {
                        "covered_lines": 1,
                        "num_statements": 1,
                        "percent_covered": 100.0,
                        "percent_covered_display": "100",
                        "missing_lines": 0,
                        "excluded_lines": 0,
                        "num_branches": 0,
                        "num_partial_branches": 0,
                        "covered_branches": 0,
                        "missing_branches": 0
                    },
                    "missing_lines": [],
                    "excluded_lines": [],
                    "executed_branches": [],
                    "missing_branches": []
                },
                "Message.__hash__": {
                    "executed_lines": [
                        82,
                        83
                    ],
                    "summary": {
                        "covered_lines": 2,
                        "num_statements": 2,
                        "percent_covered": 100.0,
                        "percent_covered_display": "100",
                        "missing_lines": 0,
                        "excluded_lines": 0,
                        "num_branches": 0,
                        "num_partial_branches": 0,
                        "covered_branches": 0,
                        "missing_branches": 0
                    },
                    "missing_lines": [],
                    "excluded_lines": [],
                    "executed_branches": [],
                    "missing_branches": []
                },
                "Message.__repr__": {
                    "executed_lines": [],
                    "summary": {
                        "covered_lines": 0,
                        "num_statements": 8,
                        "percent_covered": 0.0,
                        "percent_covered_display": "0",
                        "missing_lines": 8,
                        "excluded_lines": 0,
                        "num_branches": 4,
                        "num_partial_branches": 0,
                        "covered_branches": 0,
                        "missing_branches": 4
                    },
                    "missing_lines": [
                        86,
                        87,
                        88,
                        89,
                        90,
                        91,
                        93,
                        94
                    ],
                    "excluded_lines": [],
                    "executed_branches": [],
                    "missing_branches": [
                        [
                            88,
                            89
                        ],
                        [
                            88,
                            90
                        ],
                        [
                            90,
                            91
                        ],
                        [
                            90,
                            93
                        ]
                    ]
                },
                "BaseError.__init__": {
                    "executed_lines": [
                        132,
                        134,
                        135,
                        138,
                        139,
                        140,
                        141,
                        142,
                        144,
                        145,
                        150,
                        151,
                        152,
                        153,
                        154,
                        155
                    ],
                    "summary": {
                        "covered_lines": 16,
                        "num_statements": 16,
                        "percent_covered": 100.0,
                        "percent_covered_display": "100",
                        "missing_lines": 0,
                        "excluded_lines": 0,
                        "num_branches": 6,
                        "num_partial_branches": 0,
                        "covered_branches": 6,
                        "missing_branches": 0
                    },
                    "missing_lines": [],
                    "excluded_lines": [],
                    "executed_branches": [
                        [
                            132,
                            134
                        ],
                        [
                            132,
                            138
                        ],
                        [
                            150,
                            -112
                        ],
                        [
                            150,
                            151
                        ],
                        [
                            152,
                            153
                        ],
                        [
                            152,
                            154
                        ]
                    ],
                    "missing_branches": []
                },
                "BaseError.messages": {
                    "executed_lines": [
                        167,
                        168,
                        176
                    ],
                    "summary": {
                        "covered_lines": 3,
                        "num_statements": 3,
                        "percent_covered": 100.0,
                        "percent_covered_display": "100",
                        "missing_lines": 0,
                        "excluded_lines": 0,
                        "num_branches": 4,
                        "num_partial_branches": 0,
                        "covered_branches": 4,
                        "missing_branches": 0
                    },
                    "missing_lines": [],
                    "excluded_lines": [],
                    "executed_branches": [
                        [
                            167,
                            168
                        ],
                        [
                            167,
                            176
                        ],
                        [
                            168,
                            -168
                        ],
                        [
                            168,
                            -157
                        ],
                        [
                            168,
                            168
                        ]
                    ],
                    "missing_branches": []
                },
                "BaseError.__iter__": {
                    "executed_lines": [
                        179
                    ],
                    "summary": {
                        "covered_lines": 1,
                        "num_statements": 1,
                        "percent_covered": 100.0,
                        "percent_covered_display": "100",
                        "missing_lines": 0,
                        "excluded_lines": 0,
                        "num_branches": 0,
                        "num_partial_branches": 0,
                        "covered_branches": 0,
                        "missing_branches": 0
                    },
                    "missing_lines": [],
                    "excluded_lines": [],
                    "executed_branches": [],
                    "missing_branches": []
                },
                "BaseError.__len__": {
                    "executed_lines": [
                        182
                    ],
                    "summary": {
                        "covered_lines": 1,
                        "num_statements": 1,
                        "percent_covered": 100.0,
                        "percent_covered_display": "100",
                        "missing_lines": 0,
                        "excluded_lines": 0,
                        "num_branches": 0,
                        "num_partial_branches": 0,
                        "covered_branches": 0,
                        "missing_branches": 0
                    },
                    "missing_lines": [],
                    "excluded_lines": [],
                    "executed_branches": [],
                    "missing_branches": []
                },
                "BaseError.__getitem__": {
                    "executed_lines": [
                        185
                    ],
                    "summary": {
                        "covered_lines": 1,
                        "num_statements": 1,
                        "percent_covered": 100.0,
                        "percent_covered_display": "100",
                        "missing_lines": 0,
                        "excluded_lines": 0,
                        "num_branches": 0,
                        "num_partial_branches": 0,
                        "covered_branches": 0,
                        "missing_branches": 0
                    },
                    "missing_lines": [],
                    "excluded_lines": [],
                    "executed_branches": [],
                    "missing_branches": []
                },
                "BaseError.__eq__": {
                    "executed_lines": [],
                    "summary": {
                        "covered_lines": 0,
                        "num_statements": 1,
                        "percent_covered": 0.0,
                        "percent_covered_display": "0",
                        "missing_lines": 1,
                        "excluded_lines": 0,
                        "num_branches": 0,
                        "num_partial_branches": 0,
                        "covered_branches": 0,
                        "missing_branches": 0
                    },
                    "missing_lines": [
                        188
                    ],
                    "excluded_lines": [],
                    "executed_branches": [],
                    "missing_branches": []
                },
                "BaseError.__hash__": {
                    "executed_lines": [
                        191,
                        192
                    ],
                    "summary": {
                        "covered_lines": 2,
                        "num_statements": 2,
                        "percent_covered": 100.0,
                        "percent_covered_display": "100",
                        "missing_lines": 0,
                        "excluded_lines": 0,
                        "num_branches": 2,
                        "num_partial_branches": 0,
                        "covered_branches": 2,
                        "missing_branches": 0
                    },
                    "missing_lines": [],
                    "excluded_lines": [],
                    "executed_branches": [
                        [
                            191,
                            -191
                        ],
                        [
                            191,
                            191
                        ],
                        [
                            191,
                            192
                        ]
                    ],
                    "missing_branches": []
                },
                "BaseError.__repr__": {
                    "executed_lines": [],
                    "summary": {
                        "covered_lines": 0,
                        "num_statements": 5,
                        "percent_covered": 0.0,
                        "percent_covered_display": "0",
                        "missing_lines": 5,
                        "excluded_lines": 0,
                        "num_branches": 2,
                        "num_partial_branches": 0,
                        "covered_branches": 0,
                        "missing_branches": 2
                    },
                    "missing_lines": [
                        195,
                        196,
                        197,
                        198,
                        199
                    ],
                    "excluded_lines": [],
                    "executed_branches": [],
                    "missing_branches": [
                        [
                            196,
                            197
                        ],
                        [
                            196,
                            199
                        ]
                    ]
                },
                "BaseError.__str__": {
                    "executed_lines": [
                        202,
                        203,
                        204
                    ],
                    "summary": {
                        "covered_lines": 3,
                        "num_statements": 3,
                        "percent_covered": 100.0,
                        "percent_covered_display": "100",
                        "missing_lines": 0,
                        "excluded_lines": 0,
                        "num_branches": 2,
                        "num_partial_branches": 0,
                        "covered_branches": 2,
                        "missing_branches": 0
                    },
                    "missing_lines": [],
                    "excluded_lines": [],
                    "executed_branches": [
                        [
                            202,
                            203
                        ],
                        [
                            202,
                            204
                        ]
                    ],
                    "missing_branches": []
                },
                "ValidationResult.__init__": {
                    "executed_lines": [
                        239,
                        240,
                        241
                    ],
                    "summary": {
                        "covered_lines": 3,
                        "num_statements": 3,
                        "percent_covered": 100.0,
                        "percent_covered_display": "100",
                        "missing_lines": 0,
                        "excluded_lines": 0,
                        "num_branches": 0,
                        "num_partial_branches": 0,
                        "covered_branches": 0,
                        "missing_branches": 0
                    },
                    "missing_lines": [],
                    "excluded_lines": [],
                    "executed_branches": [],
                    "missing_branches": []
                },
                "ValidationResult.__iter__": {
                    "executed_lines": [
                        244,
                        245
                    ],
                    "summary": {
                        "covered_lines": 2,
                        "num_statements": 2,
                        "percent_covered": 100.0,
                        "percent_covered_display": "100",
                        "missing_lines": 0,
                        "excluded_lines": 0,
                        "num_branches": 0,
                        "num_partial_branches": 0,
                        "covered_branches": 0,
                        "missing_branches": 0
                    },
                    "missing_lines": [],
                    "excluded_lines": [],
                    "executed_branches": [],
                    "missing_branches": []
                },
                "ValidationResult.__bool__": {
                    "executed_lines": [
                        248
                    ],
                    "summary": {
                        "covered_lines": 1,
                        "num_statements": 1,
                        "percent_covered": 100.0,
                        "percent_covered_display": "100",
                        "missing_lines": 0,
                        "excluded_lines": 0,
                        "num_branches": 0,
                        "num_partial_branches": 0,
                        "covered_branches": 0,
                        "missing_branches": 0
                    },
                    "missing_lines": [],
                    "excluded_lines": [],
                    "executed_branches": [],
                    "missing_branches": []
                },
                "ValidationResult.__repr__": {
                    "executed_lines": [],
                    "summary": {
                        "covered_lines": 0,
                        "num_statements": 4,
                        "percent_covered": 0.0,
                        "percent_covered_display": "0",
                        "missing_lines": 4,
                        "excluded_lines": 0,
                        "num_branches": 2,
                        "num_partial_branches": 0,
                        "covered_branches": 0,
                        "missing_branches": 2
                    },
                    "missing_lines": [
                        251,
                        252,
                        253,
                        254
                    ],
                    "excluded_lines": [],
                    "executed_branches": [],
                    "missing_branches": [
                        [
                            252,
                            253
                        ],
                        [
                            252,
                            254
                        ]
                    ]
                },
                "": {
                    "executed_lines": [
                        1,
                        2,
                        5,
                        6,
                        11,
                        19,
                        24,
                        25,
                        29,
                        72,
                        81,
                        85,
                        97,
                        98,
                        112,
                        157,
                        178,
                        181,
                        184,
                        187,
                        190,
                        194,
                        201,
                        207,
                        208,
                        213,
                        214,
                        219,
                        220,
                        227,
                        243,
                        247,
                        250
                    ],
                    "summary": {
                        "covered_lines": 28,
                        "num_statements": 28,
                        "percent_covered": 100.0,
                        "percent_covered_display": "100",
                        "missing_lines": 0,
                        "excluded_lines": 0,
                        "num_branches": 0,
                        "num_partial_branches": 0,
                        "covered_branches": 0,
                        "missing_branches": 0
                    },
                    "missing_lines": [],
                    "excluded_lines": [],
                    "executed_branches": [],
                    "missing_branches": []
                }
            },
            "classes": {
                "Position": {
                    "executed_lines": [
                        7,
                        8,
                        9,
                        12,
                        20,
                        21
                    ],
                    "summary": {
                        "covered_lines": 6,
                        "num_statements": 6,
                        "percent_covered": 100.0,
                        "percent_covered_display": "100",
                        "missing_lines": 0,
                        "excluded_lines": 0,
                        "num_branches": 0,
                        "num_partial_branches": 0,
                        "covered_branches": 0,
                        "missing_branches": 0
                    },
                    "missing_lines": [],
                    "excluded_lines": [],
                    "executed_branches": [],
                    "missing_branches": []
                },
                "Message": {
                    "executed_lines": [
                        55,
                        56,
                        57,
                        58,
                        59,
                        61,
                        63,
                        64,
                        65,
                        67,
                        68,
                        69,
                        70,
                        73,
                        82,
                        83
                    ],
                    "summary": {
                        "covered_lines": 16,
                        "num_statements": 24,
                        "percent_covered": 62.5,
                        "percent_covered_display": "62",
                        "missing_lines": 8,
                        "excluded_lines": 0,
                        "num_branches": 8,
                        "num_partial_branches": 0,
                        "covered_branches": 4,
                        "missing_branches": 4
                    },
                    "missing_lines": [
                        86,
                        87,
                        88,
                        89,
                        90,
                        91,
                        93,
                        94
                    ],
                    "excluded_lines": [],
                    "executed_branches": [
                        [
                            57,
                            58
                        ],
                        [
                            57,
                            61
                        ],
                        [
                            63,
                            64
                        ],
                        [
                            63,
                            67
                        ]
                    ],
                    "missing_branches": [
                        [
                            88,
                            89
                        ],
                        [
                            88,
                            90
                        ],
                        [
                            90,
                            91
                        ],
                        [
                            90,
                            93
                        ]
                    ]
                },
                "BaseError": {
                    "executed_lines": [
                        132,
                        134,
                        135,
                        138,
                        139,
                        140,
                        141,
                        142,
                        144,
                        145,
                        150,
                        151,
                        152,
                        153,
                        154,
                        155,
                        167,
                        168,
                        176,
                        179,
                        182,
                        185,
                        191,
                        192,
                        202,
                        203,
                        204
                    ],
                    "summary": {
                        "covered_lines": 27,
                        "num_statements": 33,
                        "percent_covered": 83.6734693877551,
                        "percent_covered_display": "84",
                        "missing_lines": 6,
                        "excluded_lines": 0,
                        "num_branches": 16,
                        "num_partial_branches": 0,
                        "covered_branches": 14,
                        "missing_branches": 2
                    },
                    "missing_lines": [
                        188,
                        195,
                        196,
                        197,
                        198,
                        199
                    ],
                    "excluded_lines": [],
                    "executed_branches": [
                        [
                            132,
                            134
                        ],
                        [
                            132,
                            138
                        ],
                        [
                            150,
                            -112
                        ],
                        [
                            150,
                            151
                        ],
                        [
                            152,
                            153
                        ],
                        [
                            152,
                            154
                        ],
                        [
                            167,
                            168
                        ],
                        [
                            167,
                            176
                        ],
                        [
                            168,
                            -168
                        ],
                        [
                            168,
                            -157
                        ],
                        [
                            168,
                            168
                        ],
                        [
                            191,
                            -191
                        ],
                        [
                            191,
                            191
                        ],
                        [
                            191,
                            192
                        ],
                        [
                            202,
                            203
                        ],
                        [
                            202,
                            204
                        ]
                    ],
                    "missing_branches": [
                        [
                            196,
                            197
                        ],
                        [
                            196,
                            199
                        ]
                    ]
                },
                "ParseError": {
                    "executed_lines": [],
                    "summary": {
                        "covered_lines": 0,
                        "num_statements": 0,
                        "percent_covered": 100.0,
                        "percent_covered_display": "100",
                        "missing_lines": 0,
                        "excluded_lines": 0,
                        "num_branches": 0,
                        "num_partial_branches": 0,
                        "covered_branches": 0,
                        "missing_branches": 0
                    },
                    "missing_lines": [],
                    "excluded_lines": [],
                    "executed_branches": [],
                    "missing_branches": []
                },
                "ValidationError": {
                    "executed_lines": [],
                    "summary": {
                        "covered_lines": 0,
                        "num_statements": 0,
                        "percent_covered": 100.0,
                        "percent_covered_display": "100",
                        "missing_lines": 0,
                        "excluded_lines": 0,
                        "num_branches": 0,
                        "num_partial_branches": 0,
                        "covered_branches": 0,
                        "missing_branches": 0
                    },
                    "missing_lines": [],
                    "excluded_lines": [],
                    "executed_branches": [],
                    "missing_branches": []
                },
                "ValidationResult": {
                    "executed_lines": [
                        239,
                        240,
                        241,
                        244,
                        245,
                        248
                    ],
                    "summary": {
                        "covered_lines": 6,
                        "num_statements": 10,
                        "percent_covered": 50.0,
                        "percent_covered_display": "50",
                        "missing_lines": 4,
                        "excluded_lines": 0,
                        "num_branches": 2,
                        "num_partial_branches": 0,
                        "covered_branches": 0,
                        "missing_branches": 2
                    },
                    "missing_lines": [
                        251,
                        252,
                        253,
                        254
                    ],
                    "excluded_lines": [],
                    "executed_branches": [],
                    "missing_branches": [
                        [
                            252,
                            253
                        ],
                        [
                            252,
                            254
                        ]
                    ]
                },
                "": {
                    "executed_lines": [
                        1,
                        2,
                        5,
                        6,
                        11,
                        19,
                        24,
                        25,
                        29,
                        72,
                        81,
                        85,
                        97,
                        98,
                        112,
                        157,
                        178,
                        181,
                        184,
                        187,
                        190,
                        194,
                        201,
                        207,
                        208,
                        213,
                        214,
                        219,
                        220,
                        227,
                        243,
                        247,
                        250
                    ],
                    "summary": {
                        "covered_lines": 28,
                        "num_statements": 28,
                        "percent_covered": 100.0,
                        "percent_covered_display": "100",
                        "missing_lines": 0,
                        "excluded_lines": 0,
                        "num_branches": 0,
                        "num_partial_branches": 0,
                        "covered_branches": 0,
                        "missing_branches": 0
                    },
                    "missing_lines": [],
                    "excluded_lines": [],
                    "executed_branches": [],
                    "missing_branches": []
                }
            }
        },
        "typesystem/composites.py": {
            "executed_lines": [
                3,
                5,
                8,
                9,
                13,
                15,
                16,
                17,
                19,
                20,
                23,
                24,
                31,
                36,
                37,
                38,
                39,
                41,
                42,
                43,
                44,
                45,
                46,
                47,
                48,
                50,
                51,
                52,
                53,
                54,
                57,
                58,
                65,
                66,
                67,
                68,
                70,
                71,
                72,
                73,
                76,
                77,
                83,
                85,
                86,
                87,
                88,
                90,
                91,
                92,
                93,
                94,
                97,
                98,
                104,
                117
            ],
            "summary": {
                "covered_lines": 51,
                "num_statements": 60,
                "percent_covered": 85.13513513513513,
                "percent_covered_display": "85",
                "missing_lines": 9,
                "excluded_lines": 0,
                "num_branches": 14,
                "num_partial_branches": 0,
                "covered_branches": 12,
                "missing_branches": 2
            },
            "missing_lines": [
                111,
                112,
                113,
                114,
                115,
                118,
                119,
                120,
                122
            ],
            "excluded_lines": [],
            "executed_branches": [
                [
                    44,
                    45
                ],
                [
                    44,
                    50
                ],
                [
                    46,
                    44
                ],
                [
                    46,
                    47
                ],
                [
                    50,
                    51
                ],
                [
                    50,
                    52
                ],
                [
                    52,
                    53
                ],
                [
                    52,
                    54
                ],
                [
                    71,
                    72
                ],
                [
                    71,
                    73
                ],
                [
                    92,
                    93
                ],
                [
                    92,
                    94
                ]
            ],
            "missing_branches": [
                [
                    119,
                    120
                ],
                [
                    119,
                    122
                ]
            ],
            "functions": {
                "NeverMatch.__init__": {
                    "executed_lines": [
                        16,
                        17
                    ],
                    "summary": {
                        "covered_lines": 2,
                        "num_statements": 2,
                        "percent_covered": 100.0,
                        "percent_covered_display": "100",
                        "missing_lines": 0,
                        "excluded_lines": 0,
                        "num_branches": 0,
                        "num_partial_branches": 0,
                        "covered_branches": 0,
                        "missing_branches": 0
                    },
                    "missing_lines": [],
                    "excluded_lines": [],
                    "executed_branches": [],
                    "missing_branches": []
                },
                "NeverMatch.validate": {
                    "executed_lines": [
                        20
                    ],
                    "summary": {
                        "covered_lines": 1,
                        "num_statements": 1,
                        "percent_covered": 100.0,
                        "percent_covered_display": "100",
                        "missing_lines": 0,
                        "excluded_lines": 0,
                        "num_branches": 0,
                        "num_partial_branches": 0,
                        "covered_branches": 0,
                        "missing_branches": 0
                    },
                    "missing_lines": [],
                    "excluded_lines": [],
                    "executed_branches": [],
                    "missing_branches": []
                },
                "OneOf.__init__": {
                    "executed_lines": [
                        37,
                        38,
                        39
                    ],
                    "summary": {
                        "covered_lines": 3,
                        "num_statements": 3,
                        "percent_covered": 100.0,
                        "percent_covered_display": "100",
                        "missing_lines": 0,
                        "excluded_lines": 0,
                        "num_branches": 0,
                        "num_partial_branches": 0,
                        "covered_branches": 0,
                        "missing_branches": 0
                    },
                    "missing_lines": [],
                    "excluded_lines": [],
                    "executed_branches": [],
                    "missing_branches": []
                },
                "OneOf.validate": {
                    "executed_lines": [
                        42,
                        43,
                        44,
                        45,
                        46,
                        47,
                        48,
                        50,
                        51,
                        52,
                        53,
                        54
                    ],
                    "summary": {
                        "covered_lines": 12,
                        "num_statements": 12,
                        "percent_covered": 100.0,
                        "percent_covered_display": "100",
                        "missing_lines": 0,
                        "excluded_lines": 0,
                        "num_branches": 8,
                        "num_partial_branches": 0,
                        "covered_branches": 8,
                        "missing_branches": 0
                    },
                    "missing_lines": [],
                    "excluded_lines": [],
                    "executed_branches": [
                        [
                            44,
                            45
                        ],
                        [
                            44,
                            50
                        ],
                        [
                            46,
                            44
                        ],
                        [
                            46,
                            47
                        ],
                        [
                            50,
                            51
                        ],
                        [
                            50,
                            52
                        ],
                        [
                            52,
                            53
                        ],
                        [
                            52,
                            54
                        ]
                    ],
                    "missing_branches": []
                },
                "AllOf.__init__": {
                    "executed_lines": [
                        66,
                        67,
                        68
                    ],
                    "summary": {
                        "covered_lines": 3,
                        "num_statements": 3,
                        "percent_covered": 100.0,
                        "percent_covered_display": "100",
                        "missing_lines": 0,
                        "excluded_lines": 0,
                        "num_branches": 0,
                        "num_partial_branches": 0,
                        "covered_branches": 0,
                        "missing_branches": 0
                    },
                    "missing_lines": [],
                    "excluded_lines": [],
                    "executed_branches": [],
                    "missing_branches": []
                },
                "AllOf.validate": {
                    "executed_lines": [
                        71,
                        72,
                        73
                    ],
                    "summary": {
                        "covered_lines": 3,
                        "num_statements": 3,
                        "percent_covered": 100.0,
                        "percent_covered_display": "100",
                        "missing_lines": 0,
                        "excluded_lines": 0,
                        "num_branches": 2,
                        "num_partial_branches": 0,
                        "covered_branches": 2,
                        "missing_branches": 0
                    },
                    "missing_lines": [],
                    "excluded_lines": [],
                    "executed_branches": [
                        [
                            71,
                            72
                        ],
                        [
                            71,
                            73
                        ]
                    ],
                    "missing_branches": []
                },
                "Not.__init__": {
                    "executed_lines": [
                        86,
                        87,
                        88
                    ],
                    "summary": {
                        "covered_lines": 3,
                        "num_statements": 3,
                        "percent_covered": 100.0,
                        "percent_covered_display": "100",
                        "missing_lines": 0,
                        "excluded_lines": 0,
                        "num_branches": 0,
                        "num_partial_branches": 0,
                        "covered_branches": 0,
                        "missing_branches": 0
                    },
                    "missing_lines": [],
                    "excluded_lines": [],
                    "executed_branches": [],
                    "missing_branches": []
                },
                "Not.validate": {
                    "executed_lines": [
                        91,
                        92,
                        93,
                        94
                    ],
                    "summary": {
                        "covered_lines": 4,
                        "num_statements": 4,
                        "percent_covered": 100.0,
                        "percent_covered_display": "100",
                        "missing_lines": 0,
                        "excluded_lines": 0,
                        "num_branches": 2,
                        "num_partial_branches": 0,
                        "covered_branches": 2,
                        "missing_branches": 0
                    },
                    "missing_lines": [],
                    "excluded_lines": [],
                    "executed_branches": [
                        [
                            92,
                            93
                        ],
                        [
                            92,
                            94
                        ]
                    ],
                    "missing_branches": []
                },
                "IfThenElse.__init__": {
                    "executed_lines": [],
                    "summary": {
                        "covered_lines": 0,
                        "num_statements": 5,
                        "percent_covered": 0.0,
                        "percent_covered_display": "0",
                        "missing_lines": 5,
                        "excluded_lines": 0,
                        "num_branches": 0,
                        "num_partial_branches": 0,
                        "covered_branches": 0,
                        "missing_branches": 0
                    },
                    "missing_lines": [
                        111,
                        112,
                        113,
                        114,
                        115
                    ],
                    "excluded_lines": [],
                    "executed_branches": [],
                    "missing_branches": []
                },
                "IfThenElse.validate": {
                    "executed_lines": [],
                    "summary": {
                        "covered_lines": 0,
                        "num_statements": 4,
                        "percent_covered": 0.0,
                        "percent_covered_display": "0",
                        "missing_lines": 4,
                        "excluded_lines": 0,
                        "num_branches": 2,
                        "num_partial_branches": 0,
                        "covered_branches": 0,
                        "missing_branches": 2
                    },
                    "missing_lines": [
                        118,
                        119,
                        120,
                        122
                    ],
                    "excluded_lines": [],
                    "executed_branches": [],
                    "missing_branches": [
                        [
                            119,
                            120
                        ],
                        [
                            119,
                            122
                        ]
                    ]
                },
                "": {
                    "executed_lines": [
                        3,
                        5,
                        8,
                        9,
                        13,
                        15,
                        19,
                        23,
                        24,
                        31,
                        36,
                        41,
                        57,
                        58,
                        65,
                        70,
                        76,
                        77,
                        83,
                        85,
                        90,
                        97,
                        98,
                        104,
                        117
                    ],
                    "summary": {
                        "covered_lines": 20,
                        "num_statements": 20,
                        "percent_covered": 100.0,
                        "percent_covered_display": "100",
                        "missing_lines": 0,
                        "excluded_lines": 0,
                        "num_branches": 0,
                        "num_partial_branches": 0,
                        "covered_branches": 0,
                        "missing_branches": 0
                    },
                    "missing_lines": [],
                    "excluded_lines": [],
                    "executed_branches": [],
                    "missing_branches": []
                }
            },
            "classes": {
                "NeverMatch": {
                    "executed_lines": [
                        16,
                        17,
                        20
                    ],
                    "summary": {
                        "covered_lines": 3,
                        "num_statements": 3,
                        "percent_covered": 100.0,
                        "percent_covered_display": "100",
                        "missing_lines": 0,
                        "excluded_lines": 0,
                        "num_branches": 0,
                        "num_partial_branches": 0,
                        "covered_branches": 0,
                        "missing_branches": 0
                    },
                    "missing_lines": [],
                    "excluded_lines": [],
                    "executed_branches": [],
                    "missing_branches": []
                },
                "OneOf": {
                    "executed_lines": [
                        37,
                        38,
                        39,
                        42,
                        43,
                        44,
                        45,
                        46,
                        47,
                        48,
                        50,
                        51,
                        52,
                        53,
                        54
                    ],
                    "summary": {
                        "covered_lines": 15,
                        "num_statements": 15,
                        "percent_covered": 100.0,
                        "percent_covered_display": "100",
                        "missing_lines": 0,
                        "excluded_lines": 0,
                        "num_branches": 8,
                        "num_partial_branches": 0,
                        "covered_branches": 8,
                        "missing_branches": 0
                    },
                    "missing_lines": [],
                    "excluded_lines": [],
                    "executed_branches": [
                        [
                            44,
                            45
                        ],
                        [
                            44,
                            50
                        ],
                        [
                            46,
                            44
                        ],
                        [
                            46,
                            47
                        ],
                        [
                            50,
                            51
                        ],
                        [
                            50,
                            52
                        ],
                        [
                            52,
                            53
                        ],
                        [
                            52,
                            54
                        ]
                    ],
                    "missing_branches": []
                },
                "AllOf": {
                    "executed_lines": [
                        66,
                        67,
                        68,
                        71,
                        72,
                        73
                    ],
                    "summary": {
                        "covered_lines": 6,
                        "num_statements": 6,
                        "percent_covered": 100.0,
                        "percent_covered_display": "100",
                        "missing_lines": 0,
                        "excluded_lines": 0,
                        "num_branches": 2,
                        "num_partial_branches": 0,
                        "covered_branches": 2,
                        "missing_branches": 0
                    },
                    "missing_lines": [],
                    "excluded_lines": [],
                    "executed_branches": [
                        [
                            71,
                            72
                        ],
                        [
                            71,
                            73
                        ]
                    ],
                    "missing_branches": []
                },
                "Not": {
                    "executed_lines": [
                        86,
                        87,
                        88,
                        91,
                        92,
                        93,
                        94
                    ],
                    "summary": {
                        "covered_lines": 7,
                        "num_statements": 7,
                        "percent_covered": 100.0,
                        "percent_covered_display": "100",
                        "missing_lines": 0,
                        "excluded_lines": 0,
                        "num_branches": 2,
                        "num_partial_branches": 0,
                        "covered_branches": 2,
                        "missing_branches": 0
                    },
                    "missing_lines": [],
                    "excluded_lines": [],
                    "executed_branches": [
                        [
                            92,
                            93
                        ],
                        [
                            92,
                            94
                        ]
                    ],
                    "missing_branches": []
                },
                "IfThenElse": {
                    "executed_lines": [],
                    "summary": {
                        "covered_lines": 0,
                        "num_statements": 9,
                        "percent_covered": 0.0,
                        "percent_covered_display": "0",
                        "missing_lines": 9,
                        "excluded_lines": 0,
                        "num_branches": 2,
                        "num_partial_branches": 0,
                        "covered_branches": 0,
                        "missing_branches": 2
                    },
                    "missing_lines": [
                        111,
                        112,
                        113,
                        114,
                        115,
                        118,
                        119,
                        120,
                        122
                    ],
                    "excluded_lines": [],
                    "executed_branches": [],
                    "missing_branches": [
                        [
                            119,
                            120
                        ],
                        [
                            119,
                            122
                        ]
                    ]
                },
                "": {
                    "executed_lines": [
                        3,
                        5,
                        8,
                        9,
                        13,
                        15,
                        19,
                        23,
                        24,
                        31,
                        36,
                        41,
                        57,
                        58,
                        65,
                        70,
                        76,
                        77,
                        83,
                        85,
                        90,
                        97,
                        98,
                        104,
                        117
                    ],
                    "summary": {
                        "covered_lines": 20,
                        "num_statements": 20,
                        "percent_covered": 100.0,
                        "percent_covered_display": "100",
                        "missing_lines": 0,
                        "excluded_lines": 0,
                        "num_branches": 0,
                        "num_partial_branches": 0,
                        "covered_branches": 0,
                        "missing_branches": 0
                    },
                    "missing_lines": [],
                    "excluded_lines": [],
                    "executed_branches": [],
                    "missing_branches": []
                }
            }
        },
        "typesystem/fields.py": {
            "executed_lines": [
                1,
                2,
                3,
                4,
                6,
                7,
                8,
                10,
                12,
                20,
                21,
                22,
                24,
                32,
                33,
                35,
                36,
                38,
                39,
                41,
                42,
                43,
                47,
                48,
                50,
                53,
                56,
                57,
                58,
                59,
                60,
                62,
                63,
                65,
                66,
                68,
                69,
                70,
                71,
                72,
                74,
                75,
                76,
                78,
                79,
                81,
                82,
                83,
                85,
                87,
                88,
                90,
                92,
                95,
                96,
                106,
                117,
                119,
                120,
                121,
                122,
                124,
                125,
                127,
                128,
                129,
                130,
                131,
                133,
                134,
                135,
                136,
                137,
                138,
                140,
                141,
                143,
                144,
                146,
                149,
                151,
                153,
                154,
                157,
                160,
                161,
                163,
                169,
                170,
                171,
                173,
                177,
                181,
                182,
                184,
                186,
                187,
                189,
                192,
                193,
                194,
                206,
                217,
                219,
                220,
                221,
                224,
                227,
                231,
                232,
                233,
                234,
                235,
                236,
                238,
                239,
                241,
                243,
                245,
                246,
                247,
                252,
                253,
                256,
                257,
                259,
                260,
                261,
                262,
                263,
                265,
                269,
                278,
                279,
                281,
                284,
                285,
                287,
                290,
                298,
                301,
                302,
                305,
                306,
                309,
                310,
                312,
                313,
                316,
                317,
                318,
                329,
                331,
                332,
                335,
                338,
                339,
                342,
                343,
                345,
                348,
                349,
                350,
                351,
                356,
                357,
                363,
                369,
                370,
                374,
                376,
                377,
                379,
                381,
                382,
                386,
                387,
                390,
                391,
                402,
                414,
                416,
                420,
                421,
                424,
                425,
                427,
                428,
                429,
                430,
                431,
                434,
                435,
                436,
                438,
                439,
                440,
                441,
                442,
                443,
                444,
                446,
                447,
                449,
                451,
                452,
                550,
                551,
                562,
                572,
                574,
                576,
                581,
                582,
                583,
                584,
                586,
                587,
                588,
                589,
                590,
                592,
                593,
                594,
                596,
                597,
                598,
                599,
                600,
                602,
                603,
                605,
                607,
                608,
                661,
                662,
                665,
                666,
                671,
                674,
                677,
                678,
                682,
                683,
                684,
                687,
                688,
                689,
                692,
                693,
                694,
                697,
                698,
                700,
                701,
                703,
                704,
                705,
                707,
                708,
                710,
                713,
                714,
                715,
                716,
                717,
                721,
                722,
                727,
                729,
                732,
                733,
                736,
                737,
                741,
                742,
                745,
                746,
                750,
                752,
                753,
                754,
                755,
                757,
                758,
                759,
                760,
                761,
                762
            ],
            "summary": {
                "covered_lines": 287,
                "num_statements": 441,
                "percent_covered": 58.01418439716312,
                "percent_covered_display": "58",
                "missing_lines": 154,
                "excluded_lines": 1,
                "num_branches": 264,
                "num_partial_branches": 38,
                "covered_branches": 122,
                "missing_branches": 142
            },
            "missing_lines": [
                145,
                148,
                150,
                152,
                164,
                166,
                167,
                174,
                175,
                178,
                179,
                188,
                240,
                242,
                244,
                254,
                267,
                270,
                271,
                272,
                273,
                276,
                282,
                288,
                291,
                292,
                293,
                295,
                296,
                333,
                336,
                340,
                346,
                353,
                378,
                380,
                383,
                384,
                385,
                417,
                418,
                448,
                450,
                454,
                455,
                458,
                459,
                460,
                461,
                462,
                463,
                464,
                465,
                466,
                467,
                468,
                471,
                472,
                473,
                474,
                476,
                477,
                478,
                479,
                482,
                483,
                484,
                485,
                486,
                489,
                490,
                491,
                492,
                493,
                494,
                495,
                496,
                497,
                499,
                502,
                503,
                504,
                505,
                506,
                507,
                510,
                511,
                513,
                516,
                517,
                521,
                525,
                526,
                527,
                528,
                529,
                530,
                531,
                532,
                533,
                534,
                535,
                536,
                537,
                538,
                539,
                540,
                542,
                544,
                545,
                547,
                604,
                606,
                610,
                615,
                616,
                617,
                618,
                619,
                620,
                621,
                624,
                625,
                626,
                627,
                629,
                630,
                631,
                632,
                633,
                634,
                635,
                636,
                637,
                639,
                640,
                642,
                643,
                644,
                646,
                648,
                649,
                650,
                651,
                652,
                654,
                656,
                657,
                659,
                663,
                672,
                679,
                709,
                711
            ],
            "excluded_lines": [
                51
            ],
            "executed_branches": [
                [
                    35,
                    36
                ],
                [
                    35,
                    38
                ],
                [
                    38,
                    39
                ],
                [
                    38,
                    41
                ],
                [
                    70,
                    71
                ],
                [
                    70,
                    72
                ],
                [
                    82,
                    83
                ],
                [
                    82,
                    85
                ],
                [
                    87,
                    88
                ],
                [
                    87,
                    90
                ],
                [
                    124,
                    125
                ],
                [
                    124,
                    127
                ],
                [
                    133,
                    134
                ],
                [
                    133,
                    136
                ],
                [
                    136,
                    137
                ],
                [
                    136,
                    140
                ],
[...]
                        ],
                        [
                            45,
                            47
                        ]
                    ],
                    "missing_branches": []
                },
                "ScalarToken": {
                    "executed_lines": [
                        76,
                        79
                    ],
                    "summary": {
                        "covered_lines": 2,
                        "num_statements": 2,
                        "percent_covered": 100.0,
                        "percent_covered_display": "100",
                        "missing_lines": 0,
                        "excluded_lines": 0,
                        "num_branches": 0,
                        "num_partial_branches": 0,
                        "covered_branches": 0,
                        "missing_branches": 0
                    },
                    "missing_lines": [],
                    "excluded_lines": [],
                    "executed_branches": [],
                    "missing_branches": []
                },
                "DictToken": {
                    "executed_lines": [
                        84,
                        85,
                        86
                    ],
                    "summary": {
                        "covered_lines": 3,
                        "num_statements": 6,
                        "percent_covered": 58.333333333333336,
                        "percent_covered_display": "58",
                        "missing_lines": 3,
                        "excluded_lines": 0,
                        "num_branches": 6,
                        "num_partial_branches": 0,
                        "covered_branches": 4,
                        "missing_branches": 2
                    },
                    "missing_lines": [
                        89,
                        95,
                        98
                    ],
                    "excluded_lines": [],
                    "executed_branches": [
                        [
                            85,
                            -85
                        ],
                        [
                            85,
                            85
                        ],
                        [
                            85,
                            86
                        ],
                        [
                            86,
                            -86
                        ],
                        [
                            86,
                            -83
                        ],
                        [
                            86,
                            86
                        ]
                    ],
                    "missing_branches": [
                        [
                            89,
                            -89
                        ],
                        [
                            89,
                            -88
                        ]
                    ]
                },
                "ListToken": {
                    "executed_lines": [
                        103,
                        106
                    ],
                    "summary": {
                        "covered_lines": 2,
                        "num_statements": 2,
                        "percent_covered": 100.0,
                        "percent_covered_display": "100",
                        "missing_lines": 0,
                        "excluded_lines": 0,
                        "num_branches": 2,
                        "num_partial_branches": 0,
                        "covered_branches": 2,
                        "missing_branches": 0
                    },
                    "missing_lines": [],
                    "excluded_lines": [],
                    "executed_branches": [
                        [
                            103,
                            -103
                        ],
                        [
                            103,
                            -102
                        ],
                        [
                            103,
                            103
                        ]
                    ],
                    "missing_branches": []
                },
                "": {
                    "executed_lines": [
                        1,
                        3,
                        6,
                        7,
                        15,
                        18,
                        21,
                        24,
                        25,
                        28,
                        29,
                        32,
                        33,
                        36,
                        37,
                        40,
                        49,
                        56,
                        63,
                        66,
                        74,
                        75,
                        78,
                        82,
                        83,
                        88,
                        94,
                        97,
                        101,
                        102,
                        105
                    ],
                    "summary": {
                        "covered_lines": 31,
                        "num_statements": 31,
                        "percent_covered": 100.0,
                        "percent_covered_display": "100",
                        "missing_lines": 0,
                        "excluded_lines": 0,
                        "num_branches": 0,
                        "num_partial_branches": 0,
                        "covered_branches": 0,
                        "missing_branches": 0
                    },
                    "missing_lines": [],
                    "excluded_lines": [],
                    "executed_branches": [],
                    "missing_branches": []
                }
            }
        },
        "typesystem/unique.py": {
            "executed_lines": [
                1,
                4,
                5,
                12,
                13,
                15,
                16,
                17,
                18,
                20,
                21,
                22,
                24,
                25,
                26,
                28,
                34,
                38,
                40,
                41,
                43,
                44,
                46,
                47,
                49,
                59
            ],
            "summary": {
                "covered_lines": 25,
                "num_statements": 25,
                "percent_covered": 100.0,
                "percent_covered_display": "100",
                "missing_lines": 0,
                "excluded_lines": 0,
                "num_branches": 14,
                "num_partial_branches": 0,
                "covered_branches": 14,
                "missing_branches": 0
            },
            "missing_lines": [],
            "excluded_lines": [],
            "executed_branches": [
                [
                    17,
                    -15
                ],
                [
                    17,
                    18
                ],
                [
                    38,
                    40
                ],
                [
                    38,
                    41
                ],
                [
                    41,
                    43
                ],
                [
                    41,
                    44
                ],
                [
                    44,
                    46
                ],
                [
                    44,
                    47
                ],
                [
                    46,
                    -46
                ],
                [
                    46,
                    -28
                ],
                [
                    46,
                    46
                ],
                [
                    47,
                    49
                ],
                [
                    47,
                    59
                ],
                [
                    49,
                    -49
                ],
                [
                    49,
                    -28
                ],
                [
                    49,
                    49
                ]
            ],
            "missing_branches": [],
            "functions": {
                "Uniqueness.__init__": {
                    "executed_lines": [
                        16,
                        17,
                        18
                    ],
                    "summary": {
                        "covered_lines": 3,
                        "num_statements": 3,
                        "percent_covered": 100.0,
                        "percent_covered_display": "100",
                        "missing_lines": 0,
                        "excluded_lines": 0,
                        "num_branches": 2,
                        "num_partial_branches": 0,
                        "covered_branches": 2,
                        "missing_branches": 0
                    },
                    "missing_lines": [],
                    "excluded_lines": [],
                    "executed_branches": [
                        [
                            17,
                            -15
                        ],
                        [
                            17,
                            18
                        ]
                    ],
                    "missing_branches": []
                },
                "Uniqueness.__contains__": {
                    "executed_lines": [
                        21,
                        22
                    ],
                    "summary": {
                        "covered_lines": 2,
                        "num_statements": 2,
                        "percent_covered": 100.0,
                        "percent_covered_display": "100",
                        "missing_lines": 0,
                        "excluded_lines": 0,
                        "num_branches": 0,
                        "num_partial_branches": 0,
                        "covered_branches": 0,
                        "missing_branches": 0
                    },
                    "missing_lines": [],
                    "excluded_lines": [],
                    "executed_branches": [],
                    "missing_branches": []
                },
                "Uniqueness.add": {
                    "executed_lines": [
                        25,
                        26
                    ],
                    "summary": {
                        "covered_lines": 2,
                        "num_statements": 2,
                        "percent_covered": 100.0,
                        "percent_covered_display": "100",
                        "missing_lines": 0,
                        "excluded_lines": 0,
                        "num_branches": 0,
                        "num_partial_branches": 0,
                        "covered_branches": 0,
                        "missing_branches": 0
                    },
                    "missing_lines": [],
                    "excluded_lines": [],
                    "executed_branches": [],
                    "missing_branches": []
                },
                "Uniqueness.make_hashable": {
                    "executed_lines": [
                        34,
                        38,
                        40,
                        41,
                        43,
                        44,
                        46,
                        47,
                        49,
                        59
                    ],
                    "summary": {
                        "covered_lines": 10,
                        "num_statements": 10,
                        "percent_covered": 100.0,
                        "percent_covered_display": "100",
                        "missing_lines": 0,
                        "excluded_lines": 0,
                        "num_branches": 12,
                        "num_partial_branches": 0,
                        "covered_branches": 12,
                        "missing_branches": 0
                    },
                    "missing_lines": [],
                    "excluded_lines": [],
                    "executed_branches": [
                        [
                            38,
                            40
                        ],
                        [
                            38,
                            41
                        ],
                        [
                            41,
                            43
                        ],
                        [
                            41,
                            44
                        ],
                        [
                            44,
                            46
                        ],
                        [
                            44,
                            47
                        ],
                        [
                            46,
                            -46
                        ],
                        [
                            46,
                            -28
                        ],
                        [
                            46,
                            46
                        ],
                        [
                            47,
                            49
                        ],
                        [
                            47,
                            59
                        ],
                        [
                            49,
                            -49
                        ],
                        [
                            49,
                            -28
                        ],
                        [
                            49,
                            49
                        ]
                    ],
                    "missing_branches": []
                },
                "": {
                    "executed_lines": [
                        1,
                        4,
                        5,
                        12,
                        13,
                        15,
                        20,
                        24,
                        28
                    ],
                    "summary": {
                        "covered_lines": 8,
                        "num_statements": 8,
                        "percent_covered": 100.0,
                        "percent_covered_display": "100",
                        "missing_lines": 0,
                        "excluded_lines": 0,
                        "num_branches": 0,
                        "num_partial_branches": 0,
                        "covered_branches": 0,
                        "missing_branches": 0
                    },
                    "missing_lines": [],
                    "excluded_lines": [],
                    "executed_branches": [],
                    "missing_branches": []
                }
            },
            "classes": {
                "Uniqueness": {
                    "executed_lines": [
                        16,
                        17,
                        18,
                        21,
                        22,
                        25,
                        26,
                        34,
                        38,
                        40,
                        41,
                        43,
                        44,
                        46,
                        47,
                        49,
                        59
                    ],
                    "summary": {
                        "covered_lines": 17,
                        "num_statements": 17,
                        "percent_covered": 100.0,
                        "percent_covered_display": "100",
                        "missing_lines": 0,
                        "excluded_lines": 0,
                        "num_branches": 14,
                        "num_partial_branches": 0,
                        "covered_branches": 14,
                        "missing_branches": 0
                    },
                    "missing_lines": [],
                    "excluded_lines": [],
                    "executed_branches": [
                        [
                            17,
                            -15
                        ],
                        [
                            17,
                            18
                        ],
                        [
                            38,
                            40
                        ],
                        [
                            38,
                            41
                        ],
                        [
                            41,
                            43
                        ],
                        [
                            41,
                            44
                        ],
                        [
                            44,
                            46
                        ],
                        [
                            44,
                            47
                        ],
                        [
                            46,
                            -46
                        ],
                        [
                            46,
                            -28
                        ],
                        [
                            46,
                            46
                        ],
                        [
                            47,
                            49
                        ],
                        [
                            47,
                            59
                        ],
                        [
                            49,
                            -49
                        ],
                        [
                            49,
                            -28
                        ],
                        [
                            49,
                            49
                        ]
                    ],
                    "missing_branches": []
                },
                "": {
                    "executed_lines": [
                        1,
                        4,
                        5,
                        12,
                        13,
                        15,
                        20,
                        24,
                        28
                    ],
                    "summary": {
                        "covered_lines": 8,
                        "num_statements": 8,
                        "percent_covered": 100.0,
                        "percent_covered_display": "100",
                        "missing_lines": 0,
                        "excluded_lines": 0,
                        "num_branches": 0,
                        "num_partial_branches": 0,
                        "covered_branches": 0,
                        "missing_branches": 0
                    },
                    "missing_lines": [],
                    "excluded_lines": [],
                    "executed_branches": [],
                    "missing_branches": []
                }
            }
        }
    },
    "totals": {
        "covered_lines": 993,
        "num_statements": 1520,
        "percent_covered": 59.757738896366085,
        "percent_covered_display": "60",
        "missing_lines": 527,
        "excluded_lines": 15,
        "num_branches": 709,
        "num_partial_branches": 56,
        "covered_branches": 339,
        "missing_branches": 370
    }
}