{"meta": {"format": 3, "version": "7.6.1", "timestamp": "2025-08-09T00:49:30.588294", "branch_coverage": true, "show_contexts": false}, "files": {"isort/__init__.py": {"executed_lines": [1, 2, 3, 4, 5, 6, 16, 17, 18, 19], "summary": {"covered_lines": 9, "num_statements": 9, "percent_covered": 100.0, "percent_covered_display": "100", "missing_lines": 0, "excluded_lines": 0, "num_branches": 0, "num_partial_branches": 0, "covered_branches": 0, "missing_branches": 0}, "missing_lines": [], "excluded_lines": [], "executed_branches": [], "missing_branches": [], "functions": {"": {"executed_lines": [1, 2, 3, 4, 5, 6, 16, 17, 18, 19], "summary": {"covered_lines": 9, "num_statements": 9, "percent_covered": 100.0, "percent_covered_display": "100", "missing_lines": 0, "excluded_lines": 0, "num_branches": 0, "num_partial_branches": 0, "covered_branches": 0, "missing_branches": 0}, "missing_lines": [], "excluded_lines": [], "executed_branches": [], "missing_branches": []}}, "classes": {"": {"executed_lines": [1, 2, 3, 4, 5, 6, 16, 17, 18, 19], "summary": {"covered_lines": 9, "num_statements": 9, "percent_covered": 100.0, "percent_covered_display": "100", "missing_lines": 0, "excluded_lines": 0, "num_branches": 0, "num_partial_branches": 0, "covered_branches": 0, "missing_branches": 0}, "missing_lines": [], "excluded_lines": [], "executed_branches": [], "missing_branches": []}}}, "isort/__main__.py": {"executed_lines": [], "summary": {"covered_lines": 0, "num_statements": 2, "percent_covered": 0.0, "percent_covered_display": "0", "missing_lines": 2, "excluded_lines": 0, "num_branches": 0, "num_partial_branches": 0, "covered_branches": 0, "missing_branches": 0}, "missing_lines": [1, 3], "excluded_lines": [], "executed_branches": [], "missing_branches": [], "functions": {"": {"executed_lines": [], "summary": {"covered_lines": 0, "num_statements": 2, "percent_covered": 0.0, "percent_covered_display": "0", "missing_lines": 2, "excluded_lines": 0, "num_branches": 0, "num_partial_branches": 0, "covered_branches": 0, "missing_branches": 0}, "missing_lines": [1, 3], "excluded_lines": [], "executed_branches": [], "missing_branches": []}}, "classes": {"": {"executed_lines": [], "summary": {"covered_lines": 0, "num_statements": 2, "percent_covered": 0.0, "percent_covered_display": "0", "missing_lines": 2, "excluded_lines": 0, "num_branches": 0, "num_partial_branches": 0, "covered_branches": 0, "missing_branches": 0}, "missing_lines": [1, 3], "excluded_lines": [], "executed_branches": [], "missing_branches": []}}}, "isort/_future/__init__.py": {"executed_lines": [1, 3, 7, 9, 10, 12], "summary": {"covered_lines": 6, "num_statements": 7, "percent_covered": 77.77777777777777, "percent_covered_display": "78", "missing_lines": 1, "excluded_lines": 0, "num_branches": 2, "num_partial_branches": 1, "covered_branches": 1, "missing_branches": 1}, "missing_lines": [4], "excluded_lines": [], "executed_branches": [[3, 7]], "missing_branches": [[3, 4]], "functions": {"": {"executed_lines": [1, 3, 7, 9, 10, 12], "summary": {"covered_lines": 6, "num_statements": 7, "percent_covered": 77.77777777777777, "percent_covered_display": "78", "missing_lines": 1, "excluded_lines": 0, "num_branches": 2, "num_partial_branches": 1, "covered_branches": 1, "missing_branches": 1}, "missing_lines": [4], "excluded_lines": [], "executed_branches": [[3, 7]], "missing_branches": [[3, 4]]}}, "classes": {"": {"executed_lines": [1, 3, 7, 9, 10, 12], "summary": {"covered_lines": 6, "num_statements": 7, "percent_covered": 77.77777777777777, "percent_covered_display": "78", "missing_lines": 1, "excluded_lines": 0, "num_branches": 2, "num_partial_branches": 1, "covered_branches": 1, "missing_branches": 1}, "missing_lines": [4], "excluded_lines": [], "executed_branches": [[3, 7]], "missing_branches": [[3, 4]]}}}, "isort/_future/_dataclasses.py": {"executed_lines": [], "summary": {"covered_lines": 0, "num_statements": 352, "percent_covered": 0.0, "percent_covered_display": "0", "missing_lines": 352, "excluded_lines": 0, "num_branches": 212, "num_partial_branches": 0, "covered_branches": 0, "missing_branches": 212}, "missing_lines": [13, 14, 15, 16, 17, 18, 20, 163, 164, 170, 171, 172, 175, 179, 180, 183, 187, 190, 191, 192, 194, 195, 198, 199, 200, 204, 208, 212, 217, 220, 221, 222, 225, 226, 239, 240, 253, 254, 255, 256, 257, 258, 259, 260, 261, 262, 267, 269, 270, 293, 294, 295, 298, 301, 302, 304, 305, 306, 307, 308, 309, 310, 312, 313, 328, 350, 351, 352, 355, 361, 362, 364, 367, 371, 372, 373, 374, 375, 376, 377, 378, 381, 383, 384, 387, 394, 395, 396, 399, 403, 404, 405, 408, 409, 425, 426, 429, 430, 432, 433, 434, 435, 439, 444, 445, 448, 451, 456, 459, 460, 463, 464, 466, 467, 470, 478, 479, 481, 482, 483, 484, 485, 487, 489, 490, 491, 494, 495, 498, 499, 500, 503, 504, 506, 507, 517, 518, 529, 532, 533, 534, 537, 538, 562, 568, 579, 580, 581, 584, 587, 590, 593, 596, 637, 638, 639, 640, 641, 644, 647, 648, 649, 650, 651, 652, 655, 662, 663, 664, 666, 668, 669, 672, 673, 678, 694, 695, 696, 699, 703, 706, 707, 711, 718, 719, 720, 728, 729, 734, 737, 740, 741, 742, 743, 752, 753, 756, 757, 758, 761, 763, 775, 797, 802, 804, 810, 811, 812, 815, 816, 817, 818, 819, 820, 821, 835, 840, 841, 842, 848, 849, 856, 858, 861, 862, 863, 866, 868, 869, 872, 873, 877, 884, 885, 891, 892, 894, 896, 899, 900, 916, 918, 919, 920, 922, 925, 926, 927, 928, 930, 932, 933, 934, 935, 936, 937, 943, 944, 945, 946, 951, 952, 955, 957, 959, 961, 967, 980, 981, 984, 986, 989, 992, 999, 1000, 1001, 1002, 1006, 1009, 1011, 1014, 1017, 1020, 1035, 1036, 1037, 1040, 1041, 1042, 1043, 1044, 1045, 1046, 1047, 1048, 1049, 1050, 1054, 1057, 1072, 1073, 1074, 1077, 1078, 1079, 1080, 1081, 1082, 1083, 1084, 1085, 1086, 1087, 1092, 1095, 1125, 1126, 1129, 1133, 1134, 1135, 1136, 1137, 1138, 1139, 1140, 1144, 1145, 1146, 1148, 1150, 1151, 1152, 1153, 1154, 1155, 1157, 1158, 1160, 1163, 1164, 1169, 1184, 1185, 1190, 1191, 1193, 1194, 1199, 1201, 1202, 1209], "excluded_lines": [], "executed_branches": [], "missing_branches": [[295, -293], [295, 298], [350, 351], [350, 352], [361, 362], [361, 364], [364, -364], [364, -355], [371, 372], [371, 373], [374, 375], [374, 377], [378, -378], [378, 381], [394, 395], [394, 396], [404, 405], [404, 429], [405, 408], [405, 425], [429, 430], [429, 439], [430, 432], [430, 433], [433, 434], [433, 444], [444, 445], [444, 448], [456, 459], [456, 460], [460, 463], [460, 464], [464, 466], [464, 467], [479, 481], [479, 487], [481, 479], [481, 482], [482, 483], [482, 484], [484, 479], [484, 485], [490, 491], [490, 498], [494, 490], [494, 495], [498, 499], [498, 503], [499, -499], [499, 500], [503, 504], [503, 506], [506, -506], [506, 507], [507, -507], [507, -470], [518, -518], [518, -517], [533, 534], [533, 537], [534, -534], [534, 538], [638, 639], [638, 652], [641, 644], [641, 647], [648, 649], [648, 650], [650, 651], [650, 652], [663, 664], [663, 666], [666, 668], [666, 669], [695, 696], [695, 703], [696, 699], [696, 703], [703, 706], [703, 718], [707, 711], [707, 718], [718, 719], [718, 728], [719, 720], [719, 728], [728, 729], [728, 734], [740, 741], [740, 742], [757, -757], [757, 758], [812, 815], [812, 835], [816, 812], [816, 817], [818, 819], [818, 820], [820, 812], [820, 821], [840, -840], [840, 841], [841, 842], [841, 861], [848, 841], [848, 849], [849, 856], [849, 858], [861, 862], [861, 866], [862, 861], [862, 863], [866, 868], [866, 877], [868, 869], [868, 872], [872, 873], [872, 877], [891, 892], [891, 894], [894, 896], [894, 916], [899, -899], [899, 900], [916, -916], [916, 918], [918, 919], [918, 922], [919, -919], [919, 920], [922, 925], [922, 930], [925, -925], [925, 926], [930, 932], [930, 943], [932, -932], [932, 933], [935, 936], [935, 943], [936, 935], [936, 937], [943, 944], [943, 951], [944, 945], [944, 951], [945, 944], [945, 946], [952, 955], [952, 957], [957, 959], [957, 961], [984, 986], [984, 989], [1006, -1006], [1006, -992], [1035, 1036], [1035, 1037], [1041, 1042], [1041, 1047], [1043, 1044], [1043, 1046], [1047, 1048], [1047, 1049], [1048, -1048], [1048, -1040], [1049, 1050], [1049, 1054], [1050, -1050], [1050, -1040], [1072, 1073], [1072, 1074], [1078, 1079], [1078, 1084], [1080, 1081], [1080, 1083], [1084, 1085], [1084, 1086], [1085, -1085], [1085, -1077], [1086, 1087], [1086, 1092], [1087, -1087], [1087, -1077], [1125, 1126], [1125, 1129], [1135, 1136], [1135, 1160], [1136, 1137], [1136, 1139], [1139, 1140], [1139, 1144], [1144, 1145], [1144, 1148], [1150, 1151], [1150, 1152], [1152, 1153], [1152, 1154], [1154, 1155], [1154, 1157], [1163, -1163], [1163, 1164], [1184, 1185], [1184, 1190], [1190, 1191], [1190, 1209], [1191, 1193], [1191, 1201], [1193, 1194], [1193, 1199], [1201, 1190], [1201, 1202]], "functions": {"_HAS_DEFAULT_FACTORY_CLASS.__repr__": {"executed_lines": [], "summary": {"covered_lines": 0, "num_statements": 1, "percent_covered": 0.0, "percent_covered_display": "0", "missing_lines": 1, "excluded_lines": 0, "num_branches": 0, "num_partial_branches": 0, "covered_branches": 0, "missing_branches": 0}, "missing_lines": [172], "excluded_lines": [], "executed_branches": [], "missing_branches": []}, "_FIELD_BASE.__init__": {"executed_lines": [], "summary": {"covered_lines": 0, "num_statements": 1, "percent_covered": 0.0, "percent_covered_display": "0", "missing_lines": 1, "excluded_lines": 0, "num_branches": 0, "num_partial_branches": 0, "covered_branches": 0, "missing_branches": 0}, "missing_lines": [192], "excluded_lines": [], "executed_branches": [], "missing_branches": []}, "_FIELD_BASE.__repr__": {"executed_lines": [], "summary": {"covered_lines": 0, "num_statements": 1, "percent_covered": 0.0, "percent_covered_display": "0", "missing_lines": 1, "excluded_lines": 0, "num_branches": 0, "num_partial_branches": 0, "covered_branches": 0, "missing_branches": 0}, "missing_lines": [195], "excluded_lines": [], "executed_branches": [], "missing_branches": []}, "_InitVarMeta.__getitem__": {"executed_lines": [], "summary": {"covered_lines": 0, "num_statements": 1, "percent_covered": 0.0, "percent_covered_display": "0", "missing_lines": 1, "excluded_lines": 0, "num_branches": 0, "num_partial_branches": 0, "covered_branches": 0, "missing_branches": 0}, "missing_lines": [222], "excluded_lines": [], "executed_branches": [], "missing_branches": []}, "Field.__init__": {"executed_lines": [], "summary": {"covered_lines": 0, "num_statements": 10, "percent_covered": 0.0, "percent_covered_display": "0", "missing_lines": 10, "excluded_lines": 0, "num_branches": 0, "num_partial_branches": 0, "covered_branches": 0, "missing_branches": 0}, "missing_lines": [254, 255, 256, 257, 258, 259, 260, 261, 262, 267], "excluded_lines": [], "executed_branches": [], "missing_branches": []}, "Field.__repr__": {"executed_lines": [], "summary": {"covered_lines": 0, "num_statements": 1, "percent_covered": 0.0, "percent_covered_display": "0", "missing_lines": 1, "excluded_lines": 0, "num_branches": 0, "num_partial_branches": 0, "covered_branches": 0, "missing_branches": 0}, "missing_lines": [270], "excluded_lines": [], "executed_branches": [], "missing_branches": []}, "Field.__set_name__": {"executed_lines": [], "summary": {"covered_lines": 0, "num_statements": 3, "percent_covered": 0.0, "percent_covered_display": "0", "missing_lines": 3, "excluded_lines": 0, "num_branches": 2, "num_partial_branches": 0, "covered_branches": 0, "missing_branches": 2}, "missing_lines": [294, 295, 298], "excluded_lines": [], "executed_branches": [], "missing_branches": [[295, -293], [295, 298]]}, "_DataclassParams.__init__": {"executed_lines": [], "summary": {"covered_lines": 0, "num_statements": 6, "percent_covered": 0.0, "percent_covered_display": "0", "missing_lines": 6, "excluded_lines": 0, "num_branches": 0, "num_partial_branches": 0, "covered_branches": 0, "missing_branches": 0}, "missing_lines": [305, 306, 307, 308, 309, 310], "excluded_lines": [], "executed_branches": [], "missing_branches": []}, "_DataclassParams.__repr__": {"executed_lines": [], "summary": {"covered_lines": 0, "num_statements": 1, "percent_covered": 0.0, "percent_covered_display": "0", "missing_lines": 1, "excluded_lines": 0, "num_branches": 0, "num_partial_branches": 0, "covered_branches": 0, "missing_branches": 0}, "missing_lines": [313], "excluded_lines": [], "executed_branches": [], "missing_branches": []}, "field": {"executed_lines": [], "summary": {"covered_lines": 0, "num_statements": 3, "percent_covered": 0.0, "percent_covered_display": "0", "missing_lines": 3, "excluded_lines": 0, "num_branches": 2, "num_partial_branches": 0, "covered_branches": 0, "missing_branches": 2}, "missing_lines": [350, 351, 352], "excluded_lines": [], "executed_branches": [], "missing_branches": [[350, 351], [350, 352]]}, "_tuple_str": {"executed_lines": [], "summary": {"covered_lines": 0, "num_statements": 3, "percent_covered": 0.0, "percent_covered_display": "0", "missing_lines": 3, "excluded_lines": 0, "num_branches": 4, "num_partial_branches": 0, "covered_branches": 0, "missing_branches": 4}, "missing_lines": [361, 362, 364], "excluded_lines": [], "executed_branches": [], "missing_branches": [[361, 362], [361, 364], [364, -364], [364, -355]]}, "_create_fn": {"executed_lines": [], "summary": {"covered_lines": 0, "num_statements": 11, "percent_covered": 0.0, "percent_covered_display": "0", "missing_lines": 11, "excluded_lines": 0, "num_branches": 6, "num_partial_branches": 0, "covered_branches": 0, "missing_branches": 6}, "missing_lines": [371, 372, 373, 374, 375, 376, 377, 378, 381, 383, 384], "excluded_lines": [], "executed_branches": [], "missing_branches": [[371, 372], [371, 373], [374, 375], [374, 377], [378, -378], [378, 381]]}, "_field_assign": {"executed_lines": [], "summary": {"covered_lines": 0, "num_statements": 3, "percent_covered": 0.0, "percent_covered_display": "0", "missing_lines": 3, "excluded_lines": 0, "num_branches": 2, "num_partial_branches": 0, "covered_branches": 0, "missing_branches": 2}, "missing_lines": [394, 395, 396], "excluded_lines": [], "executed_branches": [], "missing_branches": [[394, 395], [394, 396]]}, "_field_init": {"executed_lines": [], "summary": {"covered_lines": 0, "num_statements": 17, "percent_covered": 0.0, "percent_covered_display": "0", "missing_lines": 17, "excluded_lines": 0, "num_branches": 12, "num_partial_branches": 0, "covered_branches": 0, "missing_branches": 12}, "missing_lines": [403, 404, 405, 408, 409, 425, 426, 429, 430, 432, 433, 434, 435, 439, 444, 445, 448], "excluded_lines": [], "executed_branches": [], "missing_branches": [[404, 405], [404, 429], [405, 408], [405, 425], [429, 430], [429, 439], [430, 432], [430, 433], [433, 434], [433, 444], [444, 445], [444, 448]]}, "_init_param": {"executed_lines": [], "summary": {"covered_lines": 0, "num_statements": 7, "percent_covered": 0.0, "percent_covered_display": "0", "missing_lines": 7, "excluded_lines": 0, "num_branches": 6, "num_partial_branches": 0, "covered_branches": 0, "missing_branches": 6}, "missing_lines": [456, 459, 460, 463, 464, 466, 467], "excluded_lines": [], "executed_branches": [], "missing_branches": [[456, 459], [456, 460], [460, 463], [460, 464], [464, 466], [464, 467]]}, "_init_fn": {"executed_lines": [], "summary": {"covered_lines": 0, "num_statements": 20, "percent_covered": 0.0, "percent_covered_display": "0", "missing_lines": 20, "excluded_lines": 0, "num_branches": 22, "num_partial_branches": 0, "covered_branches": 0, "missing_branches": 22}, "missing_lines": [478, 479, 481, 482, 483, 484, 485, 487, 489, 490, 491, 494, 495, 498, 499, 500, 503, 504, 506, 507], "excluded_lines": [], "executed_branches": [], "missing_branches": [[479, 481], [479, 487], [481, 479], [481, 482], [482, 483], [482, 484], [484, 479], [484, 485], [490, 491], [490, 498], [494, 490], [494, 495], [498, 499], [498, 503], [499, -499], [499, 500], [503, 504], [503, 506], [506, -506], [506, 507], [507, -507], [507, -470]]}, "_repr_fn": {"executed_lines": [], "summary": {"covered_lines": 0, "num_statements": 1, "percent_covered": 0.0, "percent_covered_display": "0", "missing_lines": 1, "excluded_lines": 0, "num_branches": 2, "num_partial_branches": 0, "covered_branches": 0, "missing_branches": 2}, "missing_lines": [518], "excluded_lines": [], "executed_branches": [], "missing_branches": [[518, -518], [518, -517]]}, "_frozen_get_del_attr": {"executed_lines": [], "summary": {"covered_lines": 0, "num_statements": 5, "percent_covered": 0.0, "percent_covered_display": "0", "missing_lines": 5, "excluded_lines": 0, "num_branches": 4, "num_partial_branches": 0, "covered_branches": 0, "missing_branches": 4}, "missing_lines": [532, 533, 534, 537, 538], "excluded_lines": [], "executed_branches": [], "missing_branches": [[533, 534], [533, 537], [534, -534], [534, 538]]}, "_cmp_fn": {"executed_lines": [], "summary": {"covered_lines": 0, "num_statements": 1, "percent_covered": 0.0, "percent_covered_display": "0", "missing_lines": 1, "excluded_lines": 0, "num_branches": 0, "num_partial_branches": 0, "covered_branches": 0, "missing_branches": 0}, "missing_lines": [568], "excluded_lines": [], "executed_branches": [], "missing_branches": []}, "_hash_fn": {"executed_lines": [], "summary": {"covered_lines": 0, "num_statements": 2, "percent_covered": 0.0, "percent_covered_display": "0", "missing_lines": 2, "excluded_lines": 0, "num_branches": 0, "num_partial_branches": 0, "covered_branches": 0, "missing_branches": 0}, "missing_lines": [580, 581], "excluded_lines": [], "executed_branches": [], "missing_branches": []}, "_is_classvar": {"executed_lines": [], "summary": {"covered_lines": 0, "num_statements": 1, "percent_covered": 0.0, "percent_covered_display": "0", "missing_lines": 1, "excluded_lines": 0, "num_branches": 0, "num_partial_branches": 0, "covered_branches": 0, "missing_branches": 0}, "missing_lines": [587], "excluded_lines": [], "executed_branches": [], "missing_branches": []}, "_is_initvar": {"executed_lines": [], "summary": {"covered_lines": 0, "num_statements": 1, "percent_covered": 0.0, "percent_covered_display": "0", "missing_lines": 1, "excluded_lines": 0, "num_branches": 0, "num_partial_branches": 0, "covered_branches": 0, "missing_branches": 0}, "missing_lines": [593], "excluded_lines": [], "executed_branches": [], "missing_branches": []}, "_is_type": {"executed_lines": [], "summary": {"covered_lines": 0, "num_statements": 12, "percent_covered": 0.0, "percent_covered_display": "0", "missing_lines": 12, "excluded_lines": 0, "num_branches": 8, "num_partial_branches": 0, "covered_branches": 0, "missing_branches": 8}, "missing_lines": [637, 638, 639, 640, 641, 644, 647, 648, 649, 650, 651, 652], "excluded_lines": [], "executed_branches": [], "missing_branches": [[638, 639], [638, 652], [641, 644], [641, 647], [648, 649], [648, 650], [650, 651], [650, 652]]}, "_get_field": {"executed_lines": [], "summary": {"covered_lines": 0, "num_statements": 23, "percent_covered": 0.0, "percent_covered_display": "0", "missing_lines": 23, "excluded_lines": 0, "num_branches": 18, "num_partial_branches": 0, "covered_branches": 0, "missing_branches": 18}, "missing_lines": [662, 663, 664, 666, 668, 669, 672, 673, 678, 694, 695, 696, 699, 703, 706, 707, 711, 718, 719, 720, 728, 729, 734], "excluded_lines": [], "executed_branches": [], "missing_branches": [[663, 664], [663, 666], [666, 668], [666, 669], [695, 696], [695, 703], [696, 699], [696, 703], [703, 706], [703, 718], [707, 711], [707, 718], [718, 719], [718, 728], [719, 720], [719, 728], [728, 729], [728, 734]]}, "_set_new_attribute": {"executed_lines": [], "summary": {"covered_lines": 0, "num_statements": 4, "percent_covered": 0.0, "percent_covered_display": "0", "missing_lines": 4, "excluded_lines": 0, "num_branches": 2, "num_partial_branches": 0, "covered_branches": 0, "missing_branches": 2}, "missing_lines": [740, 741, 742, 743], "excluded_lines": [], "executed_branches": [], "missing_branches": [[740, 741], [740, 742]]}, "_hash_set_none": {"executed_lines": [], "summary": {"covered_lines": 0, "num_statements": 1, "percent_covered": 0.0, "percent_covered_display": "0", "missing_lines": 1, "excluded_lines": 0, "num_branches": 0, "num_partial_branches": 0, "covered_branches": 0, "missing_branches": 0}, "missing_lines": [753], "excluded_lines": [], "executed_branches": [], "missing_branches": []}, "_hash_add": {"executed_lines": [], "summary": {"covered_lines": 0, "num_statements": 2, "percent_covered": 0.0, "percent_covered_display": "0", "missing_lines": 2, "excluded_lines": 0, "num_branches": 2, "num_partial_branches": 0, "covered_branches": 0, "missing_branches": 2}, "missing_lines": [757, 758], "excluded_lines": [], "executed_branches": [], "missing_branches": [[757, -757], [757, 758]]}, "_hash_exception": {"executed_lines": [], "summary": {"covered_lines": 0, "num_statements": 1, "percent_covered": 0.0, "percent_covered_display": "0", "missing_lines": 1, "excluded_lines": 0, "num_branches": 0, "num_partial_branches": 0, "covered_branches": 0, "missing_branches": 0}, "missing_lines": [763], "excluded_lines": [], "executed_branches": [], "missing_branches": []}, "_process_class": {"executed_lines": [], "summary": {"covered_lines": 0, "num_statements": 63, "percent_covered": 0.0, "percent_covered_display": "0", "missing_lines": 63, "excluded_lines": 0, "num_branches": 60, "num_partial_branches": 0, "covered_branches": 0, "missing_branches": 60}, "missing_lines": [802, 804, 810, 811, 812, 815, 816, 817, 818, 819, 820, 821, 835, 840, 841, 842, 848, 849, 856, 858, 861, 862, 863, 866, 868, 869, 872, 873, 877, 884, 885, 891, 892, 894, 896, 899, 900, 916, 918, 919, 920, 922, 925, 926, 927, 928, 930, 932, 933, 934, 935, 936, 937, 943, 944, 945, 946, 951, 952, 955, 957, 959, 961], "excluded_lines": [], "executed_branches": [], "missing_branches": [[812, 815], [812, 835], [816, 812], [816, 817], [818, 819], [818, 820], [820, 812], [820, 821], [840, -840], [840, 841], [841, 842], [841, 861], [848, 841], [848, 849], [849, 856], [849, 858], [861, 862], [861, 866], [862, 861], [862, 863], [866, 868], [866, 877], [868, 869], [868, 872], [872, 873], [872, 877], [891, 892], [891, 894], [894, 896], [894, 916], [899, -899], [899, 900], [916, -916], [916, 918], [918, 919], [918, 922], [919, -919], [919, 920], [922, 925], [922, 930], [925, -925], [925, 926], [930, 932], [930, 943], [932, -932], [932, 933], [935, 936], [935, 943], [936, 935], [936, 937], [943, 944], [943, 951], [944, 945], [944, 951], [945, 944], [945, 946], [952, 955], [952, 957], [957, 959], [957, 961]]}, "dataclass": {"executed_lines": [], "summary": {"covered_lines": 0, "num_statements": 4, "percent_covered": 0.0, "percent_covered_display": "0", "missing_lines": 4, "excluded_lines": 0, "num_branches": 2, "num_partial_branches": 0, "covered_branches": 0, "missing_branches": 2}, "missing_lines": [980, 984, 986, 989], "excluded_lines": [], "executed_branches": [], "missing_branches": [[984, 986], [984, 989]]}, "dataclass.wrap": {"executed_lines": [], "summary": {"covered_lines": 0, "num_statements": 1, "percent_covered": 0.0, "percent_covered_display": "0", "missing_lines": 1, "excluded_lines": 0, "num_branches": 0, "num_partial_branches": 0, "covered_branches": 0, "missing_branches": 0}, "missing_lines": [981], "excluded_lines": [], "executed_branches": [], "missing_branches": []}, "fields": {"executed_lines": [], "summary": {"covered_lines": 0, "num_statements": 5, "percent_covered": 0.0, "percent_covered_display": "0", "missing_lines": 5, "excluded_lines": 0, "num_branches": 2, "num_partial_branches": 0, "covered_branches": 0, "missing_branches": 2}, "missing_lines": [999, 1000, 1001, 1002, 1006], "excluded_lines": [], "executed_branches": [], "missing_branches": [[1006, -1006], [1006, -992]]}, "_is_dataclass_instance": {"executed_lines": [], "summary": {"covered_lines": 0, "num_statements": 1, "percent_covered": 0.0, "percent_covered_display": "0", "missing_lines": 1, "excluded_lines": 0, "num_branches": 0, "num_partial_branches": 0, "covered_branches": 0, "missing_branches": 0}, "missing_lines": [1011], "excluded_lines": [], "executed_branches": [], "missing_branches": []}, "is_dataclass": {"executed_lines": [], "summary": {"covered_lines": 0, "num_statements": 1, "percent_covered": 0.0, "percent_covered_display": "0", "missing_lines": 1, "excluded_lines": 0, "num_branches": 0, "num_partial_branches": 0, "covered_branches": 0, "missing_branches": 0}, "missing_lines": [1017], "excluded_lines": [], "executed_branches": [], "missing_branches": []}, "asdict": {"executed_lines": [], "summary": {"covered_lines": 0, "num_statements": 3, "percent_covered": 0.0, "percent_covered_display": "0", "missing_lines": 3, "excluded_lines": 0, "num_branches": 2, "num_partial_branches": 0, "covered_branches": 0, "missing_branches": 2}, "missing_lines": [1035, 1036, 1037], "excluded_lines": [], "executed_branches": [], "missing_branches": [[1035, 1036], [1035, 1037]]}, "_asdict_inner": {"executed_lines": [], "summary": {"covered_lines": 0, "num_statements": 11, "percent_covered": 0.0, "percent_covered_display": "0", "missing_lines": 11, "excluded_lines": 0, "num_branches": 12, "num_partial_branches": 0, "covered_branches": 0, "missing_branches": 12}, "missing_lines": [1041, 1042, 1043, 1044, 1045, 1046, 1047, 1048, 1049, 1050, 1054], "excluded_lines": [], "executed_branches": [], "missing_branches": [[1041, 1042], [1041, 1047], [1043, 1044], [1043, 1046], [1047, 1048], [1047, 1049], [1048, -1048], [1048, -1040], [1049, 1050], [1049, 1054], [1050, -1050], [1050, -1040]]}, "astuple": {"executed_lines": [], "summary": {"covered_lines": 0, "num_statements": 3, "percent_covered": 0.0, "percent_covered_display": "0", "missing_lines": 3, "excluded_lines": 0, "num_branches": 2, "num_partial_branches": 0, "covered_branches": 0, "missing_branches": 2}, "missing_lines": [1072, 1073, 1074], "excluded_lines": [], "executed_branches": [], "missing_branches": [[1072, 1073], [1072, 1074]]}, "_astuple_inner": {"executed_lines": [], "summary": {"covered_lines": 0, "num_statements": 11, "percent_covered": 0.0, "percent_covered_display": "0", "missing_lines": 11, "excluded_lines": 0, "num_branches": 12, "num_partial_branches": 0, "covered_branches": 0, "missing_branches": 12}, "missing_lines": [1078, 1079, 1080, 1081, 1082, 1083, 1084, 1085, 1086, 1087, 1092], "excluded_lines": [], "executed_branches": [], "missing_branches": [[1078, 1079], [1078, 1084], [1080, 1081], [1080, 1083], [1084, 1085], [1084, 1086], [1085, -1085], [1085, -1077], [1086, 1087], [1086, 1092], [1087, -1087], [1087, -1077]]}, "make_dataclass": {"executed_lines": [], "summary": {"covered_lines": 0, "num_statements": 26, "percent_covered": 0.0, "percent_covered_display": "0", "missing_lines": 26, "excluded_lines": 0, "num_branches": 18, "num_partial_branches": 0, "covered_branches": 0, "missing_branches": 18}, "missing_lines": [1125, 1126, 1129, 1133, 1134, 1135, 1136, 1137, 1138, 1139, 1140, 1144, 1145, 1146, 1148, 1150, 1151, 1152, 1153, 1154, 1155, 1157, 1158, 1160, 1163, 1164], "excluded_lines": [], "executed_branches": [], "missing_branches": [[1125, 1126], [1125, 1129], [1135, 1136], [1135, 1160], [1136, 1137], [1136, 1139], [1139, 1140], [1139, 1144], [1144, 1145], [1144, 1148], [1150, 1151], [1150, 1152], [1152, 1153], [1152, 1154], [1154, 1155], [1154, 1157], [1163, -1163], [1163, 1164]]}, "replace": {"executed_lines": [], "summary": {"covered_lines": 0, "num_statements": 10, "percent_covered": 0.0, "percent_covered_display": "0", "missing_lines": 10, "excluded_lines": 0, "num_branches": 10, "num_partial_branches": 0, "covered_branches": 0, "missing_branches": 10}, "missing_lines": [1184, 1185, 1190, 1191, 1193, 1194, 1199, 1201, 1202, 1209], "excluded_lines": [], "executed_branches": [], "missing_branches": [[1184, 1185], [1184, 1190], [1190, 1191], [1190, 1209], [1191, 1193], [1191, 1201], [1193, 1194], [1193, 1199], [1201, 1190], [1201, 1202]]}, "": {"executed_lines": [], "summary": {"covered_lines": 0, "num_statements": 70, "percent_covered": 0.0, "percent_covered_display": "0", "missing_lines": 70, "excluded_lines": 0, "num_branches": 0, "num_partial_branches": 0, "covered_branches": 0, "missing_branches": 0}, "missing_lines": [13, 14, 15, 16, 17, 18, 20, 163, 164, 170, 171, 175, 179, 180, 183, 187, 190, 191, 194, 198, 199, 200, 204, 208, 212, 217, 220, 221, 225, 226, 239, 240, 253, 269, 293, 301, 302, 304, 312, 328, 355, 367, 387, 399, 451, 470, 517, 529, 562, 579, 584, 590, 596, 655, 737, 752, 756, 761, 775, 797, 967, 992, 1009, 1014, 1020, 1040, 1057, 1077, 1095, 1169], "excluded_lines": [], "executed_branches": [], "missing_branches": []}}, "classes": {"FrozenInstanceError": {"executed_lines": [], "summary": {"covered_lines": 0, "num_statements": 0, "percent_covered": 100.0, "percent_covered_display": "100", "missing_lines": 0, "excluded_lines": 0, "num_branches": 0, "num_partial_branches": 0, "covered_branches": 0, "missing_branches": 0}, "missing_lines": [], "excluded_lines": [], "executed_branches": [], "missing_branches": []}, "_HAS_DEFAULT_FACTORY_CLASS": {"executed_lines": [], "summary": {"covered_lines": 0, "num_statements": 1, "percent_covered": 0.0, "percent_covered_display": "0", "missing_lines": 1, "excluded_lines": 0, "num_branches": 0, "num_partial_branches": 0, "covered_branches": 0, "missing_branches": 0}, "missing_lines": [172], "excluded_lines": [], "executed_branches": [], "missing_branches": []}, "_MISSING_TYPE": {"executed_lines": [], "summary": {"covered_lines": 0, "num_statements": 0, "percent_covered": 100.0, "percent_covered_display": "100", "missing_lines": 0, "excluded_lines": 0, "num_branches": 0, "num_partial_branches": 0, "covered_branches": 0, "missing_branches": 0}, "missing_lines": [], "excluded_lines": [], "executed_branches": [], "missing_branches": []}, "_FIELD_BASE": {"executed_lines": [], "summary": {"covered_lines": 0, "num_statements": 2, "percent_covered": 0.0, "percent_covered_display": "0", "missing_lines": 2, "excluded_lines": 0, "num_branches": 0, "num_partial_branches": 0, "covered_branches": 0, "missing_branches": 0}, "missing_lines": [192, 195], "excluded_lines": [], "executed_branches": [], "missing_branches": []}, "_InitVarMeta": {"executed_lines": [], "summary": {"covered_lines": 0, "num_statements": 1, "percent_covered": 0.0, "percent_covered_display": "0", "missing_lines": 1, "excluded_lines": 0, "num_branches": 0, "num_partial_branches": 0, "covered_branches": 0, "missing_branches": 0}, "missing_lines": [222], "excluded_lines": [], "executed_branches": [], "missing_branches": []}, "InitVar": {"executed_lines": [], "summary": {"covered_lines": 0, "num_statements": 0, "percent_covered": 100.0, "percent_covered_display": "100", "missing_lines": 0, "excluded_lines": 0, "num_branches": 0, "num_partial_branches": 0, "covered_branches": 0, "missing_branches": 0}, "missing_lines": [], "excluded_lines": [], "executed_branches": [], "missing_branches": []}, "Field": {"executed_lines": [], "summary": {"covered_lines": 0, "num_statements": 14, "percent_covered": 0.0, "percent_covered_display": "0", "missing_lines": 14, "excluded_lines": 0, "num_branches": 2, "num_partial_branches": 0, "covered_branches": 0, "missing_branches": 2}, "missing_lines": [254, 255, 256, 257, 258, 259, 260, 261, 262, 267, 270, 294, 295, 298], "excluded_lines": [], "executed_branches": [], "missing_branches": [[295, -293], [295, 298]]}, "_DataclassParams": {"executed_lines": [], "summary": {"covered_lines": 0, "num_statements": 7, "percent_covered": 0.0, "percent_covered_display": "0", "missing_lines": 7, "excluded_lines": 0, "num_branches": 0, "num_partial_branches": 0, "covered_branches": 0, "missing_branches": 0}, "missing_lines": [305, 306, 307, 308, 309, 310, 313], "excluded_lines": [], "executed_branches": [], "missing_branches": []}, "": {"executed_lines": [], "summary": {"covered_lines": 0, "num_statements": 327, "percent_covered": 0.0, "percent_covered_display": "0", "missing_lines": 327, "excluded_lines": 0, "num_branches": 210, "num_partial_branches": 0, "covered_branches": 0, "missing_branches": 210}, "missing_lines": [13, 14, 15, 16, 17, 18, 20, 163, 164, 170, 171, 175, 179, 180, 183, 187, 190, 191, 194, 198, 199, 200, 204, 208, 212, 217, 220, 221, 225, 226, 239, 240, 253, 269, 293, 301, 302, 304, 312, 328, 350, 351, 352, 355, 361, 362, 364, 367, 371, 372, 373, 374, 375, 376, 377, 378, 381, 383, 384, 387, 394, 395, 396, 399, 403, 404, 405, 408, 409, 425, 426, 429, 430, 432, 433, 434, 435, 439, 444, 445, 448, 451, 456, 459, 460, 463, 464, 466, 467, 470, 478, 479, 481, 482, 483, 484, 485, 487, 489, 490, 491, 494, 495, 498, 499, 500, 503, 504, 506, 507, 517, 518, 529, 532, 533, 534, 537, 538, 562, 568, 579, 580, 581, 584, 587, 590, 593, 596, 637, 638, 639, 640, 641, 644, 647, 648, 649, 650, 651, 652, 655, 662, 663, 664, 666, 668, 669, 672, 673, 678, 694, 695, 696, 699, 703, 706, 707, 711, 718, 719, 720, 728, 729, 734, 737, 740, 741, 742, 743, 752, 753, 756, 757, 758, 761, 763, 775, 797, 802, 804, 810, 811, 812, 815, 816, 817, 818, 819, 820, 821, 835, 840, 841, 842, 848, 849, 856, 858, 861, 862, 863, 866, 868, 869, 872, 873, 877, 884, 885, 891, 892, 894, 896, 899, 900, 916, 918, 919, 920, 922, 925, 926, 927, 928, 930, 932, 933, 934, 935, 936, 937, 943, 944, 945, 946, 951, 952, 955, 957, 959, 961, 967, 980, 981, 984, 986, 989, 992, 999, 1000, 1001, 1002, 1006, 1009, 1011, 1014, 1017, 1020, 1035, 1036, 1037, 1040, 1041, 1042, 1043, 1044, 1045, 1046, 1047, 1048, 1049, 1050, 1054, 1057, 1072, 1073, 1074, 1077, 1078, 1079, 1080, 1081, 1082, 1083, 1084, 1085, 1086, 1087, 1092, 1095, 1125, 1126, 1129, 1133, 1134, 1135, 1136, 1137, 1138, 1139, 1140, 1144, 1145, 1146, 1148, 1150, 1151, 1152, 1153, 1154, 1155, 1157, 1158, 1160, 1163, 1164, 1169, 1184, 1185, 1190, 1191, 1193, 1194, 1199, 1201, 1202, 1209], "excluded_lines": [], "executed_branches": [], "missing_branches": [[350, 351], [350, 352], [361, 362], [361, 364], [364, -364], [364, -355], [371, 372], [371, 373], [374, 375], [374, 377], [378, -378], [378, 381], [394, 395], [394, 396], [404, 405], [404, 429], [405, 408], [405, 425], [429, 430], [429, 439], [430, 432], [430, 433], [433, 434], [433, 444], [444, 445], [444, 448], [456, 459], [456, 460], [460, 463], [460, 464], [464, 466], [464, 467], [479, 481], [479, 487], [481, 479], [481, 482], [482, 483], [482, 484], [484, 479], [484, 485], [490, 491], [490, 498], [494, 490], [494, 495], [498, 499], [498, 503], [499, -499], [499, 500], [503, 504], [503, 506], [506, -506], [506, 507], [507, -507], [507, -470], [518, -518], [518, -517], [533, 534], [533, 537], [534, -534], [534, 538], [638, 639], [638, 652], [641, 644], [641, 647], [648, 649], [648, 650], [650, 651], [650, 652], [663, 664], [663, 666], [666, 668], [666, 669], [695, 696], [695, 703], [696, 699], [696, 703], [703, 706], [703, 718], [707, 711], [707, 718], [718, 719], [718, 728], [719, 720], [719, 728], [728, 729], [728, 734], [740, 741], [740, 742], [757, -757], [757, 758], [812, 815], [812, 835], [816, 812], [816, 817], [818, 819], [818, 820], [820, 812], [820, 821], [840, -840], [840, 841], [841, 842], [841, 861], [848, 841], [848, 849], [849, 856], [849, 858], [861, 862], [861, 866], [862, 861], [862, 863], [866, 868], [866, 877], [868, 869], [868, 872], [872, 873], [872, 877], [891, 892], [891, 894], [894, 896], [894, 916], [899, -899], [899, 900], [916, -916], [916, 918], [918, 919], [918, 922], [919, -919], [919, 920], [922, 925], [922, 930], [925, -925], [925, 926], [930, 932], [930, 943], [932, -932], [932, 933], [935, 936], [935, 943], [936, 935], [936, 937], [943, 944], [943, 951], [944, 945], [944, 951], [945, 944], [945, 946], [952, 955], [952, 957], [957, 959], [957, 961], [984, 986], [984, 989], [1006, -1006], [1006, -992], [1035, 1036], [1035, 1037], [1041, 1042], [1041, 1047], [1043, 1044], [1043, 1046], [1047, 1048], [1047, 1049], [1048, -1048], [1048, -1040], [1049, 1050], [1049, 1054], [1050, -1050], [1050, -1040], [1072, 1073], [1072, 1074], [1078, 1079], [1078, 1084], [1080, 1081], [1080, 1083], [1084, 1085], [1084, 1086], [1085, -1085], [1085, -1077], [1086, 1087], [1086, 1092], [1087, -1087], [1087, -1077], [1125, 1126], [1125, 1129], [1135, 1136], [1135, 1160], [1136, 1137], [1136, 1139], [1139, 1140], [1139, 1144], [1144, 1145], [1144, 1148], [1150, 1151], [1150, 1152], [1152, 1153], [1152, 1154], [1154, 1155], [1154, 1157], [1163, -1163], [1163, 1164], [1184, 1185], [1184, 1190], [1190, 1191], [1190, 1209], [1191, 1193], [1191, 1201], [1193, 1194], [1193, 1199], [1201, 1190], [1201, 1202]]}}}, "isort/_vendored/toml/__init__.py": {"executed_lines": [1, 5, 7, 8, 10, 11, 12, 13, 14, 16, 17, 18, 19, 20, 21, 22, 23], "summary": {"covered_lines": 16, "num_statements": 16, "percent_covered": 100.0, "percent_covered_display": "100", "missing_lines": 0, "excluded_lines": 0, "num_branches": 0, "num_partial_branches": 0, "covered_branches": 0, "missing_branches": 0}, "missing_lines": [], "excluded_lines": [], "executed_branches": [], "missing_branches": [], "functions": {"": {"executed_lines": [1, 5, 7, 8, 10, 11, 12, 13, 14, 16, 17, 18, 19, 20, 21, 22, 23], "summary": {"covered_lines": 16, "num_statements": 16, "percent_covered": 100.0, "percent_covered_display": "100", "missing_lines": 0, "excluded_lines": 0, "num_branches": 0, "num_partial_branches": 0, "covered_branches": 0, "missing_branches": 0}, "missing_lines": [], "excluded_lines": [], "executed_branches": [], "missing_branches": []}}, "classes": {"": {"executed_lines": [1, 5, 7, 8, 10, 11, 12, 13, 14, 16, 17, 18, 19, 20, 21, 22, 23], "summary": {"covered_lines": 16, "num_statements": 16, "percent_covered": 100.0, "percent_covered_display": "100", "missing_lines": 0, "excluded_lines": 0, "num_branches": 0, "num_partial_branches": 0, "covered_branches": 0, "missing_branches": 0}, "missing_lines": [], "excluded_lines": [], "executed_branches": [], "missing_branches": []}}}, "isort/_vendored/toml/decoder.py": {"executed_lines": [1, 2, 3, 4, 5, 7, 9, 12, 13, 14, 15, 18, 19, 20, 22, 24, 27, 28, 30, 33, 43, 44, 49, 52, 53, 55, 68, 71, 72, 78, 81, 84, 92, 93, 94, 96, 98, 100, 102, 103, 104, 106, 110, 112, 115, 134, 137, 156, 157, 162, 165, 180, 181, 182, 183, 184, 185, 188, 191, 192, 193, 194, 195, 196, 197, 198, 199, 200, 201, 202, 203, 204, 206, 207, 210, 211, 212, 216, 228, 229, 230, 231, 232, 235, 236, 241, 242, 248, 254, 255, 256, 257, 258, 267, 268, 269, 270, 276, 280, 281, 282, 284, 285, 286, 287, 288, 289, 290, 295, 296, 301, 302, 306, 307, 308, 310, 311, 323, 324, 325, 328, 330, 331, 332, 333, 334, 338, 339, 340, 347, 350, 351, 352, 353, 354, 355, 357, 358, 359, 363, 367, 368, 369, 370, 371, 372, 373, 374, 375, 377, 379, 380, 381, 382, 383, 416, 417, 418, 422, 427, 428, 429, 430, 431, 432, 433, 434, 437, 438, 440, 441, 442, 443, 444, 459, 463, 464, 465, 466, 467, 471, 472, 490, 496, 497, 498, 499, 500, 502, 503, 508, 517, 518, 519, 522, 524, 527, 528, 529, 530, 531, 556, 557, 577, 613, 615, 617, 620, 622, 623, 624, 625, 636, 638, 639, 642, 643, 646, 647, 648, 650, 651, 653, 664, 692, 693, 694, 695, 696, 705, 706, 707, 709, 710, 711, 713, 714, 715, 716, 717, 718, 719, 722, 723, 724, 726, 752, 753, 775, 777, 778, 788, 789, 790, 792, 794, 795, 798, 800, 801, 802, 803, 804, 811, 812, 813, 814, 819, 820, 822, 823, 824, 825, 826, 827, 828, 829, 830, 831, 834, 835, 836, 837, 840, 842, 843, 844, 845, 846, 852, 853, 858, 859, 862, 863, 864, 865, 873, 874, 877, 878, 880, 881, 882, 883, 887, 892, 893, 895, 897, 898, 899, 902, 904, 905, 906, 913, 916, 917, 918, 920, 922, 923, 925, 927, 928, 929, 930, 934, 935, 937, 938, 939, 940, 943, 944, 945, 946, 947, 948, 949, 950, 990, 991, 992, 993, 994, 1006, 1021, 1022, 1023, 1024, 1025, 1026, 1029, 1030, 1031, 1033, 1036, 1037, 1040, 1041, 1045, 1048], "summary": {"covered_lines": 362, "num_statements": 819, "percent_covered": 41.76923076923077, "percent_covered_display": "42", "missing_lines": 457, "excluded_lines": 0, "num_branches": 481, "num_partial_branches": 103, "covered_branches": 181, "missing_branches": 300}, "missing_lines": [10, 23, 29, 34, 35, 37, 38, 39, 40, 45, 46, 56, 57, 58, 59, 60, 61, 62, 63, 64, 73, 74, 75, 76, 79, 82, 85, 86, 87, 89, 95, 97, 99, 101, 105, 107, 108, 109, 111, 135, 136, 138, 139, 141, 142, 143, 144, 145, 146, 147, 148, 149, 150, 151, 153, 154, 158, 159, 186, 189, 208, 209, 213, 217, 218, 219, 220, 221, 222, 223, 224, 225, 226, 227, 233, 234, 237, 238, 239, 240, 243, 244, 245, 246, 247, 249, 250, 251, 252, 253, 260, 271, 272, 273, 274, 275, 277, 278, 291, 292, 293, 294, 297, 298, 299, 300, 303, 304, 312, 313, 314, 315, 316, 317, 318, 319, 320, 321, 322, 326, 335, 336, 341, 342, 343, 344, 345, 346, 348, 356, 360, 364, 384, 385, 387, 388, 389, 390, 391, 392, 393, 398, 399, 400, 401, 402, 403, 404, 405, 407, 408, 409, 410, 411, 412, 414, 415, 419, 423, 424, 425, 435, 436, 439, 445, 446, 447, 448, 449, 450, 455, 456, 457, 460, 468, 473, 474, 475, 476, 477, 482, 483, 485, 491, 492, 493, 494, 495, 501, 504, 505, 506, 507, 509, 510, 513, 514, 515, 516, 520, 521, 523, 532, 533, 534, 535, 537, 538, 539, 540, 541, 542, 543, 544, 545, 547, 548, 549, 550, 551, 553, 554, 555, 558, 559, 560, 562, 572, 573, 574, 578, 579, 580, 581, 582, 583, 584, 585, 586, 587, 588, 589, 590, 591, 592, 593, 594, 595, 596, 597, 598, 599, 600, 601, 602, 605, 606, 607, 626, 627, 628, 629, 630, 631, 632, 634, 635, 637, 654, 662, 665, 666, 667, 668, 669, 670, 671, 672, 673, 674, 675, 676, 682, 683, 684, 686, 687, 688, 689, 690, 697, 698, 699, 700, 701, 702, 703, 704, 720, 721, 725, 736, 737, 738, 739, 740, 741, 742, 743, 744, 745, 746, 747, 748, 749, 750, 751, 754, 755, 756, 757, 758, 759, 760, 762, 763, 765, 766, 767, 768, 769, 770, 771, 772, 773, 774, 776, 779, 780, 781, 782, 783, 785, 786, 791, 793, 796, 805, 806, 807, 808, 809, 810, 815, 816, 817, 821, 832, 833, 838, 847, 848, 849, 850, 851, 854, 861, 866, 867, 869, 870, 871, 872, 875, 876, 879, 884, 885, 886, 888, 889, 890, 894, 896, 900, 901, 903, 907, 908, 909, 910, 911, 912, 914, 915, 919, 924, 926, 931, 932, 941, 954, 955, 956, 957, 958, 959, 960, 961, 962, 963, 964, 965, 966, 967, 968, 969, 970, 971, 972, 973, 974, 975, 978, 980, 985, 986, 987, 988, 989, 1000, 1001, 1002, 1003, 1005, 1008, 1009, 1010, 1011, 1012, 1013, 1014, 1015, 1016, 1017, 1018, 1019, 1020, 1027, 1034, 1042, 1043, 1046, 1049, 1050, 1052, 1053], "excluded_lines": [], "executed_branches": [[9, 12], [19, 20], [22, 24], [28, 30], [94, 96], [96, 98], [98, 100], [100, 102], [102, 103], [102, 104], [104, 106], [106, 110], [110, 112], [134, 137], [137, 156], [181, 182], [185, 188], [188, 191], [206, 207], [206, 359], [207, 210], [210, 211], [210, 267], [212, 216], [216, 228], [228, 229], [228, 241], [229, 230], [229, 232], [232, 235], [235, 236], [241, 242], [242, 248], [248, 254], [254, 255], [267, 268], [267, 285], [270, 276], [276, 280], [281, 282], [281, 284], [285, 286], [285, 311], [290, 295], [295, 296], [296, 301], [301, 302], [302, 306], [307, 308], [307, 310], [311, 323], [323, 324], [323, 331], [324, 325], [324, 330], [325, 328], [331, 332], [331, 339], [332, 333], [332, 334], [334, 338], [339, 340], [339, 352], [340, 347], [347, 350], [352, 206], [352, 353], [354, 206], [354, 355], [355, 357], [359, 363], [363, 367], [373, 374], [373, 524], [374, 375], [374, 377], [379, 380], [381, 382], [381, 383], [383, 416], [416, 417], [416, 508], [418, 422], [422, 427], [432, 433], [433, 434], [438, 440], [442, 443], [442, 464], [444, 459], [459, 463], [465, 373], [465, 466], [467, 471], [490, 496], [497, 498], [497, 499], [500, 502], [503, 465], [508, 517], [517, 518], [522, 373], [531, 556], [556, 557], [624, 625], [624, 639], [625, 636], [636, 638], [696, 705], [705, 706], [705, 711], [706, 707], [706, 709], [717, 718], [718, 719], [724, 726], [726, 726], [726, 752], [753, 775], [775, 777], [778, 788], [792, 794], [795, 798], [802, 803], [802, 804], [804, 811], [811, 812], [811, 813], [813, 814], [820, 822], [822, 823], [822, 824], [824, 825], [824, 826], [826, 827], [826, 881], [831, 834], [835, 836], [835, 862], [836, 837], [836, 842], [837, 840], [846, 852], [852, 853], [853, 858], [858, 859], [862, 863], [862, 878], [865, 873], [873, 874], [873, 877], [874, 873], [878, 880], [881, 882], [881, 883], [883, 887], [887, 892], [893, 895], [895, 897], [899, 902], [902, 904], [906, 913], [913, 916], [916, 917], [918, 920], [923, 925], [925, 927], [929, 930], [930, 934], [939, 940], [947, 948], [949, 950], [991, 992], [992, 993], [992, 1021], [994, 994], [994, 1006], [1021, 1022], [1021, 1031], [1023, 1024], [1025, 1026], [1025, 1029], [1026, 1030]], "missing_branches": [[9, 10], [19, 24], [22, 23], [28, 29], [34, 35], [34, 38], [38, 39], [38, 40], [86, 87], [86, 89], [94, 95], [96, 97], [98, 99], [100, 101], [104, 105], [106, 107], [108, 109], [108, 110], [110, 111], [134, 135], [135, -115], [135, 136], [137, 138], [141, -141], [141, 142], [141, 146], [146, 147], [146, 148], [149, 150], [149, 154], [150, 151], [150, 153], [181, 183], [185, 186], [188, 189], [207, 208], [212, 213], [216, 217], [217, 218], [217, 227], [220, 221], [220, 223], [223, 224], [223, 227], [232, 233], [235, 237], [237, 238], [237, 254], [241, 254], [242, 243], [243, 244], [243, 247], [245, 246], [245, 247], [248, 249], [251, 252], [251, 253], [254, 260], [270, 271], [272, 270], [272, 273], [276, 277], [290, 291], [292, 290], [292, 293], [295, 301], [296, 297], [301, 307], [302, 303], [311, 312], [315, 316], [315, 321], [321, 322], [321, 323], [325, 326], [334, 335], [335, 336], [335, 339], [340, 341], [341, 342], [341, 343], [343, 344], [343, 351], [345, 346], [345, 351], [347, 348], [355, 356], [359, 360], [363, 364], [379, 381], [383, 384], [384, 385], [384, 387], [390, 391], [390, 392], [392, 393], [392, 398], [398, 399], [398, 407], [408, 409], [408, 411], [411, 412], [411, 414], [418, 419], [422, 423], [432, 437], [433, 435], [438, 439], [444, 445], [447, 448], [447, 456], [449, 450], [449, 455], [459, 460], [467, 468], [473, 474], [473, 502], [474, 475], [474, 482], [476, 477], [476, 502], [482, 483], [482, 485], [490, 491], [492, 493], [492, 502], [494, 495], [494, 502], [500, 501], [503, 504], [508, 509], [509, 510], [509, 513], [517, 373], [522, 523], [531, 532], [532, 533], [532, 553], [533, 534], [533, 537], [538, 539], [538, 542], [542, 543], [542, 547], [549, 550], [549, 551], [556, 558], [559, 560], [559, 562], [580, 581], [580, 583], [583, 584], [583, 607], [584, 585], [584, 593], [587, 588], [587, 590], [596, 597], [596, 598], [599, 600], [599, 601], [601, 602], [601, 605], [625, 626], [627, 628], [627, 629], [629, 630], [629, 631], [631, 632], [631, 634], [636, 637], [667, 668], [667, 669], [669, 670], [669, 687], [676, 682], [676, 683], [683, 684], [683, 686], [687, -664], [687, 688], [689, 687], [689, 690], [696, 697], [699, 700], [699, 704], [702, 699], [702, 703], [717, 722], [718, 720], [724, 725], [726, 736], [741, 742], [741, 743], [743, 744], [743, 745], [748, 749], [748, 750], [750, 726], [750, 751], [753, 754], [754, 755], [754, 765], [758, 759], [758, 766], [759, 760], [759, 762], [762, -762], [762, 763], [766, 767], [766, 768], [768, 769], [768, 774], [769, 770], [769, 771], [771, 772], [771, 773], [775, 776], [778, 779], [779, 780], [779, 782], [782, 783], [782, 785], [792, 793], [795, 796], [804, 805], [806, 807], [806, 808], [813, 815], [815, 816], [815, 817], [820, 821], [831, 832], [837, 838], [846, 847], [852, 835], [853, 854], [858, 861], [865, 866], [866, 867], [866, 869], [869, 870], [869, 871], [871, 865], [871, 872], [874, 875], [878, 879], [883, 884], [887, 888], [893, 894], [895, 896], [899, 900], [902, 903], [906, 907], [907, 908], [907, 909], [909, 910], [909, 911], [913, 914], [916, 918], [918, 919], [923, 924], [925, 926], [929, 935], [930, 931], [939, 941], [947, 1008], [949, 954], [959, 960], [959, 989], [960, 961], [960, 967], [961, 962], [961, 966], [963, 964], [963, 966], [967, 968], [967, 969], [969, 970], [969, 972], [972, 973], [972, 978], [986, 987], [986, 988], [991, 1021], [994, 1000], [1002, 1003], [1002, 1005], [1012, 1013], [1012, 1020], [1013, 1014], [1013, 1015], [1015, 1016], [1015, 1017], [1017, 1012], [1017, 1018], [1023, 1021], [1026, 1027], [1049, 1050], [1049, 1052]], "functions": {"_detect_pathlib_path": {"executed_lines": [19, 20, 22, 24], "summary": {"covered_lines": 4, "num_statements": 5, "percent_covered": 66.66666666666667, "percent_covered_display": "67", "missing_lines": 1, "excluded_lines": 0, "num_branches": 4, "num_partial_branches": 2, "covered_branches": 2, "missing_branches": 2}, "missing_lines": [23], "excluded_lines": [], "executed_branches": [[19, 20], [22, 24]], "missing_branches": [[19, 24], [22, 23]]}, "_ispath": {"executed_lines": [28, 30], "summary": {"covered_lines": 2, "num_statements": 3, "percent_covered": 60.0, "percent_covered_display": "60", "missing_lines": 1, "excluded_lines": 0, "num_branches": 2, "num_partial_branches": 1, "covered_branches": 1, "missing_branches": 1}, "missing_lines": [29], "excluded_lines": [], "executed_branches": [[28, 30]], "missing_branches": [[28, 29]]}, "_getpath": {"executed_lines": [], "summary": {"covered_lines": 0, "num_statements": 6, "percent_covered": 0.0, "percent_covered_display": "0", "missing_lines": 6, "excluded_lines": 0, "num_branches": 4, "num_partial_branches": 0, "covered_branches": 0, "missing_branches": 4}, "missing_lines": [34, 35, 37, 38, 39, 40], "excluded_lines": [], "executed_branches": [], "missing_branches": [[34, 35], [34, 38], [38, 39], [38, 40]]}, "TomlDecodeError.__init__": {"executed_lines": [], "summary": {"covered_lines": 0, "num_statements": 9, "percent_covered": 0.0, "percent_covered_display": "0", "missing_lines": 9, "excluded_lines": 0, "num_branches": 0, "num_partial_branches": 0, "covered_branches": 0, "missing_branches": 0}, "missing_lines": [56, 57, 58, 59, 60, 61, 62, 63, 64], "excluded_lines": [], "executed_branches": [], "missing_branches": []}, "CommentValue.__init__": {"executed_lines": [], "summary": {"covered_lines": 0, "num_statements": 4, "percent_covered": 0.0, "percent_covered_display": "0", "missing_lines": 4, "excluded_lines": 0, "num_branches": 0, "num_partial_branches": 0, "covered_branches": 0, "missing_branches": 0}, "missing_lines": [73, 74, 75, 76], "excluded_lines": [], "executed_branches": [], "missing_branches": []}, "CommentValue.__getitem__": {"executed_lines": [], "summary": {"covered_lines": 0, "num_statements": 1, "percent_covered": 0.0, "percent_covered_display": "0", "missing_lines": 1, "excluded_lines": 0, "num_branches": 0, "num_partial_branches": 0, "covered_branches": 0, "missing_branches": 0}, "missing_lines": [79], "excluded_lines": [], "executed_branches": [], "missing_branches": []}, "CommentValue.__setitem__": {"executed_lines": [], "summary": {"covered_lines": 0, "num_statements": 1, "percent_covered": 0.0, "percent_covered_display": "0", "missing_lines": 1, "excluded_lines": 0, "num_branches": 0, "num_partial_branches": 0, "covered_branches": 0, "missing_branches": 0}, "missing_lines": [82], "excluded_lines": [], "executed_branches": [], "missing_branches": []}, "CommentValue.dump": {"executed_lines": [], "summary": {"covered_lines": 0, "num_statements": 4, "percent_covered": 0.0, "percent_covered_display": "0", "missing_lines": 4, "excluded_lines": 0, "num_branches": 2, "num_partial_branches": 0, "covered_branches": 0, "missing_branches": 2}, "missing_lines": [85, 86, 87, 89], "excluded_lines": [], "executed_branches": [], "missing_branches": [[86, 87], [86, 89]]}, "_strictly_valid_num": {"executed_lines": [93, 94, 96, 98, 100, 102, 103, 104, 106, 110, 112], "summary": {"covered_lines": 11, "num_statements": 20, "percent_covered": 52.63157894736842, "percent_covered_display": "53", "missing_lines": 9, "excluded_lines": 0, "num_branches": 18, "num_partial_branches": 7, "covered_branches": 9, "missing_branches": 9}, "missing_lines": [95, 97, 99, 101, 105, 107, 108, 109, 111], "excluded_lines": [], "executed_branches": [[94, 96], [96, 98], [98, 100], [100, 102], [102, 103], [102, 104], [104, 106], [106, 110], [110, 112]], "missing_branches": [[94, 95], [96, 97], [98, 99], [100, 101], [104, 105], [106, 107], [108, 109], [108, 110], [110, 111]]}, "load": {"executed_lines": [134, 137, 156, 157], "summary": {"covered_lines": 4, "num_statements": 23, "percent_covered": 15.789473684210526, "percent_covered_display": "16", "missing_lines": 19, "excluded_lines": 0, "num_branches": 15, "num_partial_branches": 2, "covered_branches": 2, "missing_branches": 13}, "missing_lines": [135, 136, 138, 139, 141, 142, 143, 144, 145, 146, 147, 148, 149, 150, 151, 153, 154, 158, 159], "excluded_lines": [], "executed_branches": [[134, 137], [137, 156]], "missing_branches": [[134, 135], [135, -115], [135, 136], [137, 138], [141, -141], [141, 142], [141, 146], [146, 147], [146, 148], [149, 150], [149, 154], [150, 151], [150, 153]]}, "loads": {"executed_lines": [180, 181, 182, 183, 184, 185, 188, 191, 192, 193, 194, 195, 196, 197, 198, 199, 200, 201, 202, 203, 204, 206, 207, 210, 211, 212, 216, 228, 229, 230, 231, 232, 235, 236, 241, 242, 248, 254, 255, 256, 257, 258, 267, 268, 269, 270, 276, 280, 281, 282, 284, 285, 286, 287, 288, 289, 290, 295, 296, 301, 302, 306, 307, 308, 310, 311, 323, 324, 325, 328, 330, 331, 332, 333, 334, 338, 339, 340, 347, 350, 351, 352, 353, 354, 355, 357, 358, 359, 363, 367, 368, 369, 370, 371, 372, 373, 374, 375, 377, 379, 380, 381, 382, 383, 416, 417, 418, 422, 427, 428, 429, 430, 431, 432, 433, 434, 437, 438, 440, 441, 442, 443, 444, 459, 463, 464, 465, 466, 467, 471, 472, 490, 496, 497, 498, 499, 500, 502, 503, 508, 517, 518, 519, 522, 524], "summary": {"covered_lines": 145, "num_statements": 289, "percent_covered": 48.43423799582463, "percent_covered_display": "48", "missing_lines": 144, "excluded_lines": 0, "num_branches": 190, "num_partial_branches": 43, "covered_branches": 87, "missing_branches": 103}, "missing_lines": [186, 189, 208, 209, 213, 217, 218, 219, 220, 221, 222, 223, 224, 225, 226, 227, 233, 234, 237, 238, 239, 240, 243, 244, 245, 246, 247, 249, 250, 251, 252, 253, 260, 271, 272, 273, 274, 275, 277, 278, 291, 292, 293, 294, 297, 298, 299, 300, 303, 304, 312, 313, 314, 315, 316, 317, 318, 319, 320, 321, 322, 326, 335, 336, 341, 342, 343, 344, 345, 346, 348, 356, 360, 364, 384, 385, 387, 388, 389, 390, 391, 392, 393, 398, 399, 400, 401, 402, 403, 404, 405, 407, 408, 409, 410, 411, 412, 414, 415, 419, 423, 424, 425, 435, 436, 439, 445, 446, 447, 448, 449, 450, 455, 456, 457, 460, 468, 473, 474, 475, 476, 477, 482, 483, 485, 491, 492, 493, 494, 495, 501, 504, 505, 506, 507, 509, 510, 513, 514, 515, 516, 520, 521, 523], "excluded_lines": [], "executed_branches": [[181, 182], [185, 188], [188, 191], [206, 207], [206, 359], [207, 210], [210, 211], [210, 267], [212, 216], [216, 228], [228, 229], [228, 241], [229, 230], [229, 232], [232, 235], [235, 236], [241, 242], [242, 248], [248, 254], [254, 255], [267, 268], [267, 285], [270, 276], [276, 280], [281, 282], [281, 284], [285, 286], [285, 311], [290, 295], [295, 296], [296, 301], [301, 302], [302, 306], [307, 308], [307, 310], [311, 323], [323, 324], [323, 331], [324, 325], [324, 330], [325, 328], [331, 332], [331, 339], [332, 333], [332, 334], [334, 338], [339, 340], [339, 352], [340, 347], [347, 350], [352, 206], [352, 353], [354, 206], [354, 355], [355, 357], [359, 363], [363, 367], [373, 374], [373, 524], [374, 375], [374, 377], [379, 380], [381, 382], [381, 383], [383, 416], [416, 417], [416, 508], [418, 422], [422, 427], [432, 433], [433, 434], [438, 440], [442, 443], [442, 464], [444, 459], [459, 463], [465, 373], [465, 466], [467, 471], [490, 496], [497, 498], [497, 499], [500, 502], [503, 465], [508, 517], [517, 518], [522, 373]], "missing_branches": [[181, 183], [185, 186], [188, 189], [207, 208], [212, 213], [216, 217], [217, 218], [217, 227], [220, 221], [220, 223], [223, 224], [223, 227], [232, 233], [235, 237], [237, 238], [237, 254], [241, 254], [242, 243], [243, 244], [243, 247], [245, 246], [245, 247], [248, 249], [251, 252], [251, 253], [254, 260], [270, 271], [272, 270], [272, 273], [276, 277], [290, 291], [292, 290], [292, 293], [295, 301], [296, 297], [301, 307], [302, 303], [311, 312], [315, 316], [315, 321], [321, 322], [321, 323], [325, 326], [334, 335], [335, 336], [335, 339], [340, 341], [341, 342], [341, 343], [343, 344], [343, 351], [345, 346], [345, 351], [347, 348], [355, 356], [359, 360], [363, 364], [379, 381], [383, 384], [384, 385], [384, 387], [390, 391], [390, 392], [392, 393], [392, 398], [398, 399], [398, 407], [408, 409], [408, 411], [411, 412], [411, 414], [418, 419], [422, 423], [432, 437], [433, 435], [438, 439], [444, 445], [447, 448], [447, 456], [449, 450], [449, 455], [459, 460], [467, 468], [473, 474], [473, 502], [474, 475], [474, 482], [476, 477], [476, 502], [482, 483], [482, 485], [490, 491], [492, 493], [492, 502], [494, 495], [494, 502], [500, 501], [503, 504], [508, 509], [509, 510], [509, 513], [517, 373], [522, 523]]}, "_load_date": {"executed_lines": [528, 529, 530, 531, 556, 557], "summary": {"covered_lines": 6, "num_statements": 34, "percent_covered": 16.0, "percent_covered_display": "16", "missing_lines": 28, "excluded_lines": 0, "num_branches": 16, "num_partial_branches": 2, "covered_branches": 2, "missing_branches": 14}, "missing_lines": [532, 533, 534, 535, 537, 538, 539, 540, 541, 542, 543, 544, 545, 547, 548, 549, 550, 551, 553, 554, 555, 558, 559, 560, 562, 572, 573, 574], "excluded_lines": [], "executed_branches": [[531, 556], [556, 557]], "missing_branches": [[531, 532], [532, 533], [532, 553], [533, 534], [533, 537], [538, 539], [538, 542], [542, 543], [542, 547], [549, 550], [549, 551], [556, 558], [559, 560], [559, 562]]}, "_load_unicode_escapes": {"executed_lines": [], "summary": {"covered_lines": 0, "num_statements": 28, "percent_covered": 0.0, "percent_covered_display": "0", "missing_lines": 28, "excluded_lines": 0, "num_branches": 14, "num_partial_branches": 0, "covered_branches": 0, "missing_branches": 14}, "missing_lines": [578, 579, 580, 581, 582, 583, 584, 585, 586, 587, 588, 589, 590, 591, 592, 593, 594, 595, 596, 597, 598, 599, 600, 601, 602, 605, 606, 607], "excluded_lines": [], "executed_branches": [], "missing_branches": [[580, 581], [580, 583], [583, 584], [583, 607], [584, 585], [584, 593], [587, 588], [587, 590], [596, 597], [596, 598], [599, 600], [599, 601], [601, 602], [601, 605]]}, "_unescape": {"executed_lines": [622, 623, 624, 625, 636, 638, 639], "summary": {"covered_lines": 7, "num_statements": 17, "percent_covered": 37.93103448275862, "percent_covered_display": "38", "missing_lines": 10, "excluded_lines": 0, "num_branches": 12, "num_partial_branches": 2, "covered_branches": 4, "missing_branches": 8}, "missing_lines": [626, 627, 628, 629, 630, 631, 632, 634, 635, 637], "excluded_lines": [], "executed_branches": [[624, 625], [624, 639], [625, 636], [636, 638]], "missing_branches": [[625, 626], [627, 628], [627, 629], [629, 630], [629, 631], [631, 632], [631, 634], [636, 637]]}, "TomlDecoder.__init__": {"executed_lines": [648], "summary": {"covered_lines": 1, "num_statements": 1, "percent_covered": 100.0, "percent_covered_display": "100", "missing_lines": 0, "excluded_lines": 0, "num_branches": 0, "num_partial_branches": 0, "covered_branches": 0, "missing_branches": 0}, "missing_lines": [], "excluded_lines": [], "executed_branches": [], "missing_branches": []}, "TomlDecoder.get_empty_table": {"executed_lines": [651], "summary": {"covered_lines": 1, "num_statements": 1, "percent_covered": 100.0, "percent_covered_display": "100", "missing_lines": 0, "excluded_lines": 0, "num_branches": 0, "num_partial_branches": 0, "covered_branches": 0, "missing_branches": 0}, "missing_lines": [], "excluded_lines": [], "executed_branches": [], "missing_branches": []}, "TomlDecoder.get_empty_inline_table": {"executed_lines": [], "summary": {"covered_lines": 0, "num_statements": 2, "percent_covered": 0.0, "percent_covered_display": "0", "missing_lines": 2, "excluded_lines": 0, "num_branches": 0, "num_partial_branches": 0, "covered_branches": 0, "missing_branches": 0}, "missing_lines": [654, 662], "excluded_lines": [], "executed_branches": [], "missing_branches": []}, "TomlDecoder.load_inline_object": {"executed_lines": [], "summary": {"covered_lines": 0, "num_statements": 20, "percent_covered": 0.0, "percent_covered_display": "0", "missing_lines": 20, "excluded_lines": 0, "num_branches": 12, "num_partial_branches": 0, "covered_branches": 0, "missing_branches": 12}, "missing_lines": [665, 666, 667, 668, 669, 670, 671, 672, 673, 674, 675, 676, 682, 683, 684, 686, 687, 688, 689, 690], "excluded_lines": [], "executed_branches": [], "missing_branches": [[667, 668], [667, 669], [669, 670], [669, 687], [676, 682], [676, 683], [683, 684], [683, 686], [687, -664], [687, 688], [689, 687], [689, 690]]}, "TomlDecoder._get_split_on_quotes": {"executed_lines": [693, 694, 695, 696, 705, 706, 707, 709, 710, 711], "summary": {"covered_lines": 10, "num_statements": 18, "percent_covered": 53.57142857142857, "percent_covered_display": "54", "missing_lines": 8, "excluded_lines": 0, "num_branches": 10, "num_partial_branches": 1, "covered_branches": 5, "missing_branches": 5}, "missing_lines": [697, 698, 699, 700, 701, 702, 703, 704], "excluded_lines": [], "executed_branches": [[696, 705], [705, 706], [705, 711], [706, 707], [706, 709]], "missing_branches": [[696, 697], [699, 700], [699, 704], [702, 699], [702, 703]]}, "TomlDecoder.load_line": {"executed_lines": [714, 715, 716, 717, 718, 719, 722, 723, 724, 726, 752, 753, 775, 777, 778, 788, 789, 790, 792, 794, 795, 798], "summary": {"covered_lines": 22, "num_statements": 71, "percent_covered": 26.495726495726494, "percent_covered_display": "26", "missing_lines": 49, "excluded_lines": 0, "num_branches": 46, "num_partial_branches": 9, "covered_branches": 9, "missing_branches": 37}, "missing_lines": [720, 721, 725, 736, 737, 738, 739, 740, 741, 742, 743, 744, 745, 746, 747, 748, 749, 750, 751, 754, 755, 756, 757, 758, 759, 760, 762, 763, 765, 766, 767, 768, 769, 770, 771, 772, 773, 774, 776, 779, 780, 781, 782, 783, 785, 786, 791, 793, 796], "excluded_lines": [], "executed_branches": [[717, 718], [718, 719], [724, 726], [726, 726], [726, 752], [753, 775], [775, 777], [778, 788], [792, 794], [795, 798]], "missing_branches": [[717, 722], [718, 720], [724, 725], [726, 736], [741, 742], [741, 743], [743, 744], [743, 745], [748, 749], [748, 750], [750, 726], [750, 751], [753, 754], [754, 755], [754, 765], [758, 759], [758, 766], [759, 760], [759, 762], [762, -762], [762, 763], [766, 767], [766, 768], [768, 769], [768, 774], [769, 770], [769, 771], [771, 772], [771, 773], [775, 776], [778, 779], [779, 780], [779, 782], [782, 783], [782, 785], [792, 793], [795, 796]]}, "TomlDecoder._load_line_multiline_str": {"executed_lines": [801, 802, 803, 804, 811, 812, 813, 814], "summary": {"covered_lines": 8, "num_statements": 17, "percent_covered": 48.275862068965516, "percent_covered_display": "48", "missing_lines": 9, "excluded_lines": 0, "num_branches": 12, "num_partial_branches": 2, "covered_branches": 6, "missing_branches": 6}, "missing_lines": [805, 806, 807, 808, 809, 810, 815, 816, 817], "excluded_lines": [], "executed_branches": [[802, 803], [802, 804], [804, 811], [811, 812], [811, 813], [813, 814]], "missing_branches": [[804, 805], [806, 807], [806, 808], [813, 815], [815, 816], [815, 817]]}, "TomlDecoder.load_value": {"executed_lines": [820, 822, 823, 824, 825, 826, 827, 828, 829, 830, 831, 834, 835, 836, 837, 840, 842, 843, 844, 845, 846, 852, 853, 858, 859, 862, 863, 864, 865, 873, 874, 877, 878, 880, 881, 882, 883, 887, 892, 893, 895, 897, 898, 899, 902, 904, 905, 906, 913, 916, 917, 918, 920], "summary": {"covered_lines": 53, "num_statements": 93, "percent_covered": 55.9748427672956, "percent_covered_display": "56", "missing_lines": 40, "excluded_lines": 0, "num_branches": 66, "num_partial_branches": 20, "covered_branches": 36, "missing_branches": 30}, "missing_lines": [821, 832, 833, 838, 847, 848, 849, 850, 851, 854, 861, 866, 867, 869, 870, 871, 872, 875, 876, 879, 884, 885, 886, 888, 889, 890, 894, 896, 900, 901, 903, 907, 908, 909, 910, 911, 912, 914, 915, 919], "excluded_lines": [], "executed_branches": [[820, 822], [822, 823], [822, 824], [824, 825], [824, 826], [826, 827], [826, 881], [831, 834], [835, 836], [835, 862], [836, 837], [836, 842], [837, 840], [846, 852], [852, 853], [853, 858], [858, 859], [862, 863], [862, 878], [865, 873], [873, 874], [873, 877], [874, 873], [878, 880], [881, 882], [881, 883], [883, 887], [887, 892], [893, 895], [895, 897], [899, 902], [902, 904], [906, 913], [913, 916], [916, 917], [918, 920]], "missing_branches": [[820, 821], [831, 832], [837, 838], [846, 847], [852, 835], [853, 854], [858, 861], [865, 866], [866, 867], [866, 869], [869, 870], [869, 871], [871, 865], [871, 872], [874, 875], [878, 879], [883, 884], [887, 888], [893, 894], [895, 896], [899, 900], [902, 903], [906, 907], [907, 908], [907, 909], [909, 910], [909, 911], [913, 914], [916, 918], [918, 919]]}, "TomlDecoder.bounded_string": {"executed_lines": [923, 925, 927, 928, 929, 930, 934, 935], "summary": {"covered_lines": 8, "num_statements": 12, "percent_covered": 60.0, "percent_covered_display": "60", "missing_lines": 4, "excluded_lines": 0, "num_branches": 8, "num_partial_branches": 4, "covered_branches": 4, "missing_branches": 4}, "missing_lines": [924, 926, 931, 932], "excluded_lines": [], "executed_branches": [[923, 925], [925, 927], [929, 930], [930, 934]], "missing_branches": [[923, 924], [925, 926], [929, 935], [930, 931]]}, "TomlDecoder._load_array_isstrarray": {"executed_lines": [938, 939, 940], "summary": {"covered_lines": 3, "num_statements": 4, "percent_covered": 66.66666666666667, "percent_covered_display": "67", "missing_lines": 1, "excluded_lines": 0, "num_branches": 2, "num_partial_branches": 1, "covered_branches": 1, "missing_branches": 1}, "missing_lines": [941], "excluded_lines": [], "executed_branches": [[939, 940]], "missing_branches": [[939, 941]]}, "TomlDecoder.load_array": {"executed_lines": [944, 945, 946, 947, 948, 949, 950, 990, 991, 992, 993, 994, 1006, 1021, 1022, 1023, 1024, 1025, 1026, 1029, 1030, 1031], "summary": {"covered_lines": 22, "num_statements": 70, "percent_covered": 29.82456140350877, "percent_covered_display": "30", "missing_lines": 48, "excluded_lines": 0, "num_branches": 44, "num_partial_branches": 6, "covered_branches": 12, "missing_branches": 32}, "missing_lines": [954, 955, 956, 957, 958, 959, 960, 961, 962, 963, 964, 965, 966, 967, 968, 969, 970, 971, 972, 973, 974, 975, 978, 980, 985, 986, 987, 988, 989, 1000, 1001, 1002, 1003, 1005, 1008, 1009, 1010, 1011, 1012, 1013, 1014, 1015, 1016, 1017, 1018, 1019, 1020, 1027], "excluded_lines": [], "executed_branches": [[947, 948], [949, 950], [991, 992], [992, 993], [992, 1021], [994, 994], [994, 1006], [1021, 1022], [1021, 1031], [1023, 1024], [1025, 1026], [1025, 1029], [1026, 1030]], "missing_branches": [[947, 1008], [949, 954], [959, 960], [959, 989], [960, 961], [960, 967], [961, 962], [961, 966], [963, 964], [963, 966], [967, 968], [967, 969], [969, 970], [969, 972], [972, 973], [972, 978], [986, 987], [986, 988], [991, 1021], [994, 1000], [1002, 1003], [1002, 1005], [1012, 1013], [1012, 1020], [1013, 1014], [1013, 1015], [1015, 1016], [1015, 1017], [1017, 1012], [1017, 1018], [1023, 1021], [1026, 1027]]}, "TomlDecoder.preserve_comment": {"executed_lines": [], "summary": {"covered_lines": 0, "num_statements": 1, "percent_covered": 0.0, "percent_covered_display": "0", "missing_lines": 1, "excluded_lines": 0, "num_branches": 0, "num_partial_branches": 0, "covered_branches": 0, "missing_branches": 0}, "missing_lines": [1034], "excluded_lines": [], "executed_branches": [], "missing_branches": []}, "TomlDecoder.embed_comments": {"executed_lines": [1037], "summary": {"covered_lines": 1, "num_statements": 1, "percent_covered": 100.0, "percent_covered_display": "100", "missing_lines": 0, "excluded_lines": 0, "num_branches": 0, "num_partial_branches": 0, "covered_branches": 0, "missing_branches": 0}, "missing_lines": [], "excluded_lines": [], "executed_branches": [], "missing_branches": []}, "TomlPreserveCommentDecoder.__init__": {"executed_lines": [], "summary": {"covered_lines": 0, "num_statements": 2, "percent_covered": 0.0, "percent_covered_display": "0", "missing_lines": 2, "excluded_lines": 0, "num_branches": 0, "num_partial_branches": 0, "covered_branches": 0, "missing_branches": 0}, "missing_lines": [1042, 1043], "excluded_lines": [], "executed_branches": [], "missing_branches": []}, "TomlPreserveCommentDecoder.preserve_comment": {"executed_lines": [], "summary": {"covered_lines": 0, "num_statements": 1, "percent_covered": 0.0, "percent_covered_display": "0", "missing_lines": 1, "excluded_lines": 0, "num_branches": 0, "num_partial_branches": 0, "covered_branches": 0, "missing_branches": 0}, "missing_lines": [1046], "excluded_lines": [], "executed_branches": [], "missing_branches": []}, "TomlPreserveCommentDecoder.embed_comments": {"executed_lines": [], "summary": {"covered_lines": 0, "num_statements": 4, "percent_covered": 0.0, "percent_covered_display": "0", "missing_lines": 4, "excluded_lines": 0, "num_branches": 2, "num_partial_branches": 0, "covered_branches": 0, "missing_branches": 2}, "missing_lines": [1049, 1050, 1052, 1053], "excluded_lines": [], "executed_branches": [], "missing_branches": [[1049, 1050], [1049, 1052]]}, "": {"executed_lines": [1, 2, 3, 4, 5, 7, 9, 12, 13, 14, 15, 18, 27, 33, 43, 44, 49, 52, 53, 55, 68, 71, 72, 78, 81, 84, 92, 115, 162, 165, 527, 577, 613, 615, 617, 620, 642, 643, 646, 647, 650, 653, 664, 692, 713, 800, 819, 922, 937, 943, 1033, 1036, 1040, 1041, 1045, 1048], "summary": {"covered_lines": 54, "num_statements": 57, "percent_covered": 93.22033898305085, "percent_covered_display": "93", "missing_lines": 3, "excluded_lines": 0, "num_branches": 2, "num_partial_branches": 1, "covered_branches": 1, "missing_branches": 1}, "missing_lines": [10, 45, 46], "excluded_lines": [], "executed_branches": [[9, 12]], "missing_branches": [[9, 10]]}}, "classes": {"TomlDecodeError": {"executed_lines": [], "summary": {"covered_lines": 0, "num_statements": 9, "percent_covered": 0.0, "percent_covered_display": "0", "missing_lines": 9, "excluded_lines": 0, "num_branches": 0, "num_partial_branches": 0, "covered_branches": 0, "missing_branches": 0}, "missing_lines": [56, 57, 58, 59, 60, 61, 62, 63, 64], "excluded_lines": [], "executed_branches": [], "missing_branches": []}, "CommentValue": {"executed_lines": [], "summary": {"covered_lines": 0, "num_statements": 10, "percent_covered": 0.0, "percent_covered_display": "0", "missing_lines": 10, "excluded_lines": 0, "num_branches": 2, "num_partial_branches": 0, "covered_branches": 0, "missing_branches": 2}, "missing_lines": [73, 74, 75, 76, 79, 82, 85, 86, 87, 89], "excluded_lines": [], "executed_branches": [], "missing_branches": [[86, 87], [86, 89]]}, "InlineTableDict": {"executed_lines": [], "summary": {"covered_lines": 0, "num_statements": 0, "percent_covered": 100.0, "percent_covered_display": "100", "missing_lines": 0, "excluded_lines": 0, "num_branches": 0, "num_partial_branches": 0, "covered_branches": 0, "missing_branches": 0}, "missing_lines": [], "excluded_lines": [], "executed_branches": [], "missing_branches": []}, "TomlDecoder": {"executed_lines": [648, 651, 693, 694, 695, 696, 705, 706, 707, 709, 710, 711, 714, 715, 716, 717, 718, 719, 722, 723, 724, 726, 752, 753, 775, 777, 778, 788, 789, 790, 792, 794, 795, 798, 801, 802, 803, 804, 811, 812, 813, 814, 820, 822, 823, 824, 825, 826, 827, 828, 829, 830, 831, 834, 835, 836, 837, 840, 842, 843, 844, 845, 846, 852, 853, 858, 859, 862, 863, 864, 865, 873, 874, 877, 878, 880, 881, 882, 883, 887, 892, 893, 895, 897, 898, 899, 902, 904, 905, 906, 913, 916, 917, 918, 920, 923, 925, 927, 928, 929, 930, 934, 935, 938, 939, 940, 944, 945, 946, 947, 948, 949, 950, 990, 991, 992, 993, 994, 1006, 1021, 1022, 1023, 1024, 1025, 1026, 1029, 1030, 1031, 1037], "summary": {"covered_lines": 129, "num_statements": 311, "percent_covered": 39.53033268101761, "percent_covered_display": "40", "missing_lines": 182, "excluded_lines": 0, "num_branches": 200, "num_partial_branches": 43, "covered_branches": 73, "missing_branches": 127}, "missing_lines": [654, 662, 665, 666, 667, 668, 669, 670, 671, 672, 673, 674, 675, 676, 682, 683, 684, 686, 687, 688, 689, 690, 697, 698, 699, 700, 701, 702, 703, 704, 720, 721, 725, 736, 737, 738, 739, 740, 741, 742, 743, 744, 745, 746, 747, 748, 749, 750, 751, 754, 755, 756, 757, 758, 759, 760, 762, 763, 765, 766, 767, 768, 769, 770, 771, 772, 773, 774, 776, 779, 780, 781, 782, 783, 785, 786, 791, 793, 796, 805, 806, 807, 808, 809, 810, 815, 816, 817, 821, 832, 833, 838, 847, 848, 849, 850, 851, 854, 861, 866, 867, 869, 870, 871, 872, 875, 876, 879, 884, 885, 886, 888, 889, 890, 894, 896, 900, 901, 903, 907, 908, 909, 910, 911, 912, 914, 915, 919, 924, 926, 931, 932, 941, 954, 955, 956, 957, 958, 959, 960, 961, 962, 963, 964, 965, 966, 967, 968, 969, 970, 971, 972, 973, 974, 975, 978, 980, 985, 986, 987, 988, 989, 1000, 1001, 1002, 1003, 1005, 1008, 1009, 1010, 1011, 1012, 1013, 1014, 1015, 1016, 1017, 1018, 1019, 1020, 1027, 1034], "excluded_lines": [], "executed_branches": [[696, 705], [705, 706], [705, 711], [706, 707], [706, 709], [717, 718], [718, 719], [724, 726], [726, 726], [726, 752], [753, 775], [775, 777], [778, 788], [792, 794], [795, 798], [802, 803], [802, 804], [804, 811], [811, 812], [811, 813], [813, 814], [820, 822], [822, 823], [822, 824], [824, 825], [824, 826], [826, 827], [826, 881], [831, 834], [835, 836], [835, 862], [836, 837], [836, 842], [837, 840], [846, 852], [852, 853], [853, 858], [858, 859], [862, 863], [862, 878], [865, 873], [873, 874], [873, 877], [874, 873], [878, 880], [881, 882], [881, 883], [883, 887], [887, 892], [893, 895], [895, 897], [899, 902], [902, 904], [906, 913], [913, 916], [916, 917], [918, 920], [923, 925], [925, 927], [929, 930], [930, 934], [939, 940], [947, 948], [949, 950], [991, 992], [992, 993], [992, 1021], [994, 994], [994, 1006], [1021, 1022], [1021, 1031], [1023, 1024], [1025, 1026], [1025, 1029], [1026, 1030]], "missing_branches": [[667, 668], [667, 669], [669, 670], [669, 687], [676, 682], [676, 683], [683, 684], [683, 686], [687, -664], [687, 688], [689, 687], [689, 690], [696, 697], [699, 700], [699, 704], [702, 699], [702, 703], [717, 722], [718, 720], [724, 725], [726, 736], [741, 742], [741, 743], [743, 744], [743, 745], [748, 749], [748, 750], [750, 726], [750, 751], [753, 754], [754, 755], [754, 765], [758, 759], [758, 766], [759, 760], [759, 762], [762, -762], [762, 763], [766, 767], [766, 768], [768, 769], [768, 774], [769, 770], [769, 771], [771, 772], [771, 773], [775, 776], [778, 779], [779, 780], [779, 782], [782, 783], [782, 785], [792, 793], [795, 796], [804, 805], [806, 807], [806, 808], [813, 815], [815, 816], [815, 817], [820, 821], [831, 832], [837, 838], [846, 847], [852, 835], [853, 854], [858, 861], [865, 866], [866, 867], [866, 869], [869, 870], [869, 871], [871, 865], [871, 872], [874, 875], [878, 879], [883, 884], [887, 888], [893, 894], [895, 896], [899, 900], [902, 903], [906, 907], [907, 908], [907, 909], [909, 910], [909, 911], [913, 914], [916, 918], [918, 919], [923, 924], [925, 926], [929, 935], [930, 931], [939, 941], [947, 1008], [949, 954], [959, 960], [959, 989], [960, 961], [960, 967], [961, 962], [961, 966], [963, 964], [963, 966], [967, 968], [967, 969], [969, 970], [969, 972], [972, 973], [972, 978], [986, 987], [986, 988], [991, 1021], [994, 1000], [1002, 1003], [1002, 1005], [1012, 1013], [1012, 1020], [1013, 1014], [1013, 1015], [1015, 1016], [1015, 1017], [1017, 1012], [1017, 1018], [1023, 1021], [1026, 1027]]}, "TomlDecoder.get_empty_inline_table.DynamicInlineTableDict": {"executed_lines": [], "summary": {"covered_lines": 0, "num_statements": 0, "percent_covered": 100.0, "percent_covered_display": "100", "missing_lines": 0, "excluded_lines": 0, "num_branches": 0, "num_partial_branches": 0, "covered_branches": 0, "missing_branches": 0}, "missing_lines": [], "excluded_lines": [], "executed_branches": [], "missing_branches": []}, "TomlPreserveCommentDecoder": {"executed_lines": [], "summary": {"covered_lines": 0, "num_statements": 7, "percent_covered": 0.0, "percent_covered_display": "0", "missing_lines": 7, "excluded_lines": 0, "num_branches": 2, "num_partial_branches": 0, "covered_branches": 0, "missing_branches": 2}, "missing_lines": [1042, 1043, 1046, 1049, 1050, 1052, 1053], "excluded_lines": [], "executed_branches": [], "missing_branches": [[1049, 1050], [1049, 1052]]}, "": {"executed_lines": [1, 2, 3, 4, 5, 7, 9, 12, 13, 14, 15, 18, 19, 20, 22, 24, 27, 28, 30, 33, 43, 44, 49, 52, 53, 55, 68, 71, 72, 78, 81, 84, 92, 93, 94, 96, 98, 100, 102, 103, 104, 106, 110, 112, 115, 134, 137, 156, 157, 162, 165, 180, 181, 182, 183, 184, 185, 188, 191, 192, 193, 194, 195, 196, 197, 198, 199, 200, 201, 202, 203, 204, 206, 207, 210, 211, 212, 216, 228, 229, 230, 231, 232, 235, 236, 241, 242, 248, 254, 255, 256, 257, 258, 267, 268, 269, 270, 276, 280, 281, 282, 284, 285, 286, 287, 288, 289, 290, 295, 296, 301, 302, 306, 307, 308, 310, 311, 323, 324, 325, 328, 330, 331, 332, 333, 334, 338, 339, 340, 347, 350, 351, 352, 353, 354, 355, 357, 358, 359, 363, 367, 368, 369, 370, 371, 372, 373, 374, 375, 377, 379, 380, 381, 382, 383, 416, 417, 418, 422, 427, 428, 429, 430, 431, 432, 433, 434, 437, 438, 440, 441, 442, 443, 444, 459, 463, 464, 465, 466, 467, 471, 472, 490, 496, 497, 498, 499, 500, 502, 503, 508, 517, 518, 519, 522, 524, 527, 528, 529, 530, 531, 556, 557, 577, 613, 615, 617, 620, 622, 623, 624, 625, 636, 638, 639, 642, 643, 646, 647, 650, 653, 664, 692, 713, 800, 819, 922, 937, 943, 1033, 1036, 1040, 1041, 1045, 1048], "summary": {"covered_lines": 233, "num_statements": 482, "percent_covered": 44.927536231884055, "percent_covered_display": "45", "missing_lines": 249, "excluded_lines": 0, "num_branches": 277, "num_partial_branches": 60, "covered_branches": 108, "missing_branches": 169}, "missing_lines": [10, 23, 29, 34, 35, 37, 38, 39, 40, 45, 46, 95, 97, 99, 101, 105, 107, 108, 109, 111, 135, 136, 138, 139, 141, 142, 143, 144, 145, 146, 147, 148, 149, 150, 151, 153, 154, 158, 159, 186, 189, 208, 209, 213, 217, 218, 219, 220, 221, 222, 223, 224, 225, 226, 227, 233, 234, 237, 238, 239, 240, 243, 244, 245, 246, 247, 249, 250, 251, 252, 253, 260, 271, 272, 273, 274, 275, 277, 278, 291, 292, 293, 294, 297, 298, 299, 300, 303, 304, 312, 313, 314, 315, 316, 317, 318, 319, 320, 321, 322, 326, 335, 336, 341, 342, 343, 344, 345, 346, 348, 356, 360, 364, 384, 385, 387, 388, 389, 390, 391, 392, 393, 398, 399, 400, 401, 402, 403, 404, 405, 407, 408, 409, 410, 411, 412, 414, 415, 419, 423, 424, 425, 435, 436, 439, 445, 446, 447, 448, 449, 450, 455, 456, 457, 460, 468, 473, 474, 475, 476, 477, 482, 483, 485, 491, 492, 493, 494, 495, 501, 504, 505, 506, 507, 509, 510, 513, 514, 515, 516, 520, 521, 523, 532, 533, 534, 535, 537, 538, 539, 540, 541, 542, 543, 544, 545, 547, 548, 549, 550, 551, 553, 554, 555, 558, 559, 560, 562, 572, 573, 574, 578, 579, 580, 581, 582, 583, 584, 585, 586, 587, 588, 589, 590, 591, 592, 593, 594, 595, 596, 597, 598, 599, 600, 601, 602, 605, 606, 607, 626, 627, 628, 629, 630, 631, 632, 634, 635, 637], "excluded_lines": [], "executed_branches": [[9, 12], [19, 20], [22, 24], [28, 30], [94, 96], [96, 98], [98, 100], [100, 102], [102, 103], [102, 104], [104, 106], [106, 110], [110, 112], [134, 137], [137, 156], [181, 182], [185, 188], [188, 191], [206, 207], [206, 359], [207, 210], [210, 211], [210, 267], [212, 216], [216, 228], [228, 229], [228, 241], [229, 230], [229, 232], [232, 235], [235, 236], [241, 242], [242, 248], [248, 254], [254, 255], [267, 268], [267, 285], [270, 276], [276, 280], [281, 282], [281, 284], [285, 286], [285, 311], [290, 295], [295, 296], [296, 301], [301, 302], [302, 306], [307, 308], [307, 310], [311, 323], [323, 324], [323, 331]
[...]
ments": 1, "percent_covered": 100.0, "percent_covered_display": "100", "missing_lines": 0, "excluded_lines": 0, "num_branches": 0, "num_partial_branches": 0, "covered_branches": 0, "missing_branches": 0}, "missing_lines": [], "excluded_lines": [], "executed_branches": [], "missing_branches": [], "functions": {"": {"executed_lines": [1, 8], "summary": {"covered_lines": 1, "num_statements": 1, "percent_covered": 100.0, "percent_covered_display": "100", "missing_lines": 0, "excluded_lines": 0, "num_branches": 0, "num_partial_branches": 0, "covered_branches": 0, "missing_branches": 0}, "missing_lines": [], "excluded_lines": [], "executed_branches": [], "missing_branches": []}}, "classes": {"": {"executed_lines": [1, 8], "summary": {"covered_lines": 1, "num_statements": 1, "percent_covered": 100.0, "percent_covered_display": "100", "missing_lines": 0, "excluded_lines": 0, "num_branches": 0, "num_partial_branches": 0, "covered_branches": 0, "missing_branches": 0}, "missing_lines": [], "excluded_lines": [], "executed_branches": [], "missing_branches": []}}}, "isort/utils.py": {"executed_lines": [1, 2, 5, 12, 13, 16], "summary": {"covered_lines": 5, "num_statements": 5, "percent_covered": 100.0, "percent_covered_display": "100", "missing_lines": 0, "excluded_lines": 3, "num_branches": 0, "num_partial_branches": 0, "covered_branches": 0, "missing_branches": 0}, "missing_lines": [], "excluded_lines": [13, 14, 15], "executed_branches": [], "missing_branches": [], "functions": {"exists_case_sensitive": {"executed_lines": [12, 13, 16], "summary": {"covered_lines": 2, "num_statements": 2, "percent_covered": 100.0, "percent_covered_display": "100", "missing_lines": 0, "excluded_lines": 3, "num_branches": 0, "num_partial_branches": 0, "covered_branches": 0, "missing_branches": 0}, "missing_lines": [], "excluded_lines": [13, 14, 15], "executed_branches": [], "missing_branches": []}, "": {"executed_lines": [1, 2, 5], "summary": {"covered_lines": 3, "num_statements": 3, "percent_covered": 100.0, "percent_covered_display": "100", "missing_lines": 0, "excluded_lines": 0, "num_branches": 0, "num_partial_branches": 0, "covered_branches": 0, "missing_branches": 0}, "missing_lines": [], "excluded_lines": [], "executed_branches": [], "missing_branches": []}}, "classes": {"": {"executed_lines": [1, 2, 5, 12, 13, 16], "summary": {"covered_lines": 5, "num_statements": 5, "percent_covered": 100.0, "percent_covered_display": "100", "missing_lines": 0, "excluded_lines": 3, "num_branches": 0, "num_partial_branches": 0, "covered_branches": 0, "missing_branches": 0}, "missing_lines": [], "excluded_lines": [13, 14, 15], "executed_branches": [], "missing_branches": []}}}, "isort/wrap.py": {"executed_lines": [1, 2, 3, 5, 6, 7, 10, 19, 20, 21, 22, 23, 35, 36, 37, 38, 39, 42, 43, 44, 45, 46, 58, 59, 60, 61, 64, 66, 67, 68, 69, 70, 72, 73, 74, 77, 78, 91, 92, 95, 96, 97, 100, 105, 106, 109, 111, 115, 118, 119, 123, 127, 128, 131, 132, 133, 134, 137, 140], "summary": {"covered_lines": 59, "num_statements": 72, "percent_covered": 80.0, "percent_covered_display": "80", "missing_lines": 13, "excluded_lines": 0, "num_branches": 38, "num_partial_branches": 9, "covered_branches": 29, "missing_branches": 9}, "missing_lines": [41, 71, 79, 88, 98, 107, 117, 120, 121, 122, 129, 130, 135], "excluded_lines": [], "executed_branches": [[35, 36], [35, 59], [38, 39], [39, -39], [39, 39], [39, 42], [43, 44], [43, 59], [59, 60], [59, 61], [67, 68], [67, 133], [70, 72], [72, 73], [72, 137], [74, 72], [74, 74], [74, 77], [78, 91], [92, 92], [92, 95], [92, 97], [97, 100], [105, 106], [105, 132], [106, 109], [111, 111], [111, 115], [119, 123], [128, 131], [133, 134], [133, 137], [134, 137]], "missing_branches": [[38, 41], [70, 71], [78, 79], [97, 98], [106, 107], [111, 117], [119, 120], [128, 129], [134, 135]], "functions": {"import_statement": {"executed_lines": [19, 20, 21, 22, 23, 35, 36, 37, 38, 39, 42, 43, 44, 45, 46, 58, 59, 60, 61], "summary": {"covered_lines": 19, "num_statements": 20, "percent_covered": 93.33333333333333, "percent_covered_display": "93", "missing_lines": 1, "excluded_lines": 0, "num_branches": 10, "num_partial_branches": 1, "covered_branches": 9, "missing_branches": 1}, "missing_lines": [41], "excluded_lines": [], "executed_branches": [[35, 36], [35, 59], [38, 39], [39, -39], [39, 39], [39, 42], [43, 44], [43, 59], [59, 60], [59, 61]], "missing_branches": [[38, 41]]}, "line": {"executed_lines": [66, 67, 68, 69, 70, 72, 73, 74, 77, 78, 91, 92, 95, 96, 97, 100, 105, 106, 109, 111, 115, 118, 119, 123, 127, 128, 131, 132, 133, 134, 137], "summary": {"covered_lines": 31, "num_statements": 43, "percent_covered": 71.83098591549296, "percent_covered_display": "72", "missing_lines": 12, "excluded_lines": 0, "num_branches": 28, "num_partial_branches": 8, "covered_branches": 20, "missing_branches": 8}, "missing_lines": [71, 79, 88, 98, 107, 117, 120, 121, 122, 129, 130, 135], "excluded_lines": [], "executed_branches": [[67, 68], [67, 133], [70, 72], [72, 73], [72, 137], [74, 72], [74, 74], [74, 77], [78, 91], [92, 92], [92, 95], [92, 97], [97, 100], [105, 106], [105, 132], [106, 109], [111, 111], [111, 115], [119, 123], [128, 131], [133, 134], [133, 137], [134, 137]], "missing_branches": [[70, 71], [78, 79], [97, 98], [106, 107], [111, 117], [119, 120], [128, 129], [134, 135]]}, "": {"executed_lines": [1, 2, 3, 5, 6, 7, 10, 64, 140], "summary": {"covered_lines": 9, "num_statements": 9, "percent_covered": 100.0, "percent_covered_display": "100", "missing_lines": 0, "excluded_lines": 0, "num_branches": 0, "num_partial_branches": 0, "covered_branches": 0, "missing_branches": 0}, "missing_lines": [], "excluded_lines": [], "executed_branches": [], "missing_branches": []}}, "classes": {"": {"executed_lines": [1, 2, 3, 5, 6, 7, 10, 19, 20, 21, 22, 23, 35, 36, 37, 38, 39, 42, 43, 44, 45, 46, 58, 59, 60, 61, 64, 66, 67, 68, 69, 70, 72, 73, 74, 77, 78, 91, 92, 95, 96, 97, 100, 105, 106, 109, 111, 115, 118, 119, 123, 127, 128, 131, 132, 133, 134, 137, 140], "summary": {"covered_lines": 59, "num_statements": 72, "percent_covered": 80.0, "percent_covered_display": "80", "missing_lines": 13, "excluded_lines": 0, "num_branches": 38, "num_partial_branches": 9, "covered_branches": 29, "missing_branches": 9}, "missing_lines": [41, 71, 79, 88, 98, 107, 117, 120, 121, 122, 129, 130, 135], "excluded_lines": [], "executed_branches": [[35, 36], [35, 59], [38, 39], [39, -39], [39, 39], [39, 42], [43, 44], [43, 59], [59, 60], [59, 61], [67, 68], [67, 133], [70, 72], [72, 73], [72, 137], [74, 72], [74, 74], [74, 77], [78, 91], [92, 92], [92, 95], [92, 97], [97, 100], [105, 106], [105, 132], [106, 109], [111, 111], [111, 115], [119, 123], [128, 131], [133, 134], [133, 137], [134, 137]], "missing_branches": [[38, 41], [70, 71], [78, 79], [97, 98], [106, 107], [111, 117], [119, 120], [128, 129], [134, 135]]}}}, "isort/wrap_modes.py": {"executed_lines": [1, 2, 3, 4, 6, 8, 11, 12, 15, 16, 19, 32, 35, 39, 40, 41, 42, 45, 46, 47, 48, 50, 51, 52, 53, 59, 63, 64, 70, 71, 80, 82, 83, 86, 87, 88, 89, 91, 102, 105, 106, 109, 110, 111, 164, 165, 166, 169, 170, 171, 177, 178, 179, 185, 186, 187, 189, 200, 201, 202, 203, 204, 206, 207, 209, 210, 211, 215, 216, 217, 218, 221, 222, 223, 226, 227, 228, 235, 236, 239, 242, 243, 244, 245, 246, 247, 248, 252, 253, 254, 255, 257, 258, 259, 262, 263, 270, 271, 272, 273, 275, 276, 277, 279, 280, 281, 282, 283, 289, 293, 302, 303, 305, 306, 307, 310, 311, 315, 316, 317, 318, 321], "summary": {"covered_lines": 121, "num_statements": 156, "percent_covered": 75.23364485981308, "percent_covered_display": "75", "missing_lines": 35, "excluded_lines": 0, "num_branches": 58, "num_partial_branches": 2, "covered_branches": 40, "missing_branches": 18}, "missing_lines": [65, 66, 67, 69, 112, 114, 115, 116, 117, 118, 119, 121, 122, 123, 124, 126, 127, 136, 137, 138, 139, 140, 146, 147, 148, 157, 158, 159, 160, 161, 264, 265, 266, 267, 312], "excluded_lines": [], "executed_branches": [[47, 48], [47, 50], [51, 52], [51, 83], [59, 59], [59, 63], [59, 82], [64, 70], [88, 89], [88, 91], [110, 111], [186, -185], [186, 187], [186, 189], [200, 201], [200, 216], [204, 206], [204, 207], [207, 209], [207, 210], [210, 211], [210, 215], [216, 217], [216, 218], [247, 248], [247, 257], [248, 248], [248, 252], [248, 253], [253, 254], [253, 255], [257, 258], [257, 259], [272, 273], [272, 275], [281, 282], [281, 305], [289, 289], [289, 293], [289, 303], [305, 306], [305, 307], [321, -321], [321, -1], [321, 321]], "missing_branches": [[64, 65], [66, 67], [66, 69], [110, 112], [115, 116], [115, 117], [117, 118], [117, 119], [121, 122], [121, 123], [126, 127], [126, 137], [138, 139], [138, 159], [147, 148], [147, 158], [264, 265], [264, 266]], "functions": {"from_string": {"executed_lines": [12], "summary": {"covered_lines": 1, "num_statements": 1, "percent_covered": 100.0, "percent_covered_display": "100", "missing_lines": 0, "excluded_lines": 0, "num_branches": 0, "num_partial_branches": 0, "covered_branches": 0, "missing_branches": 0}, "missing_lines": [], "excluded_lines": [], "executed_branches": [], "missing_branches": []}, "formatter_from_string": {"executed_lines": [16], "summary": {"covered_lines": 1, "num_statements": 1, "percent_covered": 100.0, "percent_covered_display": "100", "missing_lines": 0, "excluded_lines": 0, "num_branches": 0, "num_partial_branches": 0, "covered_branches": 0, "missing_branches": 0}, "missing_lines": [], "excluded_lines": [], "executed_branches": [], "missing_branches": []}, "_wrap_mode_interface": {"executed_lines": [32], "summary": {"covered_lines": 1, "num_statements": 1, "percent_covered": 100.0, "percent_covered_display": "100", "missing_lines": 0, "excluded_lines": 0, "num_branches": 0, "num_partial_branches": 0, "covered_branches": 0, "missing_branches": 0}, "missing_lines": [], "excluded_lines": [], "executed_branches": [], "missing_branches": []}, "_wrap_mode": {"executed_lines": [39, 40, 41, 42], "summary": {"covered_lines": 4, "num_statements": 4, "percent_covered": 100.0, "percent_covered_display": "100", "missing_lines": 0, "excluded_lines": 0, "num_branches": 0, "num_partial_branches": 0, "covered_branches": 0, "missing_branches": 0}, "missing_lines": [], "excluded_lines": [], "executed_branches": [], "missing_branches": []}, "grid": {"executed_lines": [47, 48, 50, 51, 52, 53, 59, 63, 64, 70, 71, 80, 82, 83], "summary": {"covered_lines": 14, "num_statements": 18, "percent_covered": 75.0, "percent_covered_display": "75", "missing_lines": 4, "excluded_lines": 0, "num_branches": 10, "num_partial_branches": 1, "covered_branches": 7, "missing_branches": 3}, "missing_lines": [65, 66, 67, 69], "excluded_lines": [], "executed_branches": [[47, 48], [47, 50], [51, 52], [51, 83], [59, 59], [59, 63], [59, 82], [64, 70]], "missing_branches": [[64, 65], [66, 67], [66, 69]]}, "vertical": {"executed_lines": [88, 89, 91, 102, 105, 106], "summary": {"covered_lines": 6, "num_statements": 6, "percent_covered": 100.0, "percent_covered_display": "100", "missing_lines": 0, "excluded_lines": 0, "num_branches": 2, "num_partial_branches": 0, "covered_branches": 2, "missing_branches": 0}, "missing_lines": [], "excluded_lines": [], "executed_branches": [[88, 89], [88, 91]], "missing_branches": []}, "_hanging_indent_common": {"executed_lines": [110, 111], "summary": {"covered_lines": 2, "num_statements": 23, "percent_covered": 9.090909090909092, "percent_covered_display": "9", "missing_lines": 21, "excluded_lines": 0, "num_branches": 10, "num_partial_branches": 1, "covered_branches": 1, "missing_branches": 9}, "missing_lines": [112, 114, 121, 122, 123, 124, 126, 127, 136, 137, 138, 139, 140, 146, 147, 148, 157, 158, 159, 160, 161], "excluded_lines": [], "executed_branches": [[110, 111]], "missing_branches": [[110, 112], [121, 122], [121, 123], [126, 127], [126, 137], [138, 139], [138, 159], [147, 148], [147, 158]]}, "_hanging_indent_common.end_line": {"executed_lines": [], "summary": {"covered_lines": 0, "num_statements": 5, "percent_covered": 0.0, "percent_covered_display": "0", "missing_lines": 5, "excluded_lines": 0, "num_branches": 4, "num_partial_branches": 0, "covered_branches": 0, "missing_branches": 4}, "missing_lines": [115, 116, 117, 118, 119], "excluded_lines": [], "executed_branches": [], "missing_branches": [[115, 116], [115, 117], [117, 118], [117, 119]]}, "hanging_indent": {"executed_lines": [166], "summary": {"covered_lines": 1, "num_statements": 1, "percent_covered": 100.0, "percent_covered_display": "100", "missing_lines": 0, "excluded_lines": 0, "num_branches": 0, "num_partial_branches": 0, "covered_branches": 0, "missing_branches": 0}, "missing_lines": [], "excluded_lines": [], "executed_branches": [], "missing_branches": []}, "vertical_hanging_indent": {"executed_lines": [171, 177, 178, 179], "summary": {"covered_lines": 4, "num_statements": 4, "percent_covered": 100.0, "percent_covered_display": "100", "missing_lines": 0, "excluded_lines": 0, "num_branches": 0, "num_partial_branches": 0, "covered_branches": 0, "missing_branches": 0}, "missing_lines": [], "excluded_lines": [], "executed_branches": [], "missing_branches": []}, "_vertical_grid_common": {"executed_lines": [186, 187, 189, 200, 201, 202, 203, 204, 206, 207, 209, 210, 211, 215, 216, 217, 218], "summary": {"covered_lines": 17, "num_statements": 17, "percent_covered": 100.0, "percent_covered_display": "100", "missing_lines": 0, "excluded_lines": 0, "num_branches": 12, "num_partial_branches": 0, "covered_branches": 12, "missing_branches": 0}, "missing_lines": [], "excluded_lines": [], "executed_branches": [[186, -185], [186, 187], [186, 189], [200, 201], [200, 216], [204, 206], [204, 207], [207, 209], [207, 210], [210, 211], [210, 215], [216, 217], [216, 218]], "missing_branches": []}, "vertical_grid": {"executed_lines": [223], "summary": {"covered_lines": 1, "num_statements": 1, "percent_covered": 100.0, "percent_covered_display": "100", "missing_lines": 0, "excluded_lines": 0, "num_branches": 0, "num_partial_branches": 0, "covered_branches": 0, "missing_branches": 0}, "missing_lines": [], "excluded_lines": [], "executed_branches": [], "missing_branches": []}, "vertical_grid_grouped": {"executed_lines": [228], "summary": {"covered_lines": 1, "num_statements": 1, "percent_covered": 100.0, "percent_covered_display": "100", "missing_lines": 0, "excluded_lines": 0, "num_branches": 0, "num_partial_branches": 0, "covered_branches": 0, "missing_branches": 0}, "missing_lines": [], "excluded_lines": [], "executed_branches": [], "missing_branches": []}, "vertical_grid_grouped_no_comma": {"executed_lines": [239], "summary": {"covered_lines": 1, "num_statements": 1, "percent_covered": 100.0, "percent_covered_display": "100", "missing_lines": 0, "excluded_lines": 0, "num_branches": 0, "num_partial_branches": 0, "covered_branches": 0, "missing_branches": 0}, "missing_lines": [], "excluded_lines": [], "executed_branches": [], "missing_branches": []}, "noqa": {"executed_lines": [244, 245, 246, 247, 248, 252, 253, 254, 255, 257, 258, 259], "summary": {"covered_lines": 12, "num_statements": 12, "percent_covered": 100.0, "percent_covered_display": "100", "missing_lines": 0, "excluded_lines": 0, "num_branches": 8, "num_partial_branches": 0, "covered_branches": 8, "missing_branches": 0}, "missing_lines": [], "excluded_lines": [], "executed_branches": [[247, 248], [247, 257], [248, 248], [248, 252], [248, 253], [253, 254], [253, 255], [257, 258], [257, 259]], "missing_branches": []}, "vertical_hanging_indent_bracket": {"executed_lines": [], "summary": {"covered_lines": 0, "num_statements": 4, "percent_covered": 0.0, "percent_covered_display": "0", "missing_lines": 4, "excluded_lines": 0, "num_branches": 2, "num_partial_branches": 0, "covered_branches": 0, "missing_branches": 2}, "missing_lines": [264, 265, 266, 267], "excluded_lines": [], "executed_branches": [], "missing_branches": [[264, 265], [264, 266]]}, "vertical_prefix_from_module_import": {"executed_lines": [272, 273, 275, 276, 277, 279, 280, 281, 282, 283, 289, 293, 302, 303, 305, 306, 307], "summary": {"covered_lines": 17, "num_statements": 17, "percent_covered": 100.0, "percent_covered_display": "100", "missing_lines": 0, "excluded_lines": 0, "num_branches": 8, "num_partial_branches": 0, "covered_branches": 8, "missing_branches": 0}, "missing_lines": [], "excluded_lines": [], "executed_branches": [[272, 273], [272, 275], [281, 282], [281, 305], [289, 289], [289, 293], [289, 303], [305, 306], [305, 307]], "missing_branches": []}, "hanging_indent_with_parentheses": {"executed_lines": [], "summary": {"covered_lines": 0, "num_statements": 1, "percent_covered": 0.0, "percent_covered_display": "0", "missing_lines": 1, "excluded_lines": 0, "num_branches": 0, "num_partial_branches": 0, "covered_branches": 0, "missing_branches": 0}, "missing_lines": [312], "excluded_lines": [], "executed_branches": [], "missing_branches": []}, "backslash_grid": {"executed_lines": [317, 318], "summary": {"covered_lines": 2, "num_statements": 2, "percent_covered": 100.0, "percent_covered_display": "100", "missing_lines": 0, "excluded_lines": 0, "num_branches": 0, "num_partial_branches": 0, "covered_branches": 0, "missing_branches": 0}, "missing_lines": [], "excluded_lines": [], "executed_branches": [], "missing_branches": []}, "": {"executed_lines": [1, 2, 3, 4, 6, 8, 11, 15, 19, 35, 45, 46, 86, 87, 109, 164, 165, 169, 170, 185, 221, 222, 226, 227, 235, 236, 242, 243, 262, 263, 270, 271, 310, 311, 315, 316, 321], "summary": {"covered_lines": 36, "num_statements": 36, "percent_covered": 100.0, "percent_covered_display": "100", "missing_lines": 0, "excluded_lines": 0, "num_branches": 2, "num_partial_branches": 0, "covered_branches": 2, "missing_branches": 0}, "missing_lines": [], "excluded_lines": [], "executed_branches": [[321, -321], [321, -1], [321, 321]], "missing_branches": []}}, "classes": {"": {"executed_lines": [1, 2, 3, 4, 6, 8, 11, 12, 15, 16, 19, 32, 35, 39, 40, 41, 42, 45, 46, 47, 48, 50, 51, 52, 53, 59, 63, 64, 70, 71, 80, 82, 83, 86, 87, 88, 89, 91, 102, 105, 106, 109, 110, 111, 164, 165, 166, 169, 170, 171, 177, 178, 179, 185, 186, 187, 189, 200, 201, 202, 203, 204, 206, 207, 209, 210, 211, 215, 216, 217, 218, 221, 222, 223, 226, 227, 228, 235, 236, 239, 242, 243, 244, 245, 246, 247, 248, 252, 253, 254, 255, 257, 258, 259, 262, 263, 270, 271, 272, 273, 275, 276, 277, 279, 280, 281, 282, 283, 289, 293, 302, 303, 305, 306, 307, 310, 311, 315, 316, 317, 318, 321], "summary": {"covered_lines": 121, "num_statements": 156, "percent_covered": 75.23364485981308, "percent_covered_display": "75", "missing_lines": 35, "excluded_lines": 0, "num_branches": 58, "num_partial_branches": 2, "covered_branches": 40, "missing_branches": 18}, "missing_lines": [65, 66, 67, 69, 112, 114, 115, 116, 117, 118, 119, 121, 122, 123, 124, 126, 127, 136, 137, 138, 139, 140, 146, 147, 148, 157, 158, 159, 160, 161, 264, 265, 266, 267, 312], "excluded_lines": [], "executed_branches": [[47, 48], [47, 50], [51, 52], [51, 83], [59, 59], [59, 63], [59, 82], [64, 70], [88, 89], [88, 91], [110, 111], [186, -185], [186, 187], [186, 189], [200, 201], [200, 216], [204, 206], [204, 207], [207, 209], [207, 210], [210, 211], [210, 215], [216, 217], [216, 218], [247, 248], [247, 257], [248, 248], [248, 252], [248, 253], [253, 254], [253, 255], [257, 258], [257, 259], [272, 273], [272, 275], [281, 282], [281, 305], [289, 289], [289, 293], [289, 303], [305, 306], [305, 307], [321, -321], [321, -1], [321, 321]], "missing_branches": [[64, 65], [66, 67], [66, 69], [110, 112], [115, 116], [115, 117], [117, 118], [117, 119], [121, 122], [121, 123], [126, 127], [126, 137], [138, 139], [138, 159], [147, 148], [147, 158], [264, 265], [264, 266]]}}}}, "totals": {"covered_lines": 2972, "num_statements": 4511, "percent_covered": 62.086141224728976, "percent_covered_display": "62", "missing_lines": 1539, "excluded_lines": 49, "num_branches": 2315, "num_partial_branches": 295, "covered_branches": 1266, "missing_branches": 1049}}