{"meta": {"format": 3, "version": "7.6.1", "timestamp": "2025-08-10T13:11:00.795931", "branch_coverage": true, "show_contexts": false}, "files": {"pytutils/__init__.py": {"executed_lines": [1], "summary": {"covered_lines": 0, "num_statements": 0, "percent_covered": 100.0, "percent_covered_display": "100", "missing_lines": 0, "excluded_lines": 0, "num_branches": 0, "num_partial_branches": 0, "covered_branches": 0, "missing_branches": 0}, "missing_lines": [], "excluded_lines": [], "executed_branches": [], "missing_branches": [], "functions": {"": {"executed_lines": [1], "summary": {"covered_lines": 0, "num_statements": 0, "percent_covered": 100.0, "percent_covered_display": "100", "missing_lines": 0, "excluded_lines": 0, "num_branches": 0, "num_partial_branches": 0, "covered_branches": 0, "missing_branches": 0}, "missing_lines": [], "excluded_lines": [], "executed_branches": [], "missing_branches": []}}, "classes": {"": {"executed_lines": [1], "summary": {"covered_lines": 0, "num_statements": 0, "percent_covered": 100.0, "percent_covered_display": "100", "missing_lines": 0, "excluded_lines": 0, "num_branches": 0, "num_partial_branches": 0, "covered_branches": 0, "missing_branches": 0}, "missing_lines": [], "excluded_lines": [], "executed_branches": [], "missing_branches": []}}}, "pytutils/debug.py": {"executed_lines": [1, 2, 5, 7, 9, 11, 14, 15, 18, 20], "summary": {"covered_lines": 10, "num_statements": 10, "percent_covered": 100.0, "percent_covered_display": "100", "missing_lines": 0, "excluded_lines": 0, "num_branches": 0, "num_partial_branches": 0, "covered_branches": 0, "missing_branches": 0}, "missing_lines": [], "excluded_lines": [], "executed_branches": [], "missing_branches": [], "functions": {"interact": {"executed_lines": [7, 9, 11, 14, 15, 18, 20], "summary": {"covered_lines": 7, "num_statements": 7, "percent_covered": 100.0, "percent_covered_display": "100", "missing_lines": 0, "excluded_lines": 0, "num_branches": 0, "num_partial_branches": 0, "covered_branches": 0, "missing_branches": 0}, "missing_lines": [], "excluded_lines": [], "executed_branches": [], "missing_branches": []}, "": {"executed_lines": [1, 2, 5], "summary": {"covered_lines": 3, "num_statements": 3, "percent_covered": 100.0, "percent_covered_display": "100", "missing_lines": 0, "excluded_lines": 0, "num_branches": 0, "num_partial_branches": 0, "covered_branches": 0, "missing_branches": 0}, "missing_lines": [], "excluded_lines": [], "executed_branches": [], "missing_branches": []}}, "classes": {"": {"executed_lines": [1, 2, 5, 7, 9, 11, 14, 15, 18, 20], "summary": {"covered_lines": 10, "num_statements": 10, "percent_covered": 100.0, "percent_covered_display": "100", "missing_lines": 0, "excluded_lines": 0, "num_branches": 0, "num_partial_branches": 0, "covered_branches": 0, "missing_branches": 0}, "missing_lines": [], "excluded_lines": [], "executed_branches": [], "missing_branches": []}}}, "pytutils/env.py": {"executed_lines": [1, 2, 3, 4, 7, 8, 9, 10, 13, 27, 28, 30, 31, 33, 34, 35, 37, 38, 39, 41, 44, 55, 57, 59, 60, 62, 64, 65, 67], "summary": {"covered_lines": 29, "num_statements": 29, "percent_covered": 97.5609756097561, "percent_covered_display": "98", "missing_lines": 0, "excluded_lines": 0, "num_branches": 12, "num_partial_branches": 1, "covered_branches": 11, "missing_branches": 1}, "missing_lines": [], "excluded_lines": [], "executed_branches": [[27, -13], [27, 28], [30, 27], [30, 31], [34, 35], [34, 37], [38, 39], [38, 41], [59, 60], [59, 67], [64, 65]], "missing_branches": [[64, 59]], "functions": {"expand": {"executed_lines": [8, 9, 10], "summary": {"covered_lines": 3, "num_statements": 3, "percent_covered": 100.0, "percent_covered_display": "100", "missing_lines": 0, "excluded_lines": 0, "num_branches": 0, "num_partial_branches": 0, "covered_branches": 0, "missing_branches": 0}, "missing_lines": [], "excluded_lines": [], "executed_branches": [], "missing_branches": []}, "parse_env_file_contents": {"executed_lines": [27, 28, 30, 31, 33, 34, 35, 37, 38, 39, 41], "summary": {"covered_lines": 11, "num_statements": 11, "percent_covered": 100.0, "percent_covered_display": "100", "missing_lines": 0, "excluded_lines": 0, "num_branches": 8, "num_partial_branches": 0, "covered_branches": 8, "missing_branches": 0}, "missing_lines": [], "excluded_lines": [], "executed_branches": [[27, -13], [27, 28], [30, 27], [30, 31], [34, 35], [34, 37], [38, 39], [38, 41]], "missing_branches": []}, "load_env_file": {"executed_lines": [55, 57, 59, 60, 62, 64, 65, 67], "summary": {"covered_lines": 8, "num_statements": 8, "percent_covered": 91.66666666666667, "percent_covered_display": "92", "missing_lines": 0, "excluded_lines": 0, "num_branches": 4, "num_partial_branches": 1, "covered_branches": 3, "missing_branches": 1}, "missing_lines": [], "excluded_lines": [], "executed_branches": [[59, 60], [59, 67], [64, 65]], "missing_branches": [[64, 59]]}, "": {"executed_lines": [1, 2, 3, 4, 7, 13, 44], "summary": {"covered_lines": 7, "num_statements": 7, "percent_covered": 100.0, "percent_covered_display": "100", "missing_lines": 0, "excluded_lines": 0, "num_branches": 0, "num_partial_branches": 0, "covered_branches": 0, "missing_branches": 0}, "missing_lines": [], "excluded_lines": [], "executed_branches": [], "missing_branches": []}}, "classes": {"": {"executed_lines": [1, 2, 3, 4, 7, 8, 9, 10, 13, 27, 28, 30, 31, 33, 34, 35, 37, 38, 39, 41, 44, 55, 57, 59, 60, 62, 64, 65, 67], "summary": {"covered_lines": 29, "num_statements": 29, "percent_covered": 97.5609756097561, "percent_covered_display": "98", "missing_lines": 0, "excluded_lines": 0, "num_branches": 12, "num_partial_branches": 1, "covered_branches": 11, "missing_branches": 1}, "missing_lines": [], "excluded_lines": [], "executed_branches": [[27, -13], [27, 28], [30, 27], [30, 31], [34, 35], [34, 37], [38, 39], [38, 41], [59, 60], [59, 67], [64, 65]], "missing_branches": [[64, 59]]}}}, "pytutils/excs.py": {"executed_lines": [1, 4, 5, 9, 10, 11, 12, 13, 15], "summary": {"covered_lines": 9, "num_statements": 9, "percent_covered": 100.0, "percent_covered_display": "100", "missing_lines": 0, "excluded_lines": 0, "num_branches": 2, "num_partial_branches": 0, "covered_branches": 2, "missing_branches": 0}, "missing_lines": [], "excluded_lines": [], "executed_branches": [[12, 13], [12, 15]], "missing_branches": [], "functions": {"ok": {"executed_lines": [9, 10, 11, 12, 13, 15], "summary": {"covered_lines": 6, "num_statements": 6, "percent_covered": 100.0, "percent_covered_display": "100", "missing_lines": 0, "excluded_lines": 0, "num_branches": 2, "num_partial_branches": 0, "covered_branches": 2, "missing_branches": 0}, "missing_lines": [], "excluded_lines": [], "executed_branches": [[12, 13], [12, 15]], "missing_branches": []}, "": {"executed_lines": [1, 4, 5], "summary": {"covered_lines": 3, "num_statements": 3, "percent_covered": 100.0, "percent_covered_display": "100", "missing_lines": 0, "excluded_lines": 0, "num_branches": 0, "num_partial_branches": 0, "covered_branches": 0, "missing_branches": 0}, "missing_lines": [], "excluded_lines": [], "executed_branches": [], "missing_branches": []}}, "classes": {"": {"executed_lines": [1, 4, 5, 9, 10, 11, 12, 13, 15], "summary": {"covered_lines": 9, "num_statements": 9, "percent_covered": 100.0, "percent_covered_display": "100", "missing_lines": 0, "excluded_lines": 0, "num_branches": 2, "num_partial_branches": 0, "covered_branches": 2, "missing_branches": 0}, "missing_lines": [], "excluded_lines": [], "executed_branches": [[12, 13], [12, 15]], "missing_branches": []}}}, "pytutils/ext/rwclassproperty.py": {"executed_lines": [1, 7, 8, 9, 10, 11, 12, 15, 16, 52, 54, 55, 56, 58, 59, 60, 61, 63, 64, 65, 66, 67, 68, 70, 71, 72, 74, 76, 77, 78, 82, 83, 87, 90, 91, 94, 95, 96, 97, 98, 100, 101, 103, 104, 105, 106, 108, 109, 110, 111, 113, 114, 115, 116, 118, 119, 121, 124, 125, 126, 129, 130, 131, 134, 135, 136, 138, 139, 140, 142, 143, 144, 146, 147, 148, 150, 151, 152, 154, 155, 156, 158, 159, 162, 163, 166], "summary": {"covered_lines": 84, "num_statements": 88, "percent_covered": 93.63636363636364, "percent_covered_display": "94", "missing_lines": 4, "excluded_lines": 0, "num_branches": 22, "num_partial_branches": 3, "covered_branches": 19, "missing_branches": 3}, "missing_lines": [79, 84, 160, 167], "excluded_lines": [], "executed_branches": [[10, 11], [10, 12], [59, 60], [59, 61], [64, 65], [64, 66], [66, 67], [66, 68], [78, 82], [82, 83], [118, -95], [118, 119], [119, 118], [119, 121], [151, -142], [151, 152], [162, -154], [162, 163], [166, -1]], "missing_branches": [[78, 79], [82, 84], [166, 167]], "functions": {"ClassPropertyMeta.__setattr__": {"executed_lines": [9, 10, 11, 12], "summary": {"covered_lines": 4, "num_statements": 4, "percent_covered": 100.0, "percent_covered_display": "100", "missing_lines": 0, "excluded_lines": 0, "num_branches": 2, "num_partial_branches": 0, "covered_branches": 2, "missing_branches": 0}, "missing_lines": [], "excluded_lines": [], "executed_branches": [[10, 11], [10, 12]], "missing_branches": []}, "rwclassproperty.__init__": {"executed_lines": [55, 56], "summary": {"covered_lines": 2, "num_statements": 2, "percent_covered": 100.0, "percent_covered_display": "100", "missing_lines": 0, "excluded_lines": 0, "num_branches": 0, "num_partial_branches": 0, "covered_branches": 0, "missing_branches": 0}, "missing_lines": [], "excluded_lines": [], "executed_branches": [], "missing_branches": []}, "rwclassproperty.__get__": {"executed_lines": [59, 60, 61], "summary": {"covered_lines": 3, "num_statements": 3, "percent_covered": 100.0, "percent_covered_display": "100", "missing_lines": 0, "excluded_lines": 0, "num_branches": 2, "num_partial_branches": 0, "covered_branches": 2, "missing_branches": 0}, "missing_lines": [], "excluded_lines": [], "executed_branches": [[59, 60], [59, 61]], "missing_branches": []}, "rwclassproperty.__set__": {"executed_lines": [64, 65, 66, 67, 68], "summary": {"covered_lines": 5, "num_statements": 5, "percent_covered": 100.0, "percent_covered_display": "100", "missing_lines": 0, "excluded_lines": 0, "num_branches": 4, "num_partial_branches": 0, "covered_branches": 4, "missing_branches": 0}, "missing_lines": [], "excluded_lines": [], "executed_branches": [[64, 65], [64, 66], [66, 67], [66, 68]], "missing_branches": []}, "rwclassproperty.setter": {"executed_lines": [71, 72], "summary": {"covered_lines": 2, "num_statements": 2, "percent_covered": 100.0, "percent_covered_display": "100", "missing_lines": 0, "excluded_lines": 0, "num_branches": 0, "num_partial_branches": 0, "covered_branches": 0, "missing_branches": 0}, "missing_lines": [], "excluded_lines": [], "executed_branches": [], "missing_branches": []}, "rwclassproperty._fix_function": {"executed_lines": [78, 82, 83], "summary": {"covered_lines": 3, "num_statements": 5, "percent_covered": 55.55555555555556, "percent_covered_display": "56", "missing_lines": 2, "excluded_lines": 0, "num_branches": 4, "num_partial_branches": 2, "covered_branches": 2, "missing_branches": 2}, "missing_lines": [79, 84], "excluded_lines": [], "executed_branches": [[78, 82], [82, 83]], "missing_branches": [[78, 79], [82, 84]]}, "TestClassProperty.test_get_set": {"executed_lines": [96, 97, 98, 100, 101, 103, 104, 108, 109, 113, 114, 118, 119, 121, 124, 125, 126, 129, 130, 131, 134, 135, 136, 138, 139, 140], "summary": {"covered_lines": 26, "num_statements": 26, "percent_covered": 100.0, "percent_covered_display": "100", "missing_lines": 0, "excluded_lines": 0, "num_branches": 4, "num_partial_branches": 0, "covered_branches": 4, "missing_branches": 0}, "missing_lines": [], "excluded_lines": [], "executed_branches": [[118, -95], [118, 119], [119, 118], [119, 121]], "missing_branches": []}, "TestClassProperty.test_get_set.Z.get_only": {"executed_lines": [105, 106], "summary": {"covered_lines": 2, "num_statements": 2, "percent_covered": 100.0, "percent_covered_display": "100", "missing_lines": 0, "excluded_lines": 0, "num_branches": 0, "num_partial_branches": 0, "covered_branches": 0, "missing_branches": 0}, "missing_lines": [], "excluded_lines": [], "executed_branches": [], "missing_branches": []}, "TestClassProperty.test_get_set.Z.get_set": {"executed_lines": [115, 116], "summary": {"covered_lines": 2, "num_statements": 2, "percent_covered": 100.0, "percent_covered_display": "100", "missing_lines": 0, "excluded_lines": 0, "num_branches": 0, "num_partial_branches": 0, "covered_branches": 0, "missing_branches": 0}, "missing_lines": [], "excluded_lines": [], "executed_branches": [], "missing_branches": []}, "TestClassProperty.test_read_only": {"executed_lines": [143, 144, 146, 147, 150, 151, 152], "summary": {"covered_lines": 7, "num_statements": 7, "percent_covered": 100.0, "percent_covered_display": "100", "missing_lines": 0, "excluded_lines": 0, "num_branches": 2, "num_partial_branches": 0, "covered_branches": 2, "missing_branches": 0}, "missing_lines": [], "excluded_lines": [], "executed_branches": [[151, -142], [151, 152]], "missing_branches": []}, "TestClassProperty.test_read_only.Z.get_only": {"executed_lines": [148], "summary": {"covered_lines": 1, "num_statements": 1, "percent_covered": 100.0, "percent_covered_display": "100", "missing_lines": 0, "excluded_lines": 0, "num_branches": 0, "num_partial_branches": 0, "covered_branches": 0, "missing_branches": 0}, "missing_lines": [], "excluded_lines": [], "executed_branches": [], "missing_branches": []}, "TestClassProperty.test_proper_metaclass": {"executed_lines": [155, 156, 158, 159, 162, 163], "summary": {"covered_lines": 6, "num_statements": 6, "percent_covered": 100.0, "percent_covered_display": "100", "missing_lines": 0, "excluded_lines": 0, "num_branches": 2, "num_partial_branches": 0, "covered_branches": 2, "missing_branches": 0}, "missing_lines": [], "excluded_lines": [], "executed_branches": [[162, -154], [162, 163]], "missing_branches": []}, "TestClassProperty.test_proper_metaclass.Z.get_only": {"executed_lines": [], "summary": {"covered_lines": 0, "num_statements": 1, "percent_covered": 0.0, "percent_covered_display": "0", "missing_lines": 1, "excluded_lines": 0, "num_branches": 0, "num_partial_branches": 0, "covered_branches": 0, "missing_branches": 0}, "missing_lines": [160], "excluded_lines": [], "executed_branches": [], "missing_branches": []}, "": {"executed_lines": [1, 7, 8, 15, 16, 52, 54, 58, 63, 70, 74, 76, 77, 87, 90, 91, 94, 95, 142, 154, 166], "summary": {"covered_lines": 19, "num_statements": 20, "percent_covered": 90.9090909090909, "percent_covered_display": "91", "missing_lines": 1, "excluded_lines": 0, "num_branches": 2, "num_partial_branches": 1, "covered_branches": 1, "missing_branches": 1}, "missing_lines": [167], "excluded_lines": [], "executed_branches": [[166, -1]], "missing_branches": [[166, 167]]}}, "classes": {"ClassPropertyMeta": {"executed_lines": [9, 10, 11, 12], "summary": {"covered_lines": 4, "num_statements": 4, "percent_covered": 100.0, "percent_covered_display": "100", "missing_lines": 0, "excluded_lines": 0, "num_branches": 2, "num_partial_branches": 0, "covered_branches": 2, "missing_branches": 0}, "missing_lines": [], "excluded_lines": [], "executed_branches": [[10, 11], [10, 12]], "missing_branches": []}, "rwclassproperty": {"executed_lines": [55, 56, 59, 60, 61, 64, 65, 66, 67, 68, 71, 72, 78, 82, 83], "summary": {"covered_lines": 15, "num_statements": 17, "percent_covered": 85.18518518518519, "percent_covered_display": "85", "missing_lines": 2, "excluded_lines": 0, "num_branches": 10, "num_partial_branches": 2, "covered_branches": 8, "missing_branches": 2}, "missing_lines": [79, 84], "excluded_lines": [], "executed_branches": [[59, 60], [59, 61], [64, 65], [64, 66], [66, 67], [66, 68], [78, 82], [82, 83]], "missing_branches": [[78, 79], [82, 84]]}, "TestClassProperty": {"executed_lines": [96, 97, 98, 100, 101, 103, 104, 108, 109, 113, 114, 118, 119, 121, 124, 125, 126, 129, 130, 131, 134, 135, 136, 138, 139, 140, 143, 144, 146, 147, 150, 151, 152, 155, 156, 158, 159, 162, 163], "summary": {"covered_lines": 39, "num_statements": 39, "percent_covered": 100.0, "percent_covered_display": "100", "missing_lines": 0, "excluded_lines": 0, "num_branches": 8, "num_partial_branches": 0, "covered_branches": 8, "missing_branches": 0}, "missing_lines": [], "excluded_lines": [], "executed_branches": [[118, -95], [118, 119], [119, 118], [119, 121], [151, -142], [151, 152], [162, -154], [162, 163]], "missing_branches": []}, "TestClassProperty.test_get_set.Z": {"executed_lines": [105, 106, 110, 111, 115, 116], "summary": {"covered_lines": 6, "num_statements": 6, "percent_covered": 100.0, "percent_covered_display": "100", "missing_lines": 0, "excluded_lines": 0, "num_branches": 0, "num_partial_branches": 0, "covered_branches": 0, "missing_branches": 0}, "missing_lines": [], "excluded_lines": [], "executed_branches": [], "missing_branches": []}, "TestClassProperty.test_read_only.Z": {"executed_lines": [148], "summary": {"covered_lines": 1, "num_statements": 1, "percent_covered": 100.0, "percent_covered_display": "100", "missing_lines": 0, "excluded_lines": 0, "num_branches": 0, "num_partial_branches": 0, "covered_branches": 0, "missing_branches": 0}, "missing_lines": [], "excluded_lines": [], "executed_branches": [], "missing_branches": []}, "TestClassProperty.test_proper_metaclass.Z": {"executed_lines": [], "summary": {"covered_lines": 0, "num_statements": 1, "percent_covered": 0.0, "percent_covered_display": "0", "missing_lines": 1, "excluded_lines": 0, "num_branches": 0, "num_partial_branches": 0, "covered_branches": 0, "missing_branches": 0}, "missing_lines": [160], "excluded_lines": [], "executed_branches": [], "missing_branches": []}, "": {"executed_lines": [1, 7, 8, 15, 16, 52, 54, 58, 63, 70, 74, 76, 77, 87, 90, 91, 94, 95, 142, 154, 166], "summary": {"covered_lines": 19, "num_statements": 20, "percent_covered": 90.9090909090909, "percent_covered_display": "91", "missing_lines": 1, "excluded_lines": 0, "num_branches": 2, "num_partial_branches": 1, "covered_branches": 1, "missing_branches": 1}, "missing_lines": [167], "excluded_lines": [], "executed_branches": [[166, -1]], "missing_branches": [[166, 167]]}}}, "pytutils/files.py": {"executed_lines": [1, 5, 6, 7, 9, 12, 23, 26, 27, 28, 31, 32, 33, 34, 36, 37, 39, 40, 41, 42, 43, 45, 46, 49, 52, 55, 59, 60, 62, 63, 64, 65, 67, 68], "summary": {"covered_lines": 33, "num_statements": 35, "percent_covered": 83.63636363636364, "percent_covered_display": "84", "missing_lines": 2, "excluded_lines": 0, "num_branches": 20, "num_partial_branches": 7, "covered_branches": 13, "missing_branches": 7}, "missing_lines": [24, 29], "excluded_lines": [], "executed_branches": [[23, 26], [28, 31], [31, 32], [33, 34], [41, 42], [41, 43], [45, 46], [59, 60], [59, 62], [62, 63], [64, 65], [67, -55], [67, 68]], "missing_branches": [[23, 24], [28, 29], [31, 33], [33, 36], [45, -12], [62, 64], [64, 67]], "functions": {"islurp": {"executed_lines": [23, 26, 27, 28, 31, 32, 33, 34, 36, 37, 39, 40, 41, 42, 43, 45, 46], "summary": {"covered_lines": 17, "num_statements": 19, "percent_covered": 77.41935483870968, "percent_covered_display": "77", "missing_lines": 2, "excluded_lines": 0, "num_branches": 12, "num_partial_branches": 5, "covered_branches": 7, "missing_branches": 5}, "missing_lines": [24, 29], "excluded_lines": [], "executed_branches": [[23, 26], [28, 31], [31, 32], [33, 34], [41, 42], [41, 43], [45, 46]], "missing_branches": [[23, 24], [28, 29], [31, 33], [33, 36], [45, -12]]}, "burp": {"executed_lines": [59, 60, 62, 63, 64, 65, 67, 68], "summary": {"covered_lines": 8, "num_statements": 8, "percent_covered": 87.5, "percent_covered_display": "88", "missing_lines": 0, "excluded_lines": 0, "num_branches": 8, "num_partial_branches": 2, "covered_branches": 6, "missing_branches": 2}, "missing_lines": [], "excluded_lines": [], "executed_branches": [[59, 60], [59, 62], [62, 63], [64, 65], [67, -55], [67, 68]], "missing_branches": [[62, 64], [64, 67]]}, "": {"executed_lines": [1, 5, 6, 7, 9, 12, 49, 52, 55], "summary": {"covered_lines": 8, "num_statements": 8, "percent_covered": 100.0, "percent_covered_display": "100", "missing_lines": 0, "excluded_lines": 0, "num_branches": 0, "num_partial_branches": 0, "covered_branches": 0, "missing_branches": 0}, "missing_lines": [], "excluded_lines": [], "executed_branches": [], "missing_branches": []}}, "classes": {"": {"executed_lines": [1, 5, 6, 7, 9, 12, 23, 26, 27, 28, 31, 32, 33, 34, 36, 37, 39, 40, 41, 42, 43, 45, 46, 49, 52, 55, 59, 60, 62, 63, 64, 65, 67, 68], "summary": {"covered_lines": 33, "num_statements": 35, "percent_covered": 83.63636363636364, "percent_covered_display": "84", "missing_lines": 2, "excluded_lines": 0, "num_branches": 20, "num_partial_branches": 7, "covered_branches": 13, "missing_branches": 7}, "missing_lines": [24, 29], "excluded_lines": [], "executed_branches": [[23, 26], [28, 31], [31, 32], [33, 34], [41, 42], [41, 43], [45, 46], [59, 60], [59, 62], [62, 63], [64, 65], [67, -55], [67, 68]], "missing_branches": [[23, 24], [28, 29], [31, 33], [33, 36], [45, -12], [62, 64], [64, 67]]}}}, "pytutils/iters.py": {"executed_lines": [1, 2, 3, 4, 7, 21, 22, 23, 24, 25, 26, 27, 28, 29, 32, 37, 39, 42, 45, 53, 54, 55, 57, 58, 60, 61, 64, 65], "summary": {"covered_lines": 28, "num_statements": 30, "percent_covered": 94.73684210526316, "percent_covered_display": "95", "missing_lines": 2, "excluded_lines": 0, "num_branches": 8, "num_partial_branches": 0, "covered_branches": 8, "missing_branches": 0}, "missing_lines": [75, 76], "excluded_lines": [], "executed_branches": [[27, -7], [27, 28], [37, 39], [37, 42], [54, -45], [54, 55], [57, 58], [57, 60]], "missing_branches": [], "functions": {"accumulate": {"executed_lines": [21, 22, 23, 24, 25, 26, 27, 28, 29], "summary": {"covered_lines": 9, "num_statements": 9, "percent_covered": 100.0, "percent_covered_display": "100", "missing_lines": 0, "excluded_lines": 0, "num_branches": 2, "num_partial_branches": 0, "covered_branches": 2, "missing_branches": 0}, "missing_lines": [], "excluded_lines": [], "executed_branches": [[27, -7], [27, 28]], "missing_branches": []}, "consume": {"executed_lines": [37, 39, 42], "summary": {"covered_lines": 3, "num_statements": 3, "percent_covered": 100.0, "percent_covered_display": "100", "missing_lines": 0, "excluded_lines": 0, "num_branches": 2, "num_partial_branches": 0, "covered_branches": 2, "missing_branches": 0}, "missing_lines": [], "excluded_lines": [], "executed_branches": [[37, 39], [37, 42]], "missing_branches": []}, "dedupe_iter": {"executed_lines": [53, 54, 55, 57, 58, 60, 61], "summary": {"covered_lines": 7, "num_statements": 7, "percent_covered": 100.0, "percent_covered_display": "100", "missing_lines": 0, "excluded_lines": 0, "num_branches": 4, "num_partial_branches": 0, "covered_branches": 4, "missing_branches": 0}, "missing_lines": [], "excluded_lines": [], "executed_branches": [[54, -45], [54, 55], [57, 58], [57, 60]], "missing_branches": []}, "dedupe": {"executed_lines": [], "summary": {"covered_lines": 0, "num_statements": 2, "percent_covered": 0.0, "percent_covered_display": "0", "missing_lines": 2, "excluded_lines": 0, "num_branches": 0, "num_partial_branches": 0, "covered_branches": 0, "missing_branches": 0}, "missing_lines": [75, 76], "excluded_lines": [], "executed_branches": [], "missing_branches": []}, "": {"executed_lines": [1, 2, 3, 4, 7, 32, 45, 64, 65], "summary": {"covered_lines": 9, "num_statements": 9, "percent_covered": 100.0, "percent_covered_display": "100", "missing_lines": 0, "excluded_lines": 0, "num_branches": 0, "num_partial_branches": 0, "covered_branches": 0, "missing_branches": 0}, "missing_lines": [], "excluded_lines": [], "executed_branches": [], "missing_branches": []}}, "classes": {"": {"executed_lines": [1, 2, 3, 4, 7, 21, 22, 23, 24, 25, 26, 27, 28, 29, 32, 37, 39, 42, 45, 53, 54, 55, 57, 58, 60, 61, 64, 65], "summary": {"covered_lines": 28, "num_statements": 30, "percent_covered": 94.73684210526316, "percent_covered_display": "95", "missing_lines": 2, "excluded_lines": 0, "num_branches": 8, "num_partial_branches": 0, "covered_branches": 8, "missing_branches": 0}, "missing_lines": [75, 76], "excluded_lines": [], "executed_branches": [[27, -7], [27, 28], [37, 39], [37, 42], [54, -45], [54, 55], [57, 58], [57, 60]], "missing_branches": []}}}, "pytutils/log.py": {"executed_lines": [1, 2, 3, 4, 5, 7, 9, 10, 13, 14, 15, 17, 18, 19, 20, 27, 37, 40, 84, 92, 94, 95, 96, 97, 98, 99, 100, 103, 104, 106, 107, 109, 110, 112, 115, 116, 118, 119, 120, 121, 123, 124, 131, 134, 137, 138, 139, 141, 142, 145, 153, 155, 156, 158, 162, 165, 166, 168, 169, 170, 171, 173], "summary": {"covered_lines": 62, "num_statements": 68, "percent_covered": 90.2439024390244, "percent_covered_display": "90", "missing_lines": 6, "excluded_lines": 0, "num_branches": 14, "num_partial_branches": 2, "covered_branches": 12, "missing_branches": 2}, "missing_lines": [22, 23, 24, 113, 125, 126], "excluded_lines": [], "executed_branches": [[17, 18], [106, 107], [106, 109], [109, 110], [109, 112], [112, 115], [115, 116], [115, 131], [138, 139], [138, 141], [155, 156], [155, 158]], "missing_branches": [[17, 22], [112, 113]], "functions": {"_namespace_from_calling_context": {"executed_lines": [37], "summary": {"covered_lines": 1, "num_statements": 1, "percent_covered": 100.0, "percent_covered_display": "100", "missing_lines": 0, "excluded_lines": 0, "num_branches": 0, "num_partial_branches": 0, "covered_branches": 0, "missing_branches": 0}, "missing_lines": [], "excluded_lines": [], "executed_branches": [], "missing_branches": []}, "configure": {"executed_lines": [92, 94, 95, 96, 97, 98, 99, 100], "summary": {"covered_lines": 8, "num_statements": 8, "percent_covered": 100.0, "percent_covered_display": "100", "missing_lines": 0, "excluded_lines": 0, "num_branches": 0, "num_partial_branches": 0, "covered_branches": 0, "missing_branches": 0}, "missing_lines": [], "excluded_lines": [], "executed_branches": [], "missing_branches": []}, "get_config": {"executed_lines": [104, 106, 107, 109, 110, 112, 115, 116, 118, 119, 120, 121, 123, 124, 131], "summary": {"covered_lines": 15, "num_statements": 18, "percent_covered": 84.61538461538461, "percent_covered_display": "85", "missing_lines": 3, "excluded_lines": 0, "num_branches": 8, "num_partial_branches": 1, "covered_branches": 7, "missing_branches": 1}, "missing_lines": [113, 125, 126], "excluded_lines": [], "executed_branches": [[106, 107], [106, 109], [109, 110], [109, 112], [112, 115], [115, 116], [115, 131]], "missing_branches": [[112, 113]]}, "_ensure_configured": {"executed_lines": [138, 139, 141, 142], "summary": {"covered_lines": 4, "num_statements": 4, "percent_covered": 100.0, "percent_covered_display": "100", "missing_lines": 0, "excluded_lines": 0, "num_branches": 2, "num_partial_branches": 0, "covered_branches": 2, "missing_branches": 0}, "missing_lines": [], "excluded_lines": [], "executed_branches": [[138, 139], [138, 141]], "missing_branches": []}, "get_logger": {"executed_lines": [153, 155, 156, 158], "summary": {"covered_lines": 4, "num_statements": 4, "percent_covered": 100.0, "percent_covered_display": "100", "missing_lines": 0, "excluded_lines": 0, "num_branches": 2, "num_partial_branches": 0, "covered_branches": 2, "missing_branches": 0}, "missing_lines": [], "excluded_lines": [], "executed_branches": [[155, 156], [155, 158]], "missing_branches": []}, "logger_level": {"executed_lines": [168, 169, 170, 171, 173], "summary": {"covered_lines": 5, "num_statements": 5, "percent_covered": 100.0, "percent_covered_display": "100", "missing_lines": 0, "excluded_lines": 0, "num_branches": 0, "num_partial_branches": 0, "covered_branches": 0, "missing_branches": 0}, "missing_lines": [], "excluded_lines": [], "executed_branches": [], "missing_branches": []}, "": {"executed_lines": [1, 2, 3, 4, 5, 7, 9, 10, 13, 14, 15, 17, 18, 19, 20, 27, 40, 84, 103, 134, 137, 145, 162, 165, 166], "summary": {"covered_lines": 25, "num_statements": 28, "percent_covered": 86.66666666666667, "percent_covered_display": "87", "missing_lines": 3, "excluded_lines": 0, "num_branches": 2, "num_partial_branches": 1, "covered_branches": 1, "missing_branches": 1}, "missing_lines": [22, 23, 24], "excluded_lines": [], "executed_branches": [[17, 18]], "missing_branches": [[17, 22]]}}, "classes": {"_PyInfo": {"executed_lines": [], "summary": {"covered_lines": 0, "num_statements": 0, "percent_covered": 100.0, "percent_covered_display": "100", "missing_lines": 0, "excluded_lines": 0, "num_branches": 0, "num_partial_branches": 0, "covered_branches": 0, "missing_branches": 0}, "missing_lines": [], "excluded_lines": [], "executed_branches": [], "missing_branches": []}, "": {"executed_lines": [1, 2, 3, 4, 5, 7, 9, 10, 13, 14, 15, 17, 18, 19, 20, 27, 37, 40, 84, 92, 94, 95, 96, 97, 98, 99, 100, 103, 104, 106, 107, 109, 110, 112, 115, 116, 118, 119, 120, 121, 123, 124, 131, 134, 137, 138, 139, 141, 142, 145, 153, 155, 156, 158, 162, 165, 166, 168, 169, 170, 171, 173], "summary": {"covered_lines": 62, "num_statements": 68, "percent_covered": 90.2439024390244, "percent_covered_display": "90", "missing_lines": 6, "excluded_lines": 0, "num_branches": 14, "num_partial_branches": 2, "covered_branches": 12, "missing_branches": 2}, "missing_lines": [22, 23, 24, 113, 125, 126], "excluded_lines": [], "executed_branches": [[17, 18], [106, 107], [106, 109], [109, 110], [109, 112], [112, 115], [115, 116], [115, 131], [138, 139], [138, 141], [155, 156], [155, 158]], "missing_branches": [[17, 22], [112, 113]]}}}, "pytutils/mappings.py": {"executed_lines": [1, 2, 3, 5, 7, 10, 11, 15, 16, 17, 20, 23, 24, 49, 55, 56, 58, 60, 61, 62, 64, 65, 66, 68, 70, 71, 73, 74, 76, 77, 79, 80, 82, 83, 85, 86, 88, 89, 92, 93, 94, 96, 98, 99, 101, 102, 104, 105, 106, 108, 109, 110, 112, 113, 114, 116, 117, 118, 120, 121, 122, 125, 126, 133, 134, 135, 137, 143, 144, 145, 146, 148, 157, 158, 160, 161, 164, 165, 166, 168, 169, 170, 171, 172, 175, 178, 214, 217, 220, 221, 224, 227, 229, 231, 232, 233, 234, 236, 237, 238, 239, 241, 243, 244, 247, 248, 249, 251, 252, 254, 255, 257, 260, 261, 303, 304, 305, 307, 309, 310, 313, 314, 315, 316, 318, 322, 324, 326, 327, 337, 340, 343, 344, 361, 363, 364, 366, 368, 374, 375, 376, 378, 379, 380, 382, 383, 384, 387, 388, 394, 395, 396, 398, 401, 402, 409, 410, 412, 413], "summary": {"covered_lines": 152, "num_statements": 168, "percent_covered": 87.05357142857143, "percent_covered_display": "87", "missing_lines": 16, "excluded_lines": 0, "num_branches": 56, "num_partial_branches": 5, "covered_branches": 43, "missing_branches": 13}, "missing_lines": [149, 150, 151, 152, 154, 155, 215, 311, 319, 321, 328, 329, 331, 332, 333, 335], "excluded_lines": [], "executed_branches": [[61, 62], [61, 64], [65, 66], [65, 68], [106, -106], [106, -104], [106, 106], [144, 145], [144, 146], [169, 170], [169, 172], [214, 217], [221, 224], [221, 231], [224, 227], [224, 229], [231, 232], [231, 257], [236, 237], [236, 247], [237, -237], [237, 237], [237, 238], [238, 239], [238, 241], [243, 236], [243, 244], [247, 231], [247, 248], [248, 249], [248, 254], [249, 251], [249, 252], [251, -251], [251, 251], [251, 252], [254, -254], [254, 254], [254, 255], [314, 315], [318, 322], [327, 337], [379, 380], [379, 382], [382, -378], [382, 383], [395, 396], [395, 398]], "missing_branches": [[149, 150], [149, 155], [150, 151], [150, 154], [151, 152], [151, 155], [214, 215], [314, -313], [318, 319], [318, 321], [327, 328], [328, 329], [328, 331]], "functions": {"AttrDict.__init__": {"executed_lines": [16, 17], "summary": {"covered_lines": 2, "num_statements": 2, "percent_covered": 100.0, "percent_covered_display": "100", "missing_lines": 0, "excluded_lines": 0, "num_branches": 0, "num_partial_branches": 0, "covered_branches": 0, "missing_branches": 0}, "missing_lines": [], "excluded_lines": [], "executed_branches": [], "missing_branches": []}, "ProxyMutableMapping.__init__": {"executed_lines": [55, 56, 58], "summary": {"covered_lines": 3, "num_statements": 3, "percent_covered": 100.0, "percent_covered_display": "100", "missing_lines": 0, "excluded_lines": 0, "num_branches": 0, "num_partial_branches": 0, "covered_branches": 0, "missing_branches": 0}, "missing_lines": [], "excluded_lines": [], "executed_branches": [], "missing_branches": []}, "ProxyMutableMapping.__repr__": {"executed_lines": [61, 62, 64, 65, 66, 68], "summary": {"covered_lines": 6, "num_statements": 6, "percent_covered": 100.0, "percent_covered_display": "100", "missing_lines": 0, "excluded_lines": 0, "num_branches": 4, "num_partial_branches": 0, "covered_branches": 4, "missing_branches": 0}, "missing_lines": [], "excluded_lines": [], "executed_branches": [[61, 62], [61, 64], [65, 66], [65, 68]], "missing_branches": []}, "ProxyMutableMapping._set_mapping": {"executed_lines": [71], "summary": {"covered_lines": 1, "num_statements": 1, "percent_covered": 100.0, "percent_covered_display": "100", "missing_lines": 0, "excluded_lines": 0, "num_branches": 0, "num_partial_branches": 0, "covered_branches": 0, "missing_branches": 0}, "missing_lines": [], "excluded_lines": [], "executed_branches": [], "missing_branches": []}, "ProxyMutableMapping.__contains__": {"executed_lines": [74], "summary": {"covered_lines": 1, "num_statements": 1, "percent_covered": 100.0, "percent_covered_display": "100", "missing_lines": 0, "excluded_lines": 0, "num_branches": 0, "num_partial_branches": 0, "covered_branches": 0, "missing_branches": 0}, "missing_lines": [], "excluded_lines": [], "executed_branches": [], "missing_branches": []}, "ProxyMutableMapping.__getitem__": {"executed_lines": [77], "summary": {"covered_lines": 1, "num_statements": 1, "percent_covered": 100.0, "percent_covered_display": "100", "missing_lines": 0, "excluded_lines": 0, "num_branches": 0, "num_partial_branches": 0, "covered_branches": 0, "missing_branches": 0}, "missing_lines": [], "excluded_lines": [], "executed_branches": [], "missing_branches": []}, "ProxyMutableMapping.__setitem__": {"executed_lines": [80], "summary": {"covered_lines": 1, "num_statements": 1, "percent_covered": 100.0, "percent_covered_display": "100", "missing_lines": 0, "excluded_lines": 0, "num_branches": 0, "num_partial_branches": 0, "covered_branches": 0, "missing_branches": 0}, "missing_lines": [], "excluded_lines": [], "executed_branches": [], "missing_branches": []}, "ProxyMutableMapping.__delitem__": {"executed_lines": [83], "summary": {"covered_lines": 1, "num_statements": 1, "percent_covered": 100.0, "percent_covered_display": "100", "missing_lines": 0, "excluded_lines": 0, "num_branches": 0, "num_partial_branches": 0, "covered_branches": 0, "missing_branches": 0}, "missing_lines": [], "excluded_lines": [], "executed_branches": [], "missing_branches": []}, "ProxyMutableMapping.__iter__": {"executed_lines": [86], "summary": {"covered_lines": 1, "num_statements": 1, "percent_covered": 100.0, "percent_covered_display": "100", "missing_lines": 0, "excluded_lines": 0, "num_branches": 0, "num_partial_branches": 0, "covered_branches": 0, "missing_branches": 0}, "missing_lines": [], "excluded_lines": [], "executed_branches": [], "missing_branches": []}, "ProxyMutableMapping.__len__": {"executed_lines": [89], "summary": {"covered_lines": 1, "num_statements": 1, "percent_covered": 100.0, "percent_covered_display": "100", "missing_lines": 0, "excluded_lines": 0, "num_branches": 0, "num_partial_branches": 0, "covered_branches": 0, "missing_branches": 0}, "missing_lines": [], "excluded_lines": [], "executed_branches": [], "missing_branches": []}, "HookableProxyMutableMapping.__init__": {"executed_lines": [94, 96], "summary": {"covered_lines": 2, "num_statements": 2, "percent_covered": 100.0, "percent_covered_display": "100", "missing_lines": 0, "excluded_lines": 0, "num_branches": 0, "num_partial_branches": 0, "covered_branches": 0, "missing_branches": 0}, "missing_lines": [], "excluded_lines": [], "executed_branches": [], "missing_branches": []}, "HookableProxyMutableMapping.__key_trans__": {"executed_lines": [99], "summary": {"covered_lines": 1, "num_statements": 1, "percent_covered": 100.0, "percent_covered_display": "100", "missing_lines": 0, "excluded_lines": 0, "num_branches": 0, "num_partial_branches": 0, "covered_branches": 0, "missing_branches": 0}, "missing_lines": [], "excluded_lines": [], "executed_branches": [], "missing_branches": []}, "HookableProxyMutableMapping.__key_allowed__": {"executed_lines": [102], "summary": {"covered_lines": 1, "num_statements": 1, "percent_covered": 100.0, "percent_covered_display": "100", "missing_lines": 0, "excluded_lines": 0, "num_branches": 0, "num_partial_branches": 0, "covered_branches": 0, "missing_branches": 0}, "missing_lines": [], "excluded_lines": [], "executed_branches": [], "missing_branches": []}, "HookableProxyMutableMapping.__iter__": {"executed_lines": [105, 106], "summary": {"covered_lines": 2, "num_statements": 2, "percent_covered": 100.0, "percent_covered_display": "100", "missing_lines": 0, "excluded_lines": 0, "num_branches": 2, "num_partial_branches": 0, "covered_branches": 2, "missing_branches": 0}, "missing_lines": [], "excluded_lines": [], "executed_branches": [[106, -106], [106, -104], [106, 106]], "missing_branches": []}, "HookableProxyMutableMapping.__contains__": {"executed_lines": [109, 110], "summary": {"covered_lines": 2, "num_statements": 2, "percent_covered": 100.0, "percent_covered_display": "100", "missing_lines": 0, "excluded_lines": 0, "num_branches": 0, "num_partial_branches": 0, "covered_branches": 0, "missing_branches": 0}, "missing_lines": [], "excluded_lines": [], "executed_branches": [], "missing_branches": []}, "HookableProxyMutableMapping.__getitem__": {"executed_lines": [113, 114], "summary": {"covered_lines": 2, "num_statements": 2, "percent_covered": 100.0, "percent_covered_display": "100", "missing_lines": 0, "excluded_lines": 0, "num_branches": 0, "num_partial_branches": 0, "covered_branches": 0, "missing_branches": 0}, "missing_lines": [], "excluded_lines": [], "executed_branches": [], "missing_branches": []}, "HookableProxyMutableMapping.__setitem__": {"executed_lines": [117, 118], "summary": {"covered_lines": 2, "num_statements": 2, "percent_covered": 100.0, "percent_covered_display": "100", "missing_lines": 0, "excluded_lines": 0, "num_branches": 0, "num_partial_branches": 0, "covered_branches": 0, "missing_branches": 0}, "missing_lines": [], "excluded_lines": [], "executed_branches": [], "missing_branches": []}, "HookableProxyMutableMapping.__delitem__": {"executed_lines": [121, 122], "summary": {"covered_lines": 2, "num_statements": 2, "percent_covered": 100.0, "percent_covered_display": "100", "missing_lines": 0, "excluded_lines": 0, "num_branches": 0, "num_partial_branches": 0, "covered_branches": 0, "missing_branches": 0}, "missing_lines": [], "excluded_lines": [], "executed_branches": [], "missing_branches": []}, "PrefixedProxyMutableMapping.__init__": {"executed_lines": [133, 134, 135, 137], "summary": {"covered_lines": 4, "num_statements": 4, "percent_covered": 100.0, "percent_covered_display": "100", "missing_lines": 0, "excluded_lines": 0, "num_branches": 0, "num_partial_branches": 0, "covered_branches": 0, "missing_branches": 0}, "missing_lines": [], "excluded_lines": [], "executed_branches": [], "missing_branches": []}, "PrefixedProxyMutableMapping.__key_trans__": {"executed_lines": [144, 145, 146], "summary": {"covered_lines": 3, "num_statements": 3, "percent_covered": 100.0, "percent_covered_display": "100", "missing_lines": 0, "excluded_lines": 0, "num_branches": 2, "num_partial_branches": 0, "covered_branches": 2, "missing_branches": 0}, "missing_lines": [], "excluded_lines": [], "executed_branches": [[144, 145], [144, 146]], "missing_branches": []}, "PrefixedProxyMutableMapping.__key_allowed__": {"executed_lines": [], "summary": {"covered_lines": 0, "num_statements": 6, "percent_covered": 0.0, "percent_covered_display": "0", "missing_lines": 6, "excluded_lines": 0, "num_branches": 6, "num_partial_branches": 0, "covered_branches": 0, "missing_branches": 6}, "missing_lines": [149, 150, 151, 152, 154, 155], "excluded_lines": [], "executed_branches": [], "missing_branches": [[149, 150], [149, 155], [150, 151], [150, 154], [151, 152], [151, 155]]}, "PrefixedProxyMutableMapping.__key_add_prefix__": {"executed_lines": [158], "summary": {"covered_lines": 1, "num_statements": 1, "percent_covered": 100.0, "percent_covered_display": "100", "missing_lines": 0, "excluded_lines": 0, "num_branches": 0, "num_partial_branches": 0, "covered_branches": 0, "missing_branches": 0}, "missing_lines": [], "excluded_lines": [], "executed_branches": [], "missing_branches": []}, "PrefixedProxyMutableMapping.__key_remove_prefix__": {"executed_lines": [161], "summary": {"covered_lines": 1, "num_statements": 1, "percent_covered": 100.0, "percent_covered_display": "100", "missing_lines": 0, "excluded_lines": 0, "num_branches": 0, "num_partial_branches": 0, "covered_branches": 0, "missing_branches": 0}, "missing_lines": [], "excluded_lines": [], "executed_branches": [], "missing_branches": []}, "MultiDict.__setitem__": {"executed_lines": [169, 170, 171, 172], "summary": {"covered_lines": 4, "num_statements": 4, "percent_covered": 100.0, "percent_covered_display": "100", "missing_lines": 0, "excluded_lines": 0, "num_branches": 2, "num_partial_branches": 0, "covered_branches": 2, "missing_branches": 0}, "missing_lines": [], "excluded_lines": [], "executed_branches": [[169, 170], [169, 172]], "missing_branches": []}, "format_dict_recursively": {"executed_lines": [214, 217, 220, 221, 224, 227, 229, 231, 232, 233, 234, 236, 237, 238, 239, 241, 243, 244, 247, 248, 249, 251, 252, 254, 255, 257], "summary": {"covered_lines": 26, "num_statements": 27, "percent_covered": 96.22641509433963, "percent_covered_display": "96", "missing_lines": 1, "excluded_lines": 0, "num_branches": 26, "num_partial_branches": 1, "covered_branches": 25, "missing_branches": 1}, "missing_lines": [215], "excluded_lines": [], "executed_branches": [[214, 217], [221, 224], [221, 231], [224, 227], [224, 229], [231, 232], [231, 257], [236, 237], [236, 247], [237, -237], [237, 237], [237, 238], [238, 239], [238, 241], [243, 236], [243, 244], [247, 231], [247, 248], [248, 249], [248, 254], [249, 251], [249, 252], [251, -251], [251, 251], [251, 252], [254, -254], [254, 254], [254, 255]], "missing_branches": [[214, 215]]}, "ProxyMutableAttrDict.__init__": {"executed_lines": [304, 305, 307], "summary": {"covered_lines": 3, "num_statements": 3, "percent_covered": 100.0, "percent_covered_display": "100", "missing_lines": 0, "excluded_lines": 0, "num_branches": 0, "num_partial_branches": 0, "covered_branches": 0, "missing_branches": 0}, "missing_lines": [], "excluded_lines": [], "executed_branches": [], "missing_branches": []}, "ProxyMutableAttrDict._wrap_as": {"executed_lines": [], "summary": {"covered_lines": 0, "num_statements": 1, "percent_covered": 0.0, "percent_covered_display": "0", "missing_lines": 1, "excluded_lines": 0, "num_branches": 0, "num_partial_branches": 0, "covered_branches": 0, "missing_branches": 0}, "missing_lines": [311], "excluded_lines": [], "executed_branches": [], "missing_branches": []}, "ProxyMutableAttrDict.__getattr__": {"executed_lines": [314, 315, 316, 318, 322, 324], "summary": {"covered_lines": 6, "num_statements": 8, "percent_covered": 58.333333333333336, "percent_covered_display": "58", "missing_lines": 2, "excluded_lines": 0, "num_branches": 4, "num_partial_branches": 3, "covered_branches": 1, "missing_branches": 3}, "missing_lines": [319, 321], "excluded_lines": [], "executed_branches": [[314, 315], [318, 322]], "missing_branches": [[314, -313], [318, 319], [318, 321]]}, "ProxyMutableAttrDict.__setattr__": {"executed_lines": [327, 337], "summary": {"covered_lines": 2, "num_statements": 8, "percent_covered": 25.0, "percent_covered_display": "25", "missing_lines": 6, "excluded_lines": 0, "num_branches": 4, "num_partial_branches": 1, "covered_branches": 1, "missing_branches": 3}, "missing_lines": [328, 329, 331, 332, 333, 335], "excluded_lines": [], "executed_branches": [[327, 337]], "missing_branches": [[327, 328], [328, 329], [328, 331]]}, "ProcessLocal.__init__": {"executed_lines": [364, 366, 368], "summary": {"covered_lines": 3, "num_statements": 3, "percent_covered": 100.0, "percent_covered_display": "100", "missing_lines": 0, "excluded_lines": 0, "num_branches": 0, "num_partial_branches": 0, "covered_branches": 0, "missing_branches": 0}, "missing_lines": [], "excluded_lines": [], "executed_branches": [], "missing_branches": []}, "ProcessLocal.__key_trans__": {"executed_lines": [375, 376], "summary": {"covered_lines": 2, "num_statements": 2, "percent_covered": 100.0, "percent_covered_display": "100", "missing_lines": 0, "excluded_lines": 0, "num_branches": 0, "num_partial_branches": 0, "covered_branches": 0, "missing_branches": 0}, "missing_lines": [], "excluded_lines": [], "executed_branches": [], "missing_branches": []}, "ProcessLocal._handle_pid": {"executed_lines": [379, 380, 382, 383, 384], "summary": {"covered_lines": 5, "num_statements": 5, "percent_covered": 100.0, "percent_covered_display": "100", "missing_lines": 0, "excluded_lines": 0, "num_branches": 4, "num_partial_branches": 0, "covered_branches": 4, "missing_branches": 0}, "missing_lines": [], "excluded_lines": [], "executed_branches": [[379, 380], [379, 382], [382, -378], [382, 383]], "missing_branches": []}, "LastUpdatedOrderedDict.__setitem__": {"executed_lines": [395, 396, 398], "summary": {"covered_lines": 3, "num_statements": 3, "percent_covered": 100.0, "percent_covered_display": "100", "missing_lines": 0, "excluded_lines": 0, "num_branches": 2, "num_partial_branches": 0, "covered_branches": 2, "missing_branches": 0}, "missing_lines": [], "excluded_lines": [], "executed_branches": [[395, 396], [395, 398]], "missing_branches": []}, "OrderedCounter.__repr__": {"executed_lines": [410], "summary": {"covered_lines": 1, "num_statements": 1, "percent_covered": 100.0, "percent_covered_display": "100", "missing_lines": 0, "excluded_lines": 0, "num_branches": 0, "num_partial_branches": 0, "covered_branches": 0, "missing_branches": 0}, "missing_lines": [], "excluded_lines": [], "executed_branches": [], "missing_branches": []}, "OrderedCounter.__reduce__": {"executed_lines": [413], "summary": {"covered_lines": 1, "num_statements": 1, "percent_covered": 100.0, "percent_covered_display": "100", "missing_lines": 0, "excluded_lines": 0, "num_branches": 0, "num_partial_branches": 0, "covered_branches": 0, "missing_branches": 0}, "missing_lines": [], "excluded_lines": [], "executed_branches": [], "missing_branches": []}, "": {"executed_lines": [1, 2, 3, 5, 7, 10, 11, 15, 20, 23, 24, 49, 60, 70, 73, 76, 79, 82, 85, 88, 92, 93, 98, 101, 104, 108, 112, 116, 120, 125, 126, 143, 148, 157, 160, 164, 165, 166, 168, 175, 178, 260, 261, 303, 309, 310, 313, 326, 340, 343, 344, 361, 363, 374, 378, 387, 388, 394, 401, 402, 409, 412], "summary": {"covered_lines": 55, "num_statements": 55, "percent_covered": 100.0, "percent_covered_display": "100", "missing_lines": 0, "excluded_lines": 0, "num_branches": 0, "num_partial_branches": 0, "covered_branches": 0, "missing_branches": 0}, "missing_lines": [], "excluded_lines": [], "executed_branches": [], "missing_branches": []}}, "classes": {"AttrDict": {"executed_lines": [16, 17], "summary": {"covered_lines": 2, "num_statements": 2, "percent_covered": 100.0, "percent_covered_display": "100", "missing_lines": 0, "excluded_lines": 0, "num_branches": 0, "num_partial_branches": 0, "covered_branches": 0, "missing_branches": 0}, "missing_lines": [], "excluded_lines": [], "executed_branches": [], "missing_branches": []}, "ProxyMutableMapping": {"executed_lines": [55, 56, 58, 61, 62, 64, 65, 66, 68, 71, 74, 77, 80, 83, 86, 89], "summary": {"covered_lines": 16, "num_statements": 16, "percent_covered": 100.0, "percent_covered_display": "100", "missing_lines": 0, "excluded_lines": 0, "num_branches": 4, "num_partial_branches": 0, "covered_branches": 4, "missing_branches": 0}, "missing_lines": [], "excluded_lines": [], "executed_branches": [[61, 62], [61, 64], [65, 66], [65, 68]], "missing_branches": []}, "HookableProxyMutableMapping": {"executed_lines": [94, 96, 99, 102, 105, 106, 109, 110, 113, 114, 117, 118, 121, 122], "summary": {"covered_lines": 14, "num_statements": 14, "percent_covered": 100.0, "percent_covered_display": "100", "missing_lines": 0, "excluded_lines": 0, "num_branches": 2, "num_partial_branches": 0, "covered_branches": 2, "missing_branches": 0}, "missing_lines": [], "excluded_lines": [], "executed_branches": [[106, -106], [106, -104], [106, 106]], "missing_branches": []}, "PrefixedProxyMutableMapping": {"executed_lines": [133, 134, 135, 137, 144, 145, 146, 158, 161], "summary": {"covered_lines": 9, "num_statements": 15, "percent_covered": 47.82608695652174, "percent_covered_display": "48", "missing_lines": 6, "excluded_lines": 0, "num_branches": 8, "num_partial_branches": 0, "covered_branches": 2, "missing_branches": 6}, "missing_lines": [149, 150, 151, 152, 154, 155], "excluded_lines": [], "executed_branches": [[144, 145], [144, 146]], "missing_branches": [[149, 150], [149, 155], [150, 151], [150, 154], [151, 152], [151, 155]]}, "MultiDict": {"executed_lines": [169, 170, 171, 172], "summary": {"covered_lines": 4, "num_statements": 4, "percent_covered": 100.0, "percent_covered_display": "100", "missing_lines": 0, "excluded_lines": 0, "num_branches": 2, "num_partial_branches": 0, "covered_branches": 2, "missing_branches": 0}, "missing_lines": [], "excluded_lines": [], "executed_branches": [[169, 170], [169, 172]], "missing_branches": []}, "ProxyMutableAttrDict": {"executed_lines": [304, 305, 307, 314, 315, 316, 318, 322, 324, 327, 337], "summary": {"covered_lines": 11, "num_statements": 20, "percent_covered": 46.42857142857143, "percent_covered_display": "46", "missing_lines": 9, "excluded_lines": 0, "num_branches": 8, "num_partial_branches": 4, "covered_branches": 2, "missing_branches": 6}, "missing_lines": [311, 319, 321, 328, 329, 331, 332, 333, 335], "excluded_lines": [], "executed_branches": [[314, 315], [318, 322], [327, 337]], "missing_branches": [[314, -313], [318, 319], [318, 321], [327, 328], [328, 329], [328, 331]]}, "ProcessLocal": {"executed_lines": [364, 366, 368, 375, 376, 379, 380, 382, 383, 384], "summary": {"covered_lines": 10, "num_statements": 10, "percent_covered": 100.0, "percent_covered_display": "100", "missing_lines": 0, "excluded_lines": 0, "num_branches": 4, "num_partial_branches": 0, "covered_branches": 4, "missing_branches": 0}, "missing_lines": [], "excluded_lines": [], "executed_branches": [[379, 380], [379, 382], [382, -378], [382, 383]], "missing_branches": []}, "LastUpdatedOrderedDict": {"executed_lines": [395, 396, 398], "summary": {"covered_lines": 3, "num_statements": 3, "percent_covered": 100.0, "percent_covered_display": "100", "missing_lines": 0, "excluded_lines": 0, "num_branches": 2, "num_partial_branches": 0, "covered_branches": 2, "missing_branches": 0}, "missing_lines": [], "excluded_lines": [], "executed_branches": [[395, 396], [395, 398]], "missing_branches": []}, "OrderedCounter": {"executed_lines": [410, 413], "summary": {"covered_lines": 2, "num_statements": 2, "percent_covered": 100.0, "percent_covered_display": "100", "missing_lines": 0, "excluded_lines": 0, "num_branches": 0, "num_partial_branches": 0, "covered_branches": 0, "missing_branches": 0}, "missing_lines": [], "excluded_lines": [], "executed_branches": [], "missing_branches": []}, "": {"executed_lines": [1, 2, 3, 5, 7, 10, 11, 15, 20, 23, 24, 49, 60, 70, 73, 76, 79, 82, 85, 88, 92, 93, 98, 101, 104, 108, 112, 116, 120, 125, 126, 143, 148, 157, 160, 164, 165, 166, 168, 175, 178, 214, 217, 220, 221, 224, 227, 229, 231, 232, 233, 234, 236, 237, 238, 239, 241, 243, 244, 247, 248, 249, 251, 252, 254, 255, 257, 260, 261, 303, 309, 310, 313, 326, 340, 343, 344, 361, 363, 374, 378, 387, 388, 394, 401, 402, 409, 412], "summary": {"covered_lines": 81, "num_statements": 82, "percent_covered": 98.14814814814815, "percent_covered_display": "98", "missing_lines": 1, "excluded_lines": 0, "num_branches": 26, "num_partial_branches": 1, "covered_branches": 25, "missing_branches": 1}, "missing_lines": [215], "excluded_lines": [], "executed_branches": [[214, 217], [221, 224], [221, 231], [224, 227], [224, 229], [231, 232], [231, 257], [236, 237], [236, 247], [237, -237], [237, 237], [237, 238], [238, 239], [238, 241], [243, 236], [243, 244], [247, 231], [247, 248], [248, 249], [248, 254], [249, 251], [249, 252], [251, -251], [251, 251], [251, 252], [254, -254], [254, 254], [254, 255]], "missing_branches": [[214, 215]]}}}, "pytutils/memo.py": {"executed_lines": [1, 2, 4, 5, 7, 9, 12, 13, 14, 16, 17, 19, 22, 93, 97, 99, 100, 101, 102, 103, 105], "summary": {"covered_lines": 21, "num_statements": 64, "percent_covered": 26.136363636363637, "percent_covered_display": "26", "missing_lines": 43, "excluded_lines": 0, "num_branches": 24, "num_partial_branches": 0, "covered_branches": 2, "missing_branches": 22}, "missing_lines": [30, 31, 32, 33, 38, 40, 41, 43, 45, 46, 47, 48, 50, 51, 52, 53, 54, 55, 57, 58, 59, 61, 62, 63, 64, 65, 67, 68, 69, 70, 71, 73, 74, 75, 77, 78, 80, 83, 84, 85, 87, 88, 90], "excluded_lines": [], "executed_branches": [[101, 102], [101, 103]], "missing_branches": [[30, 31], [30, 32], [32, 33], [32, 38], [40, 41], [40, 43], [50, 51], [50, 61], [53, 54], [53, 57], [54, 55], [54, 61], [61, 62], [61, 77], [67, 68], [67, 77], [69, 70], [69, 73], [70, 71], [70, 77], [77, 78], [77, 80]], "functions": {"CachedException.__init__": {"executed_lines": [14], "summary": {"covered_lines": 1, "num_statements": 1, "percent_covered": 100.0, "percent_covered_display": "100", "missing_lines": 0, "excluded_lines": 0, "num_branches": 0, "num_partial_branches": 0, "covered_branches": 0, "missing_branches": 0}, "missing_lines": [], "excluded_lines": [], "executed_branches": [], "missing_branches": []}, "CachedException.throw": {"executed_lines": [17], "summary": {"covered_lines": 1, "num_statements": 1, "percent_covered": 100.0, "percent_covered_display": "100", "missing_lines": 0, "excluded_lines": 0, "num_branches": 0, "num_partial_branches": 0, "covered_branches": 0, "missing_branches": 0}, "missing_lines": [], "excluded_lines": [], "executed_branches": [], "missing_branches": []}, "cachedmethod": {"executed_lines": [], "summary": {"covered_lines": 0, "num_statements": 6, "percent_covered": 0.0, "percent_covered_display": "0", "missing_lines": 6, "excluded_lines": 0, "num_branches": 4, "num_partial_branches": 0, "covered_branches": 0, "missing_branches": 4}, "missing_lines": [30, 31, 32, 33, 38, 90], "excluded_lines": [], "executed_branches": [], "missing_branches": [[30, 31], [30, 32], [32, 33], [32, 38]]}, "cachedmethod.decorator": {"executed_lines": [], "summary": {"covered_lines": 0, "num_statements": 8, "percent_covered": 0.0, "percent_covered_display": "0", "missing_lines": 8, "excluded_lines": 0, "num_branches": 2, "num_partial_branches": 0, "covered_branches": 0, "missing_branches": 2}, "missing_lines": [40, 41, 43, 45, 46, 83, 87, 88], "excluded_lines": [], "executed_branches": [], "missing_branches": [[40, 41], [40, 43]]}, "cachedmethod.decorator.wrapper": {"executed_lines": [], "summary": {"covered_lines": 0, "num_statements": 27, "percent_covered": 0.0, "percent_covered_display": "0", "missing_lines": 27, "excluded_lines": 0, "num_branches": 16, "num_partial_branches": 0, "covered_branches": 0, "missing_branches": 16}, "missing_lines": [47, 48, 50, 51, 52, 53, 54, 55, 57, 58, 59, 61, 62, 63, 64, 65, 67, 68, 69, 70, 71, 73, 74, 75, 77, 78, 80], "excluded_lines": [], "executed_branches": [], "missing_branches": [[50, 51], [50, 61], [53, 54], [53, 57], [54, 55], [54, 61], [61, 62], [61, 77], [67, 68], [67, 77], [69, 70], [69, 73], [70, 71], [70, 77], [77, 78], [77, 80]]}, "cachedmethod.decorator.getter": {"executed_lines": [], "summary": {"covered_lines": 0, "num_statements": 2, "percent_covered": 0.0, "percent_covered_display": "0", "missing_lines": 2, "excluded_lines": 0, "num_branches": 0, "num_partial_branches": 0, "covered_branches": 0, "missing_branches": 0}, "missing_lines": [84, 85], "excluded_lines": [], "executed_branches": [], "missing_branches": []}, "lazyproperty": {"executed_lines": [97, 99, 100, 105], "summary": {"covered_lines": 4, "num_statements": 4, "percent_covered": 100.0, "percent_covered_display": "100", "missing_lines": 0, "excluded_lines": 0, "num_branches": 0, "num_partial_branches": 0, "covered_branches": 0, "missing_branches": 0}, "missing_lines": [], "excluded_lines": [], "executed_branches": [], "missing_branches": []}, "lazyproperty._lazyprop": {"executed_lines": [101, 102, 103], "summary": {"covered_lines": 3, "num_statements": 3, "percent_covered": 100.0, "percent_covered_display": "100", "missing_lines": 0, "excluded_lines": 0, "num_branches": 2, "num_partial_branches": 0, "covered_branches": 2, "missing_branches": 0}, "missing_lines": [], "excluded_lines": [], "executed_branches": [[101, 102], [101, 103]], "missing_branches": []}, "": {"executed_lines": [1, 2, 4, 5, 7, 9, 12, 13, 16, 19, 22, 93], "summary": {"covered_lines": 12, "num_statements": 12, "percent_covered": 100.0, "percent_covered_display": "100", "missing_lines": 0, "excluded_lines": 0, "num_branches": 0, "num_partial_branches": 0, "covered_branches": 0, "missing_branches": 0}, "missing_lines": [], "excluded_lines": [], "executed_branches": [], "missing_branches": []}}, "classes": {"CachedException": {"executed_lines": [14, 17], "summary": {"covered_lines": 2, "num_statements": 2, "percent_covered": 100.0, "percent_covered_display": "100", "missing_lines": 0, "excluded_lines": 0, "num_branches": 0, "num_partial_branches": 0, "covered_branches": 0, "missing_branches": 0}, "missing_lines": [], "excluded_lines": [], "executed_branches": [], "missing_branches": []}, "": {"executed_lines": [1, 2, 4, 5, 7, 9, 12, 13, 16, 19, 22, 93, 97, 99, 100, 101, 102, 103, 105], "summary": {"covered_lines": 19, "num_statements": 62, "percent_covered": 24.41860465116279, "percent_covered_display": "24", "missing_lines": 43, "excluded_lines": 0, "num_branches": 24, "num_partial_branches": 0, "covered_branches": 2, "missing_branches": 22}, "missing_lines": [30, 31, 32, 33, 38, 40, 41, 43, 45, 46, 47, 48, 50, 51, 52, 53, 54, 55, 57, 58, 59, 61, 62, 63, 64, 65, 67, 68, 69, 70, 71, 73, 74, 75, 77, 78, 80, 83, 84, 85, 87, 88, 90], "excluded_lines": [], "executed_branches": [[101, 102], [101, 103]], "missing_branches": [[30, 31], [30, 32], [32, 33], [32, 38], [40, 41], [40, 43], [50, 51], [50, 61], [53, 54], [53, 57], [54, 55], [54, 61], [61, 62], [61, 77], [67, 68], [67, 77], [69, 70], [69, 73], [70, 71], [70, 77], [77, 78], [77, 80]]}}}, "pytutils/meth.py": {"executed_lines": [1, 20], "summary": {"covered_lines": 2, "num_statements": 2, "percent_covered": 100.0, "percent_covered_display": "100", "missing_lines": 0, "excluded_lines": 0, "num_branches": 0, "num_partial_branches": 0, "covered_branches": 0, "missing_branches": 0}, "missing_lines": [], "excluded_lines": [], "executed_branches": [], "missing_branches": [], "functions": {"bind": {"executed_lines": [20], "summary": {"covered_lines": 1, "num_statements": 1, "percent_covered": 100.0, "percent_covered_display": "100", "missing_lines": 0, "excluded_lines": 0, "num_branches": 0, "num_partial_branches": 0, "covered_branches": 0, "missing_branches": 0}, "missing_lines": [], "excluded_lines": [], "executed_branches": [], "missing_branches": []}, "": {"executed_lines": [1], "summary": {"covered_lines": 1, "num_statements": 1, "percent_covered": 100.0, "percent_covered_display": "100", "missing_lines": 0, "excluded_lines": 0, "num_branches": 0, "num_partial_branches": 0, "covered_branches": 0, "missing_branches": 0}, "missing_lines": [], "excluded_lines": [], "executed_branches": [], "missing_branches": []}}, "classes": {"": {"executed_lines": [1, 20], "summary": {"covered_lines": 2, "num_statements": 2, "percent_covered": 100.0, "percent_covered_display": "100", "missing_lines": 0, "excluded_lines": 0, "num_branches": 0, "num_partial_branches": 0, "covered_branches": 0, "missing_branches": 0}, "missing_lines": [], "excluded_lines": [], "executed_branches": [], "missing_branches": []}}}, "pytutils/path.py": {"executed_lines": [1, 4, 5, 6], "summary": {"covered_lines": 4, "num_statements": 4, "percent_covered": 100.0, "percent_covered_display": "100", "missing_lines": 0, "excluded_lines": 0, "num_branches": 2, "num_partial_branches": 0, "covered_branches": 2, "missing_branches": 0}, "missing_lines": [], "excluded_lines": [], "executed_branches": [[5, -4], [5, 6]], "missing_branches": [], "functions": {"join_each": {"executed_lines": [5, 6], "summary": {"covered_lines": 2, "num_statements": 2, "percent_covered": 100.0, "percent_covered_display": "100", "missing_lines": 0, "excluded_lines": 0, "num_branches": 2, "num_partial_branches": 0, "covered_branches": 2, "missing_branches": 0}, "missing_lines": [], "excluded_lines": [], "executed_branches": [[5, -4], [5, 6]], "missing_branches": []}, "": {"executed_lines": [1, 4], "summary": {"covered_lines": 2, "num_statements": 2, "percent_covered": 100.0, "percent_covered_display": "100", "missing_lines": 0, "excluded_lines": 0, "num_branches": 0, "num_partial_branches": 0, "covered_branches": 0, "missing_branches": 0}, "missing_lines": [], "excluded_lines": [], "executed_branches": [], "missing_branches": []}}, "classes": {"": {"executed_lines": [1, 4, 5, 6], "summary": {"covered_lines": 4, "num_statements": 4, "percent_covered": 100.0, "percent_covered_display": "100", "missing_lines": 0, "excluded_lines": 0, "num_branches": 2, "num_partial_branches": 0, "covered_branches": 2, "missing_branches": 0}, "missing_lines": [], "excluded_lines": [], "executed_branches": [[5, -4], [5, 6]], "missing_branches": []}}}, "pytutils/pretty.py": {"executed_lines": [], "summary": {"covered_lines": 0, "num_statements": 35, "percent_covered": 0.0, "percent_covered_display": "0", "missing_lines": 35, "excluded_lines": 0, "num_branches": 8, "num_partial_branches": 0, "covered_branches": 0, "missing_branches": 8}, "missing_lines": [5, 6, 7, 8, 10, 11, 12, 13, 14, 16, 17, 18, 20, 21, 22, 24, 27, 34, 36, 37, 38, 40, 43, 50, 52, 53, 54, 55, 56, 58, 59, 62, 64, 65, 67], "excluded_lines": [], "executed_branches": [], "missing_branches": [[36, 37], [36, 38], [54, 55], [54, 58], [58, 59], [58, 62], [64, -43], [64, 65]], "functions": {"pf": {"executed_lines": [], "summary": {"covered_lines": 0, "num_statements": 4, "percent_covered": 0.0, "percent_covered_display": "0", "missing_lines": 4, "excluded_lines": 0, "num_branches": 2, "num_partial_branches": 0, "covered_branches": 0, "missing_branches": 2}, "missing_lines": [34, 36, 37, 38], "excluded_lines": [], "executed_branches": [], "missing_branches": [[36, 37], [36, 38]]}, "pp": {"executed_lines": [], "summary": {"covered_lines": 0, "num_statements": 11, "percent_covered": 0.0, "percent_covered_display": "0", "missing_lines": 11, "excluded_lines": 0, "num_branches": 6, "num_partial_branches": 0, "covered_branches": 0, "missing_branches": 6}, "missing_lines": [50, 52, 53, 54, 55, 56, 58, 59, 62, 64, 65], "excluded_lines": [], "executed_branches": [], "missing_branches": [[54, 55], [54, 58], [58, 59], [58, 62], [64, -43], [64, 65]]}, "": {"executed_lines": [], "summary": {"covered_lines": 0, "num_statements": 20, "percent_covered": 0.0, "percent_covered_display": "0", "missing_lines": 20, "excluded_lines": 0, "num_branches": 0, "num_partial_branches": 0, "covered_branches": 0, "missing_branches": 0}, "missing_lines": [5, 6, 7, 8, 10, 11, 12, 13, 14, 16, 17, 18, 20, 21, 22, 24, 27, 40, 43, 67], "excluded_lines": [], "executed_branches": [], "missing_branches": []}}, "classes": {"": {"executed_lines": [], "summary": {"covered_lines": 0, "num_statements": 35, "percent_covered": 0.0, "percent_covered_display": "0", "missing_lines": 35, "excluded_lines": 0, "num_branches": 8, "num_partial_branches": 0, "covered_branches": 0, "missing_branches": 8}, "missing_lines": [5, 6, 7, 8, 10, 11, 12, 13, 14, 16, 17, 18, 20, 21, 22, 24, 27, 34, 36, 37, 38, 40, 43, 50, 52, 53, 54, 55, 56, 58, 59, 62, 64, 65, 67], "excluded_lines": [], "executed_branches": [], "missing_branches": [[36, 37], [36, 38], [54, 55], [54, 58], [58, 59], [58, 62], [64, -43], [64, 65]]}}}, "pytutils/props.py": {"executed_lines": [1, 2, 6, 7, 9, 10, 13, 16, 17, 18, 19, 21, 22, 25, 30, 31, 32, 33, 34, 35, 37, 40, 44, 46, 47, 48, 49, 50, 52], "summary": {"covered_lines": 28, "num_statements": 28, "percent_covered": 100.0, "percent_covered_display": "100", "missing_lines": 0, "excluded_lines": 0, "num_branches": 4, "num_partial_branches": 0, "covered_branches": 4, "missing_branches": 0}, "missing_lines": [], "excluded_lines": [], "executed_branches": [[33, 34], [33, 35], [48, 49], [48, 50]], "missing_branches": [], "functions": {"roclassproperty.__init__": {"executed_lines": [7], "summary": {"covered_lines": 1, "num_statements": 1, "percent_covered": 100.0, "percent_covered_display": "100", "missing_lines": 0, "excluded_lines": 0, "num_branches": 0, "num_partial_branches": 0, "covered_branches": 0, "missing_branches": 0}, "missing_lines": [], "excluded_lines": [], "executed_branches": [], "missing_branches": []}, "roclassproperty.__get__": {"executed_lines": [10], "summary": {"covered_lines": 1, "num_statements": 1, "percent_covered": 100.0, "percent_covered_display": "100", "missing_lines": 0, "excluded_lines": 0, "num_branches": 0, "num_partial_branches": 0, "covered_branches": 0, "missing_branches": 0}, "missing_lines": [], "excluded_lines": [], "executed_branches": [], "missing_branches": []}, "setterproperty.__init__": {"executed_lines": [18, 19], "summary": {"covered_lines": 2, "num_statements": 2, "percent_covered": 100.0, "percent_covered_display": "100", "missing_lines": 0, "excluded_lines": 0, "num_branches": 0, "num_partial_branches": 0, "covered_branches": 0, "missing_branches": 0}, "missing_lines": [], "excluded_lines": [], "executed_branches": [], "missing_branches": []}, "setterproperty.__set__": {"executed_lines": [22], "summary": {"covered_lines": 1, "num_statements": 1, "percent_covered": 100.0, "percent_covered_display": "100", "missing_lines": 0, "excluded_lines": 0, "num_branches": 0, "num_partial_branches": 0, "covered_branches": 0, "missing_branches": 0}, "missing_lines": [], "excluded_lines": [], "executed_branches": [], "missing_branches": []}, "lazyperclassproperty": {"executed_lines": [30, 31, 37], "summary": {"covered_lines": 3, "num_statements": 3, "percent_covered": 100.0, "percent_covered_display": "100", "missing_lines": 0, "excluded_lines": 0, "num_branches": 0, "num_partial_branches": 0, "covered_branches": 0, "missing_branches": 0}, "missing_lines": [], "excluded_lines": [], "executed_branches": [], "missing_branches": []}, "lazyperclassproperty._lazyclassprop": {"executed_lines": [32, 33, 34, 35], "summary": {"covered_lines": 4, "num_statements": 4, "percent_covered": 100.0, "percent_covered_display": "100", "missing_lines": 0, "excluded_lines": 0, "num_branches": 2, "num_partial_branches": 0, "covered_branches": 2, "missing_branches": 0}, "missing_lines": [], "excluded_lines": [], "executed_branches": [[33, 34], [33, 35]], "missing_branches": []}, "lazyclassproperty": {"executed_lines": [44, 46, 47, 52], "summary": {"covered_lines": 4, "num_statements": 4, "percent_covered": 100.0, "percent_covered_display": "100", "missing_lines": 0, "excluded_lines": 0, "num_branches": 0, "num_partial_branches": 0, "covered_branches": 0, "missing_branches": 0}, "missing_lines": [], "excluded_lines": [], "executed_branches": [], "missing_branches": []}, "lazyclassproperty._lazyclassprop": {"executed_lines": [48, 49, 50], "summary": {"covered_lines": 3, "num_statements": 3, "percent_covered": 100.0, "percent_covered_display": "100", "missing_lines": 0, "excluded_lines": 0, "num_branches": 2, "num_partial_branches": 0, "covered_branches": 2, "missing_branches": 0}, "missing_lines": [], "excluded_lines": [], "executed_branches": [[48, 49], [48, 50]], "missing_branches": []}, "": {"executed_lines": [1, 2, 6, 9, 13, 16, 17, 21, 25, 40], "summary": {"covered_lines": 9, "num_statements": 9, "percent_covered": 100.0, "percent_covered_display": "100", "missing_lines": 0, "excluded_lines": 0, "num_branches": 0, "num_partial_branches": 0, "covered_branches": 0, "missing_branches": 0}, "missing_lines": [], "excluded_lines": [], "executed_branches": [], "missing_branches": []}}, "classes": {"roclassproperty": {"executed_lines": [7, 10], "summary": {"covered_lines": 2, "num_statements": 2, "percent_covered": 100.0, "percent_covered_display": "100", "missing_lines": 0, "excluded_lines": 0, "num_branches": 0, "num_partial_branches": 0, "covered_branches": 0, "missing_branches": 0}, "missing_lines": [], "excluded_lines": [], "executed_branches": [], "missing_branches": []}, "setterproperty": {"executed_lines": [18, 19, 22], "summary": {"covered_lines": 3, "num_statements": 3, "percent_covered": 100.0, "percent_covered_display": "100", "missing_lines": 0, "excluded_lines": 0, "num_branches": 0, "num_partial_branches": 0, "covered_branches": 0, "missing_branches": 0}, "missing_lines": [], "excluded_lines": [], "executed_branches": [], "missing_branches": []}, "": {"executed_lines": [1, 2, 6, 9, 13, 16, 17, 21, 25, 30, 31, 32, 33, 34, 35, 37, 40, 44, 46, 47, 48, 49, 50, 52], "summary": {"covered_lines": 23, "num_statements": 23, "percent_covered": 100.0, "percent_covered_display": "100", "missing_lines": 0, "excluded_lines": 0, "num_branches": 4, "num_partial_branches": 0, "covered_branches": 4, "missing_branches": 0}, "missing_lines": [], "excluded_lines": [], "executed_branches": [[33, 34], [33, 35], [48, 49], [48, 50]], "missing_branches": []}}}, "pytutils/python.py": {"executed_lines": [], "summary": {"covered_lines": 0, "num_statements": 30, "percent_covered": 0.0, "percent_covered_display": "0", "missing_lines": 30, "excluded_lines": 0, "num_branches": 4, "num_partial_branches": 0, "covered_branches": 0, "missing_branches": 4}, "missing_lines": [1, 2, 4, 5, 8, 9, 10, 12, 13, 14, 15, 16, 17, 19, 21, 22, 23, 24, 25, 27, 29, 32, 34, 35, 37, 38, 39, 41, 44, 45], "excluded_lines": [], "executed_branches": [], "missing_branches": [[12, 13], [12, 21], [27, 29], [27, 32]], "functions": {"": {"executed_lines": [], "summary": {"covered_lines": 0, "num_statements": 30, "percent_covered": 0.0, "percent_covered_display": "0", "missing_lines": 30, "excluded_lines": 0, "num_branches": 4, "num_partial_branches": 0, "covered_branches": 0, "missing_branches": 4}, "missing_lines": [1, 2, 4, 5, 8, 9, 10, 12, 13, 14, 15, 16, 17, 19, 21, 22, 23, 24, 25, 27, 29, 32, 34, 35, 37, 38, 39, 41, 44, 45], "excluded_lines": [], "executed_branches": [], "missing_branches": [[12, 13], [12, 21], [27, 29], [27, 32]]}}, "classes": {"PyInfo": {"executed_lines": [], "summary": {"covered_lines": 0, "num_statements": 0, "percent_covered": 100.0, "percent_covered_display": "100", "missing_lines": 0, "excluded_lines": 0, "num_branches": 0, "num_partial_branches": 0, "covered_branches": 0, "missing_branches": 0}, "missing_lines": [], "excluded_lines": [], "executed_branches": [], "missing_branches": []}, "": {"executed_lines": [], "summary": {"covered_lines": 0, "num_statements": 30, "percent_covered": 0.0, "percent_covered_display": "0", "missing_lines": 30, "excluded_lines": 0, "num_branches": 4, "num_partial_branches": 0, "covered_branches": 0, "missing_branches": 4}, "missing_lines": [1, 2, 4, 5, 8, 9, 10, 12, 13, 14, 15, 16, 17, 19, 21, 22, 23, 24, 25, 27, 29, 32, 34, 35, 37, 38, 39, 41, 44, 45], "excluded_lines": [], "executed_branches": [], "missing_branches": [[12, 13], [12, 21], [27, 29], [27, 32]]}}}, "pytutils/pythree.py": {"executed_lines": [1, 4, 13, 14, 16, 19, 31, 32, 34], "summary": {"covered_lines": 9, "num_statements": 9, "percent_covered": 100.0, "percent_covered_display": "100", "missing_lines": 0, "excluded_lines": 0, "num_branches": 4, "num_partial_branches": 0, "covered_branches": 4, "missing_branches": 0}, "missing_lines": [], "excluded_lines": [], "executed_branches": [[13, 14], [13, 16], [31, 32], [31, 34]], "missing_branches": [], "functions": {"ensure_encoded_bytes": {"executed_lines": [13, 14, 16], "summary": {"covered_lines": 3, "num_statements": 3, "percent_covered": 100.0, "percent_covered_display": "100", "missing_lines": 0, "excluded_lines": 0, "num_branches": 2, "num_partial_branches": 0, "covered_branches": 2, "missing_branches": 0}, "missing_lines": [], "excluded_lines": [], "executed_branches": [[13, 14], [13, 16]], "missing_branches": []}, "ensure_decoded_text": {"executed_lines": [31, 32, 34], "summary": {"covered_lines": 3, "num_statements": 3, "percent_covered": 100.0, "percent_covered_display": "100", "missing_lines": 0, "excluded_lines": 0, "num_branches": 2, "num_partial_branches": 0, "covered_branches": 2, "missing_branches": 0}, "missing_lines": [], "excluded_lines": [], "executed_branches": [[31, 32], [31, 34]], "missing_branches": []}, "": {"executed_lines": [1, 4, 19], "summary": {"covered_lines": 3, "num_statements": 3, "percent_covered": 100.0, "percent_covered_display": "100", "missing_lines": 0, "excluded_lines": 0, "num_branches": 0, "num_partial_branches": 0, "covered_branches": 0, "missing_branches": 0}, "missing_lines": [], "excluded_lines": [], "executed_branches": [], "missing_branches": []}}, "classes": {"": {"executed_lines": [1, 4, 13, 14, 16, 19, 31, 32, 34], "summary": {"covered_lines": 9, "num_statements": 9, "percent_covered": 100.0, "percent_covered_display": "100", "missing_lines": 0, "excluded_lines": 0, "num_branches": 4, "num_partial_branches": 0, "covered_branches": 4, "missing_branches": 0}, "missing_lines": [], "excluded_lines": [], "executed_branches": [[13, 14], [13, 16], [31, 32], [31, 34]], "missing_branches": []}}}, "pytutils/queues.py": {"executed_lines": [1, 2, 5, 11, 13, 14, 15, 16, 17, 19, 20, 21, 22, 25, 26, 27, 28, 31, 37, 38, 39, 40, 41, 42], "summary": {"covered_lines": 24, "num_statements": 24, "percent_covered": 100.0, "percent_covered_display": "100", "missing_lines": 0, "excluded_lines": 0, "num_branches": 10, "num_partial_branches": 0, "covered_branches": 10, "missing_branches": 0}, "missing_lines": [], "excluded_lines": [], "executed_branches": [[5, -5], [5, 25], [11, -11], [11, 11], [11, 13], [16, 14], [16, 17], [38, -38], [38, 38], [38, 39], [39, 40], [39, 42]], "missing_branches": [], "functions": {"multiplex": {"executed_lines": [11, 13, 19, 20, 21, 22], "summary": {"covered_lines": 6, "num_statements": 6, "percent_covered": 100.0, "percent_covered_display": "100", "missing_lines": 0, "excluded_lines": 0, "num_branches": 2, "num_partial_branches": 0, "covered_branches": 2, "missing_branches": 0}, "missing_lines": [], "excluded_lines": [], "executed_branches": [[11, -11], [11, 11], [11, 13]], "missing_branches": []}, "multiplex.f": {"executed_lines": [14, 15, 16, 17], "summary": {"covered_lines": 4, "num_statements": 4, "percent_covered": 100.0, "percent_covered_display": "100", "missing_lines": 0, "excluded_lines": 0, "num_branches": 2, "num_partial_branches": 0, "covered_branches": 2, "missing_branches": 0}, "missing_lines": [], "excluded_lines": [], "executed_branches": [[16, 14], [16, 17]], "missing_branches": []}, "push": {"executed_lines": [26, 27, 28], "summary": {"covered_lines": 3, "num_statements": 3, "percent_covered": 100.0, "percent_covered_display": "100", "missing_lines": 0, "excluded_lines": 0, "num_branches": 0, "num_partial_branches": 0, "covered_branches": 0, "missing_branches": 0}, "missing_lines": [], "excluded_lines": [], "executed_branches": [], "missing_branches": []}, "merge": {"executed_lines": [37, 38, 39, 40, 41, 42], "summary": {"covered_lines": 6, "num_statements": 6, "percent_covered": 100.0, "percent_covered_display": "100", "missing_lines": 0, "excluded_lines": 0, "num_branches": 4, "num_partial_branches": 0, "covered_branches": 4, "missing_branches": 0}, "missing_lines": [], "excluded_lines": [], "executed_branches": [[38, -38], [38, 38], [38, 39], [39, 40], [39, 42]], "missing_branches": []}, "": {"executed_lines": [1, 2, 5, 25, 31], "summary": {"covered_lines": 5, "num_statements": 5, "percent_covered": 100.0, "percent_covered_display": "100", "missing_lines": 0, "excluded_lines": 0, "num_branches": 2, "num_partial_branches": 0, "covered_branches": 2, "missing_branches": 0}, "missing_lines": [], "excluded_lines": [], "executed_branches": [[5, -5], [5, 25]], "missing_branches": []}}, "classes": {"": {"executed_lines": [1, 2, 5, 11, 13, 14, 15, 16, 17, 19, 20, 21, 22, 25, 26, 27, 28, 31, 37, 38, 39, 40, 41, 42], "summary": {"covered_lines": 24, "num_statements": 24, "percent_covered": 100.0, "percent_covered_display": "100", "missing_lines": 0, "excluded_lines": 0, "num_branches": 10, "num_partial_branches": 0, "covered_branches": 10, "missing_branches": 0}, "missing_lines": [], "excluded_lines": [], "executed_branches": [[5, -5], [5, 25], [11, -11], [11, 11], [11, 13], [16, 14], [16, 17], [38, -38], [38, 38], [38, 39], [39, 40], [39, 42]], "missing_branches": []}}}, "pytutils/rand.py": {"executed_lines": [1, 4, 11], "summary": {"covered_lines": 3, "num_statements": 3, "percent_covered": 100.0, "percent_covered_display": "100", "missing_lines": 0, "excluded_lines": 0, "num_branches": 0, "num_partial_branches": 0, "covered_branches": 0, "missing_branches": 0}, "missing_lines": [], "excluded_lines": [], "executed_branches": [], "missing_branches": [], "functions": {"rand_hex": {"executed_lines": [11], "summary": {"covered_lines": 1, "num_statements": 1, "percent_covered": 100.0, "percent_covered_display": "100", "missing_lines": 0, "excluded_lines": 0, "num_branches": 0, "num_partial_branches": 0, "covered_branches": 0, "missing_branches": 0}, "missing_lines": [], "excluded_lines": [], "executed_branches": [], "missing_branches": []}, "": {"executed_lines": [1, 4], "summary": {"covered_lines": 2, "num_statements": 2, "percent_covered": 100.0, "percent_covered_display": "100", "missing_lines": 0, "excluded_lines": 0, "num_branches": 0, "num_partial_branches": 0, "covered_branches": 0, "missing_branches": 0}, "missing_lines": [], "excluded_lines": [], "executed_branches": [], "missing_branches": []}}, "classes": {"": {"executed_lines": [1, 4, 11], "summary": {"covered_lines": 3, "num_statements": 3, "percent_covered": 100.0, "percent_covered_display": "100", "missing_lines": 0, "excluded_lines": 0, "num_branches": 0, "num_partial_branches": 0, "covered_branches": 0, "missing_branches": 0}, "missing_lines": [], "excluded_lines": [], "executed_branches": [], "missing_branches": []}}}, "pytutils/sets.py": {"executed_lines": [1, 2, 6, 7, 8, 9, 11, 13, 16, 17, 18, 22, 24, 25, 27, 29, 30, 31, 32, 34, 35, 37, 38, 40, 41, 43, 44, 45, 47, 48, 49, 51, 54, 56, 57, 60, 61, 62, 64, 65, 66], "summary": {"covered_lines": 40, "num_statements": 42, "percent_covered": 96.15384615384616, "percent_covered_display": "96", "missing_lines": 2, "excluded_lines": 0, "num_branches": 10, "num_partial_branches": 0, "covered_branches": 10, "missing_branches": 0}, "missing_lines": [3, 4], "excluded_lines": [], "executed_branches": [[16, 17], [16, 18], [22, -22], [22, 24], [30, -29], [30, 31], [60, 61], [60, 62], [62, -62], [62, 64]], "missing_branches": [], "functions": {"MetaSet.__attrs_post_init__": {"executed_lines": [30, 31, 32], "summary": {"covered_lines": 3, "num_statements": 3, "percent_covered": 100.0, "percent_covered_display": "100", "missing_lines": 0, "excluded_lines": 0, "num_branches": 2, "num_partial_branches": 0, "covered_branches": 2, "missing_branches": 0}, "missing_lines": [], "excluded_lines": [], "executed_branches": [[30, -29], [30, 31]], "missing_branches": []}, "MetaSet.__contains__": {"executed_lines": [35], "summary": {"covered_lines": 1, "num_statements": 1, "percent_covered": 100.0, "percent_covered_display": "100", "missing_lines": 0, "excluded_lines": 0, "num_branches": 0, "num_partial_branches": 0, "covered_branches": 0, "missing_branches": 0}, "missing_lines": [], "excluded_lines": [], "executed_branches": [], "missing_branches": []}, "MetaSet.__iter__": {"executed_lines": [38], "summary": {"covered_lines": 1, "num_statements": 1, "percent_covered": 100.0, "percent_covered_display": "100", "missing_lines": 0, "excluded_lines": 0, "num_branches": 0, "num_partial_branches": 0, "covered_branches": 0, "missing_branches": 0}, "missing_lines": [], "excluded_lines": [], "executed_branches": [], "missing_branches": []}, "MetaSet.__len__": {"executed_lines": [41], "summary": {"covered_lines": 1, "num_statements": 1, "percent_covered": 100.0, "percent_covered_display": "100", "missing_lines": 0, "excluded_lines": 0, "num_branches": 0, "num_partial_branches": 0, "covered_branches": 0, "missing_branches": 0}, "missing_lines": [], "excluded_lines": [], "executed_branches": [], "missing_branches": []}, "MetaSet.add": {"executed_lines": [44, 45], "summary": {"covered_lines": 2, "num_statements": 2, "percent_covered": 100.0, "percent_covered_display": "100", "missing_lines": 0, "excluded_lines": 0, "num_branches": 0, "num_partial_branches": 0, "covered_branches": 0, "missing_branches": 0}, "missing_lines": [], "excluded_lines": [], "executed_branches": [], "missing_branches": []}, "MetaSet.discard": {"executed_lines": [48, 49], "summary": {"covered_lines": 2, "num_statements": 2, "percent_covered": 100.0, "percent_covered_display": "100", "missing_lines": 0, "excluded_lines": 0, "num_branches": 0, "num_partial_branches": 0, "covered_branches": 0, "missing_branches": 0}, "missing_lines": [], "excluded_lines": [], "executed_branches": [], "missing_branches": []}, "MetaSet.update": {"executed_lines": [54], "summary": {"covered_lines": 1, "num_statements": 1, "percent_covered": 100.0, "percent_covered_display": "100", "missing_lines": 0, "excluded_lines": 0, "num_branches": 0, "num_partial_branches": 0, "covered_branches": 0, "missing_branches": 0}, "missing_lines": [], "excluded_lines": [], "executed_branches": [], "missing_branches": []}, "MetaSet._asdict": {"executed_lines": [57], "summary": {"covered_lines": 1, "num_statements": 1, "percent_covered": 100.0, "percent_covered_display": "100", "missing_lines": 0, "excluded_lines": 0, "num_branches": 0, "num_partial_branches": 0, "covered_branches": 0, "missing_branches": 0}, "missing_lines": [], "excluded_lines": [], "executed_branches": [], "missing_branches": []}, "TimedValueSet.added_at": {"executed_lines": [66], "summary": {"covered_lines": 1, "num_statements": 1, "percent_covered": 100.0, "percent_covered_display": "100", "missing_lines": 0, "excluded_lines": 0, "num_branches": 0, "num_partial_branches": 0, "covered_branches": 0, "missing_branches": 0}, "missing_lines": [], "excluded_lines": [], "executed_branches": [], "missing_branches": []}, "": {"executed_lines": [1, 2, 6, 7, 8, 9, 11, 13, 16, 17, 18, 22, 24, 25, 27, 29, 34, 37, 40, 43, 47, 51, 56, 60, 61, 62, 64, 65], "summary": {"covered_lines": 27, "num_statements": 29, "percent_covered": 94.5945945945946, "percent_covered_display": "95", "missing_lines": 2, "excluded_lines": 0, "num_branches": 8, "num_partial_branches": 0, "covered_branches": 8, "missing_branches": 0}, "missing_lines": [3, 4], "excluded_lines": [], "executed_branches": [[16, 17], [16, 18], [22, -22], [22, 24], [60, 61], [60, 62], [62, -62], [62, 64]], "missing_branches": []}}, "classes": {"MetaSet": {"executed_lines": [30, 31, 32, 35, 38, 41, 44, 45, 48, 49, 54, 57], "summary": {"covered_lines": 12, "num_statements": 12, "percent_covered": 100.0, "percent_covered_display": "100", "missing_lines": 0, "excluded_lines": 0, "num_branches": 2, "num_partial_branches": 0, "covered_branches": 2, "missing_branches": 0}, "missing_lines": [], "excluded_lines": [], "executed_branches": [[30, -29], [30, 31]], "missing_branches": []}, "TimedValueSet": {"executed_lines": [66], "summary": {"covered_lines": 1, "num_statements": 1, "percent_covered": 100.0, "percent_covered_display": "100", "missing_lines": 0, "excluded_lines": 0, "num_branches": 0, "num_partial_branches": 0, "covered_branches": 0, "missing_branches": 0}, "missing_lines": [], "excluded_lines": [], "executed_branches": [], "missing_branches": []}, "": {"executed_lines": [1, 2, 6, 7, 8, 9, 11, 13, 16, 17, 18, 22, 24, 25, 27, 29, 34, 37, 40, 43, 47, 51, 56, 60, 61, 62, 64, 65], "summary": {"covered_lines": 27, "num_statements": 29, "percent_covered": 94.5945945945946, "percent_covered_display": "95", "missing_lines": 2, "excluded_lines": 0, "num_branches": 8, "num_partial_branches": 0, "covered_branches": 8, "missing_branches": 0}, "missing_lines": [3, 4], "excluded_lines": [], "executed_branches": [[16, 17], [16, 18], [22, -22], [22, 24], [60, 61], [60, 62], [62, -62], [62, 64]], "missing_branches": []}}}, "pytutils/timers.py": {"executed_lines": [1, 2, 4, 7, 8, 12, 13, 14, 16, 17, 19, 20, 21, 23, 24, 25, 26, 28, 29], "summary": {"covered_lines": 18, "num_statements": 18, "percent_covered": 100.0, "percent_covered_display": "100", "missing_lines": 0, "excluded_lines": 0, "num_branches": 2, "num_partial_branches": 0, "covered_branches": 2, "missing_branches": 0}, "missing_lines": [], "excluded_lines": [], "executed_branches": [[28, -23], [28, 29]], "missing_branches": [], "functions": {"Timer.__init__": {"executed_lines": [13, 14], "summary": {"covered_lines": 2, "num_statements": 2, "percent_covered": 100.0, "percent_covered_display": "100", "missing_lines": 0, "excluded_lines": 0, "num_branches": 0, "num_partial_branches": 0, "covered_branches": 0, "missing_branches": 0}, "missing_lines": [], "excluded_lines": [], "executed_branches": [], "missing_branches": []}, "Timer.__repr__": {"executed_lines": [17], "summary": {"covered_lines": 1, "num_statements": 1, "percent_covered": 100.0, "percent_covered_display": "100", "missing_lines": 0, "excluded_lines": 0, "num_branches": 0, "num_partial_branches": 0, "covered_branches": 0, "missing_branches": 0}, "missing_lines": [], "excluded_lines": [], "executed_branches": [], "missing_branches": []}, "Timer.__enter__": {"executed_lines": [20, 21], "summary": {"covered_lines": 2, "num_statements": 2, "percent_covered": 100.0, "percent_covered_display": "100", "missing_lines": 0, "excluded_lines": 0, "num_branches": 0, "num_partial_branches": 0, "covered_branches": 0, "missing_branches": 0}, "missing_lines": [], "excluded_lines": [], "executed_branches": [], "missing_branches": []}, "Timer.__exit__": {"executed_lines": [24, 25, 26, 28, 29], "summary": {"covered_lines": 5, "num_statements": 5, "percent_covered": 100.0, "percent_covered_display": "100", "missing_lines": 0, "excluded_lines": 0, "num_branches": 2, "num_partial_branches": 0, "covered_branches": 2, "missing_branches": 0}, "missing_lines": [], "excluded_lines": [], "executed_branches": [[28, -23], [28, 29]], "missing_branches": []}, "": {"executed_lines": [1, 2, 4, 7, 8, 12, 16, 19, 23], "summary": {"covered_lines": 8, "num_statements": 8, "percent_covered": 100.0, "percent_covered_display": "100", "missing_lines": 0, "excluded_lines": 0, "num_branches": 0, "num_partial_branches": 0, "covered_branches": 0, "missing_branches": 0}, "missing_lines": [], "excluded_lines": [], "executed_branches": [], "missing_branches": []}}, "classes": {"Timer": {"executed_lines": [13, 14, 17, 20, 21, 24, 25, 26, 28, 29], "summary": {"covered_lines": 10, "num_statements": 10, "percent_covered": 100.0, "percent_covered_display": "100", "missing_lines": 0, "excluded_lines": 0, "num_branches": 2, "num_partial_branches": 0, "covered_branches": 2, "missing_branches": 0}, "missing_lines": [], "excluded_lines": [], "executed_branches": [[28, -23], [28, 29]], "missing_branches": []}, "": {"executed_lines": [1, 2, 4, 7, 8, 12, 16, 19, 23], "summary": {"covered_lines": 8, "num_statements": 8, "percent_covered": 100.0, "percent_covered_display": "100", "missing_lines": 0, "excluded_lines": 0, "num_branches": 0, "num_partial_branches": 0, "covered_branches": 0, "missing_branches": 0}, "missing_lines": [], "excluded_lines": [], "executed_branches": [], "missing_branches": []}}}, "pytutils/tlds.py": {"executed_lines": [1, 3, 4, 6, 7, 10, 11, 19, 22, 26, 27, 29, 31, 32, 33, 37, 38, 39, 41, 42, 44, 47, 49, 50, 53, 55, 57], "summary": {"covered_lines": 27, "num_statements": 27, "percent_covered": 100.0, "percent_covered_display": "100", "missing_lines": 0, "excluded_lines": 0, "num_branches": 10, "num_partial_branches": 0, "covered_branches": 10, "missing_branches": 0}, "missing_lines": [], "excluded_lines": [], "executed_branches": [[6, -6], [6, 7], [26, 27], [26, 29], [32, 33], [32, 37], [38, 39], [38, 41], [41, 42], [41, 44]], "missing_branches": [], "functions": {"split_domain_into_subdomains": {"executed_lines": [19, 22, 26, 27, 29, 31, 32, 33, 37, 38, 39, 41, 42, 44, 47, 49, 53, 55, 57], "summary": {"covered_lines": 19, "num_statements": 19, "percent_covered": 100.0, "percent_covered_display": "100", "missing_lines": 0, "excluded_lines": 0, "num_branches": 8, "num_partial_branches": 0, "covered_branches": 8, "missing_branches": 0}, "missing_lines": [], "excluded_lines": [], "executed_branches": [[26, 27], [26, 29], [32, 33], [32, 37], [38, 39], [38, 41], [41, 42], [41, 44]], "missing_branches": []}, "split_domain_into_subdomains.join_dom": {"executed_lines": [50], "summary": {"covered_lines": 1, "num_statements": 1, "percent_covered": 100.0, "percent_covered_display": "100", "missing_lines": 0, "excluded_lines": 0, "num_branches": 0, "num_partial_branches": 0, "covered_branches": 0, "missing_branches": 0}, "missing_lines": [], "excluded_lines": [], "executed_branches": [], "missing_branches": []}, "": {"executed_lines": [1, 3, 4, 6, 7, 10, 11], "summary": {"covered_lines": 7, "num_statements": 7, "percent_covered": 100.0, "percent_covered_display": "100", "missing_lines": 0, "excluded_lines": 0, "num_branches": 2, "num_partial_branches": 0, "covered_branches": 2, "missing_branches": 0}, "missing_lines": [], "excluded_lines": [], "executed_branches": [[6, -6], [6, 7]], "missing_branches": []}}, "classes": {"": {"executed_lines": [1, 3, 4, 6, 7, 10, 11, 19, 22, 26, 27, 29, 31, 32, 33, 37, 38, 39, 41, 42, 44, 47, 49, 50, 53, 55, 57], "summary": {"covered_lines": 27, "num_statements": 27, "percent_covered": 100.0, "percent_covered_display": "100", "missing_lines": 0, "excluded_lines": 0, "num_branches": 10, "num_partial_branches": 0, "covered_branches": 10, "missing_branches": 0}, "missing_lines": [], "excluded_lines": [], "executed_branches": [[6, -6], [6, 7], [26, 27], [26, 29], [32, 33], [32, 37], [38, 39], [38, 41], [41, 42], [41, 44]], "missing_branches": []}}}, "pytutils/trees.py": {"executed_lines": [1, 3, 6, 20, 21, 22, 26, 27, 39, 59, 61, 64, 65, 70, 72, 73, 74, 75, 76, 77, 78, 80, 87, 91, 95, 98, 101], "summary": {"covered_lines": 26, "num_statements": 47, "percent_covered": 52.459016393442624, "percent_covered_display": "52", "missing_lines": 21, "excluded_lines": 0, "num_branches": 14, "num_partial_branches": 2, "covered_branches": 6, "missing_branches": 8}, "missing_lines": [28, 29, 30, 31, 32, 34, 35, 36, 53, 54, 55, 56, 81, 82, 83, 84, 85, 88, 89, 92, 93], "excluded_lines": [], "executed_branches": [[21, 22], [21, 26], [27, -6], [73, 74], [73, 75], [77, -72], [77, 78]], "missing_branches": [[27, 28], [27, 34], [34, 35], [34, 36], [81, 82], [81, 83], [83, 84], [83, 85]], "functions": {"get_tree_node": {"executed_lines": [20, 21, 22, 26, 27], "summary": {"covered_lines": 5, "num_statements": 13, "percent_covered": 36.8421052631579, "percent_covered_display": "37", "missing_lines": 8, "excluded_lines": 0, "num_branches": 6, "num_partial_branches": 2, "covered_branches": 2, "missing_branches": 4}, "missing_lines": [28, 29, 30, 31, 32, 34, 35, 36], "excluded_lines": [], "executed_branches": [[21, 22], [21, 26], [27, -6]], "missing_branches": [[27, 28], [27, 34], [34, 35], [34, 36]]}, "set_tree_node": {"executed_lines": [], "summary": {"covered_lines": 0, "num_statements": 4, "percent_covered": 0.0, "percent_covered_display": "0", "missing_lines": 4, "excluded_lines": 0, "num_branches": 0, "num_partial_branches": 0, "covered_branches": 0, "missing_branches": 0}, "missing_lines": [53, 54, 55, 56], "excluded_lines": [], "executed_branches": [], "missing_branches": []}, "tree": {"executed_lines": [61], "summary": {"covered_lines": 1, "num_statements": 1, "percent_covered": 100.0, "percent_covered_display": "100", "missing_lines": 0, "excluded_lines": 0, "num_branches": 0, "num_partial_branches": 0, "covered_branches": 0, "missing_branches": 0}, "missing_lines": [], "excluded_lines": [], "executed_branches": [], "missing_branches": []}, "Tree.__init__": {"executed_lines": [73, 74, 75, 76, 77, 78], "summary": {"covered_lines": 6, "num_statements": 6, "percent_covered": 100.0, "percent_covered_display": "100", "missing_lines": 0, "excluded_lines": 0, "num_branches": 4, "num_partial_branches": 0, "covered_branches": 4, "missing_branches": 0}, "missing_lines": [], "excluded_lines": [], "executed_branches": [[73, 74], [73, 75], [77, -72], [77, 78]], "missing_branches": []}, "Tree._namespace_key": {"executed_lines": [], "summary": {"covered_lines": 0, "num_statements": 5, "percent_covered": 0.0, "percent_covered_display": "0", "missing_lines": 5, "excluded_lines": 0, "num_branches": 4, "num_partial_branches": 0, "covered_branches": 0, "missing_branches": 4}, "missing_lines": [81, 82, 83, 84, 85], "excluded_lines": [], "executed_branches": [], "missing_branches": [[81, 82], [81, 83], [83, 84], [83, 85]]}, "Tree.__setitem__": {"executed_lines": [], "summary": {"covered_lines": 0, "num_statements": 2, "percent_covered": 0.0, "percent_covered_display": "0", "missing_lines": 2, "excluded_lines": 0, "num_branches": 0, "num_partial_branches": 0, "covered_branches": 0, "missing_branches": 0}, "missing_lines": [88, 89], "excluded_lines": [], "executed_branches": [], "missing_branches": []}, "Tree.__getitem__": {"executed_lines": [], "summary": {"covered_lines": 0, "num_statements": 2, "percent_covered": 0.0, "percent_covered_display": "0", "missing_lines": 2, "excluded_lines": 0, "num_branches": 0, "num_partial_branches": 0, "covered_branches": 0, "missing_branches": 0}, "missing_lines": [92, 93], "excluded_lines": [], "executed_branches": [], "missing_branches": []}, "": {"executed_lines": [1, 3, 6, 39, 59, 64, 65, 70, 72, 80, 87, 91, 95, 98, 101], "summary": {"covered_lines": 14, "num_statements": 14, "percent_covered": 100.0, "percent_covered_display": "100", "missing_lines": 0, "excluded_lines": 0, "num_branches": 0, "num_partial_branches": 0, "covered_branches": 0, "missing_branches": 0}, "missing_lines": [], "excluded_lines": [], "executed_branches": [], "missing_branches": []}}, "classes": {"Tree": {"executed_lines": [73, 74, 75, 76, 77, 78], "summary": {"covered_lines": 6, "num_statements": 15, "percent_covered": 43.47826086956522, "percent_covered_display": "43", "missing_lines": 9, "excluded_lines": 0, "num_branches": 8, "num_partial_branches": 0, "covered_branches": 4, "missing_branches": 4}, "missing_lines": [81, 82, 83, 84, 85, 88, 89, 92, 93], "excluded_lines": [], "executed_branches": [[73, 74], [73, 75], [77, -72], [77, 78]], "missing_branches": [[81, 82], [81, 83], [83, 84], [83, 85]]}, "RegistryTree": {"executed_lines": [], "summary": {"covered_lines": 0, "num_statements": 0, "percent_covered": 100.0, "percent_covered_display": "100", "missing_lines": 0, "excluded_lines": 0, "num_branches": 0, "num_partial_branches": 0, "covered_branches": 0, "missing_branches": 0}, "missing_lines": [], "excluded_lines": [], "executed_branches": [], "missing_branches": []}, "": {"executed_lines": [1, 3, 6, 20, 21, 22, 26, 27, 39, 59, 61, 64, 65, 70, 72, 80, 87, 91, 95, 98, 101], "summary": {"covered_lines": 20, "num_statements": 32, "percent_covered": 57.89473684210526, "percent_covered_display": "58", "missing_lines": 12, "excluded_lines": 0, "num_branches": 6, "num_partial_branches": 2, "covered_branches": 2, "missing_branches": 4}, "missing_lines": [28, 29, 30, 31, 32, 34, 35, 36, 53, 54, 55, 56], "excluded_lines": [], "executed_branches": [[21, 22], [21, 26], [27, -6]], "missing_branches": [[27, 28], [27, 34], [34, 35], [34, 36]]}}}, "pytutils/urls.py": {"executed_lines": [1, 2, 4, 5, 6, 9, 23, 25, 26, 28, 30, 31], "summary": {"covered_lines": 12, "num_statements": 13, "percent_covered": 92.3076923076923, "percent_covered_display": "92", "missing_lines": 1, "excluded_lines": 0, "num_branches": 0, "num_partial_branches": 0, "covered_branches": 0, "missing_branches": 0}, "missing_lines": [3], "excluded_lines": [], "executed_branches": [], "missing_branches": [], "functions": {"update_query_params": {"executed_lines": [23, 25, 26, 28, 30, 31], "summary": {"covered_lines": 6, "num_statements": 6, "percent_covered": 100.0, "percent_covered_display": "100", "missing_lines": 0, "excluded_lines": 0, "num_branches": 0, "num_partial_branches": 0, "covered_branches": 0, "missing_branches": 0}, "missing_lines": [], "excluded_lines": [], "executed_branches": [], "missing_branches": []}, "": {"executed_lines": [1, 2, 4, 5, 6, 9], "summary": {"covered_lines": 6, "num_statements": 7, "percent_covered": 85.71428571428571, "percent_covered_display": "86", "missing_lines": 1, "excluded_lines": 0, "num_branches": 0, "num_partial_branches": 0, "covered_branches": 0, "missing_branches": 0}, "missing_lines": [3], "excluded_lines": [], "executed_branches": [], "missing_branches": []}}, "classes": {"": {"executed_lines": [1, 2, 4, 5, 6, 9, 23, 25, 26, 28, 30, 31], "summary": {"covered_lines": 12, "num_statements": 13, "percent_covered": 92.3076923076923, "percent_covered_display": "92", "missing_lines": 1, "excluded_lines": 0, "num_branches": 0, "num_partial_branches": 0, "covered_branches": 0, "missing_branches": 0}, "missing_lines": [3], "excluded_lines": [], "executed_branches": [], "missing_branches": []}}}}, "totals": {"covered_lines": 621, "num_statements": 783, "percent_covered": 77.20515361744302, "percent_covered_display": "77", "missing_lines": 162, "excluded_lines": 0, "num_branches": 226, "num_partial_branches": 20, "covered_branches": 158, "missing_branches": 68}}