{"meta": {"format": 3, "version": "7.6.1", "timestamp": "2025-09-27T19:37:18.006843", "branch_coverage": true, "show_contexts": false}, "files": {"kafkashell/__init__.py": {"executed_lines": [16, 17, 18, 19, 20, 21, 22, 23, 24, 25, 27, 29], "summary": {"covered_lines": 12, "num_statements": 12, "percent_covered": 100.0, "percent_covered_display": "100", "missing_lines": 0, "excluded_lines": 0, "num_branches": 0, "num_partial_branches": 0, "covered_branches": 0, "missing_branches": 0}, "missing_lines": [], "excluded_lines": [], "executed_branches": [], "missing_branches": [], "functions": {"": {"executed_lines": [16, 17, 18, 19, 20, 21, 22, 23, 24, 25, 27, 29], "summary": {"covered_lines": 12, "num_statements": 12, "percent_covered": 100.0, "percent_covered_display": "100", "missing_lines": 0, "excluded_lines": 0, "num_branches": 0, "num_partial_branches": 0, "covered_branches": 0, "missing_branches": 0}, "missing_lines": [], "excluded_lines": [], "executed_branches": [], "missing_branches": []}}, "classes": {"": {"executed_lines": [16, 17, 18, 19, 20, 21, 22, 23, 24, 25, 27, 29], "summary": {"covered_lines": 12, "num_statements": 12, "percent_covered": 100.0, "percent_covered_display": "100", "missing_lines": 0, "excluded_lines": 0, "num_branches": 0, "num_partial_branches": 0, "covered_branches": 0, "missing_branches": 0}, "missing_lines": [], "excluded_lines": [], "executed_branches": [], "missing_branches": []}}}, "kafkashell/bindings.py": {"executed_lines": [16, 17, 18, 21], "summary": {"covered_lines": 4, "num_statements": 18, "percent_covered": 22.22222222222222, "percent_covered_display": "22", "missing_lines": 14, "excluded_lines": 0, "num_branches": 0, "num_partial_branches": 0, "covered_branches": 0, "missing_branches": 0}, "missing_lines": [22, 24, 25, 26, 28, 29, 30, 32, 33, 34, 36, 37, 38, 40], "excluded_lines": [], "executed_branches": [], "missing_branches": [], "functions": {"get_bindings": {"executed_lines": [], "summary": {"covered_lines": 0, "num_statements": 10, "percent_covered": 0.0, "percent_covered_display": "0", "missing_lines": 10, "excluded_lines": 0, "num_branches": 0, "num_partial_branches": 0, "covered_branches": 0, "missing_branches": 0}, "missing_lines": [22, 24, 25, 28, 29, 32, 33, 36, 37, 40], "excluded_lines": [], "executed_branches": [], "missing_branches": []}, "get_bindings._": {"executed_lines": [], "summary": {"covered_lines": 0, "num_statements": 1, "percent_covered": 0.0, "percent_covered_display": "0", "missing_lines": 1, "excluded_lines": 0, "num_branches": 0, "num_partial_branches": 0, "covered_branches": 0, "missing_branches": 0}, "missing_lines": [38], "excluded_lines": [], "executed_branches": [], "missing_branches": []}, "": {"executed_lines": [16, 17, 18, 21], "summary": {"covered_lines": 4, "num_statements": 4, "percent_covered": 100.0, "percent_covered_display": "100", "missing_lines": 0, "excluded_lines": 0, "num_branches": 0, "num_partial_branches": 0, "covered_branches": 0, "missing_branches": 0}, "missing_lines": [], "excluded_lines": [], "executed_branches": [], "missing_branches": []}}, "classes": {"": {"executed_lines": [16, 17, 18, 21], "summary": {"covered_lines": 4, "num_statements": 18, "percent_covered": 22.22222222222222, "percent_covered_display": "22", "missing_lines": 14, "excluded_lines": 0, "num_branches": 0, "num_partial_branches": 0, "covered_branches": 0, "missing_branches": 0}, "missing_lines": [22, 24, 25, 26, 28, 29, 30, 32, 33, 34, 36, 37, 38, 40], "excluded_lines": [], "executed_branches": [], "missing_branches": []}}}, "kafkashell/completer.py": {"executed_lines": [16, 18, 19, 21, 22, 25, 27, 31, 56, 63, 70, 83, 91, 99, 106, 109, 112, 116, 117, 121, 131, 137, 142, 149, 150, 156, 157, 160, 166, 167, 173, 179, 180, 183, 184, 187, 188, 192, 193], "summary": {"covered_lines": 39, "num_statements": 140, "percent_covered": 19.5, "percent_covered_display": "20", "missing_lines": 101, "excluded_lines": 0, "num_branches": 60, "num_partial_branches": 0, "covered_branches": 0, "missing_branches": 60}, "missing_lines": [28, 29, 32, 33, 34, 35, 37, 38, 39, 40, 41, 42, 44, 45, 46, 47, 49, 50, 52, 53, 57, 58, 59, 60, 61, 64, 65, 66, 67, 68, 71, 73, 74, 75, 76, 77, 78, 80, 81, 84, 85, 86, 87, 88, 89, 92, 93, 94, 95, 96, 97, 100, 101, 102, 103, 107, 110, 113, 114, 118, 122, 123, 124, 125, 126, 127, 128, 129, 132, 133, 134, 135, 138, 139, 140, 143, 144, 145, 146, 147, 151, 152, 153, 154, 158, 161, 162, 163, 164, 168, 169, 170, 171, 174, 175, 177, 181, 185, 189, 190, 194], "excluded_lines": [], "executed_branches": [], "missing_branches": [[37, 38], [37, 52], [41, 42], [41, 45], [42, -31], [42, 44], [45, 46], [45, 49], [46, -31], [46, 47], [49, -31], [49, 50], [52, -31], [52, 53], [59, -56], [59, 60], [66, -63], [66, 67], [73, 74], [73, 80], [76, -70], [76, 77], [77, -70], [77, 78], [80, -70], [80, 81], [87, -83], [87, 88], [95, -91], [95, 96], [102, -99], [102, 103], [110, -110], [110, -109], [114, -114], [114, -112], [118, -118], [118, -116], [127, -127], [127, -121], [135, -135], [135, -131], [140, -140], [140, -137], [143, 144], [143, 147], [144, 145], [144, 146], [151, 152], [151, 154], [152, 151], [152, 153], [153, -153], [153, -149], [158, -158], [158, -156], [174, 175], [174, 177], [177, -177], [177, -173]], "functions": {"KafkaCompleter.__init__": {"executed_lines": [], "summary": {"covered_lines": 0, "num_statements": 2, "percent_covered": 0.0, "percent_covered_display": "0", "missing_lines": 2, "excluded_lines": 0, "num_branches": 0, "num_partial_branches": 0, "covered_branches": 0, "missing_branches": 0}, "missing_lines": [28, 29], "excluded_lines": [], "executed_branches": [], "missing_branches": []}, "KafkaCompleter.get_completions": {"executed_lines": [], "summary": {"covered_lines": 0, "num_statements": 18, "percent_covered": 0.0, "percent_covered_display": "0", "missing_lines": 18, "excluded_lines": 0, "num_branches": 14, "num_partial_branches": 0, "covered_branches": 0, "missing_branches": 14}, "missing_lines": [32, 33, 34, 35, 37, 38, 39, 40, 41, 42, 44, 45, 46, 47, 49, 50, 52, 53], "excluded_lines": [], "executed_branches": [], "missing_branches": [[37, 38], [37, 52], [41, 42], [41, 45], [42, -31], [42, 44], [45, 46], [45, 49], [46, -31], [46, 47], [49, -31], [49, 50], [52, -31], [52, 53]]}, "KafkaCompleter.yield_commands": {"executed_lines": [], "summary": {"covered_lines": 0, "num_statements": 5, "percent_covered": 0.0, "percent_covered_display": "0", "missing_lines": 5, "excluded_lines": 0, "num_branches": 2, "num_partial_branches": 0, "covered_branches": 0, "missing_branches": 2}, "missing_lines": [57, 58, 59, 60, 61], "excluded_lines": [], "executed_branches": [], "missing_branches": [[59, -56], [59, 60]]}, "KafkaCompleter.yield_options": {"executed_lines": [], "summary": {"covered_lines": 0, "num_statements": 5, "percent_covered": 0.0, "percent_covered_display": "0", "missing_lines": 5, "excluded_lines": 0, "num_branches": 2, "num_partial_branches": 0, "covered_branches": 0, "missing_branches": 2}, "missing_lines": [64, 65, 66, 67, 68], "excluded_lines": [], "executed_branches": [], "missing_branches": [[66, -63], [66, 67]]}, "KafkaCompleter.yield_extra_completers": {"executed_lines": [], "summary": {"covered_lines": 0, "num_statements": 9, "percent_covered": 0.0, "percent_covered_display": "0", "missing_lines": 9, "excluded_lines": 0, "num_branches": 8, "num_partial_branches": 0, "covered_branches": 0, "missing_branches": 8}, "missing_lines": [71, 73, 74, 75, 76, 77, 78, 80, 81], "excluded_lines": [], "executed_branches": [], "missing_branches": [[73, 74], [73, 80], [76, -70], [76, 77], [77, -70], [77, 78], [80, -70], [80, 81]]}, "KafkaCompleter.yield_option_value_completer": {"executed_lines": [], "summary": {"covered_lines": 0, "num_statements": 6, "percent_covered": 0.0, "percent_covered_display": "0", "missing_lines": 6, "excluded_lines": 0, "num_branches": 2, "num_partial_branches": 0, "covered_branches": 0, "missing_branches": 2}, "missing_lines": [84, 85, 86, 87, 88, 89], "excluded_lines": [], "executed_branches": [], "missing_branches": [[87, -83], [87, 88]]}, "KafkaCompleter.yield_config_completer": {"executed_lines": [], "summary": {"covered_lines": 0, "num_statements": 6, "percent_covered": 0.0, "percent_covered_display": "0", "missing_lines": 6, "excluded_lines": 0, "num_branches": 2, "num_partial_branches": 0, "covered_branches": 0, "missing_branches": 2}, "missing_lines": [92, 93, 94, 95, 96, 97], "excluded_lines": [], "executed_branches": [], "missing_branches": [[95, -91], [95, 96]]}, "KafkaCompleter.yield_clusters": {"executed_lines": [], "summary": {"covered_lines": 0, "num_statements": 4, "percent_covered": 0.0, "percent_covered_display": "0", "missing_lines": 4, "excluded_lines": 0, "num_branches": 2, "num_partial_branches": 0, "covered_branches": 0, "missing_branches": 2}, "missing_lines": [100, 101, 102, 103], "excluded_lines": [], "executed_branches": [], "missing_branches": [[102, -99], [102, 103]]}, "KafkaCompleter.get_display_meta": {"executed_lines": [], "summary": {"covered_lines": 0, "num_statements": 1, "percent_covered": 0.0, "percent_covered_display": "0", "missing_lines": 1, "excluded_lines": 0, "num_branches": 0, "num_partial_branches": 0, "covered_branches": 0, "missing_branches": 0}, "missing_lines": [107], "excluded_lines": [], "executed_branches": [], "missing_branches": []}, "KafkaCompleter.get_command_descriptions": {"executed_lines": [], "summary": {"covered_lines": 0, "num_statements": 1, "percent_covered": 0.0, "percent_covered_display": "0", "missing_lines": 1, "excluded_lines": 0, "num_branches": 2, "num_partial_branches": 0, "covered_branches": 0, "missing_branches": 2}, "missing_lines": [110], "excluded_lines": [], "executed_branches": [], "missing_branches": [[110, -110], [110, -109]]}, "KafkaCompleter.get_option_descriptions": {"executed_lines": [], "summary": {"covered_lines": 0, "num_statements": 2, "percent_covered": 0.0, "percent_covered_display": "0", "missing_lines": 2, "excluded_lines": 0, "num_branches": 2, "num_partial_branches": 0, "covered_branches": 0, "missing_branches": 2}, "missing_lines": [113, 114], "excluded_lines": [], "executed_branches": [], "missing_branches": [[114, -114], [114, -112]]}, "KafkaCompleter.get_completer_descriptions": {"executed_lines": [], "summary": {"covered_lines": 0, "num_statements": 1, "percent_covered": 0.0, "percent_covered_display": "0", "missing_lines": 1, "excluded_lines": 0, "num_branches": 2, "num_partial_branches": 0, "covered_branches": 0, "missing_branches": 2}, "missing_lines": [118], "excluded_lines": [], "executed_branches": [], "missing_branches": [[118, -118], [118, -116]]}, "KafkaCompleter.get_valid_options": {"executed_lines": [], "summary": {"covered_lines": 0, "num_statements": 8, "percent_covered": 0.0, "percent_covered_display": "0", "missing_lines": 8, "excluded_lines": 0, "num_branches": 2, "num_partial_branches": 0, "covered_branches": 0, "missing_branches": 2}, "missing_lines": [122, 123, 124, 125, 126, 127, 128, 129], "excluded_lines": [], "executed_branches": [], "missing_branches": [[127, -127], [127, -121]]}, "KafkaCompleter.get_valid_option_values": {"executed_lines": [], "summary": {"covered_lines": 0, "num_statements": 4, "percent_covered": 0.0, "percent_covered_display": "0", "missing_lines": 4, "excluded_lines": 0, "num_branches": 2, "num_partial_branches": 0, "covered_branches": 0, "missing_branches": 2}, "missing_lines": [132, 133, 134, 135], "excluded_lines": [], "executed_branches": [], "missing_branches": [[135, -135], [135, -131]]}, "KafkaCompleter.get_valid_config_values": {"executed_lines": [], "summary": {"covered_lines": 0, "num_statements": 3, "percent_covered": 0.0, "percent_covered_display": "0", "missing_lines": 3, "excluded_lines": 0, "num_branches": 2, "num_partial_branches": 0, "covered_branches": 0, "missing_branches": 2}, "missing_lines": [138, 139, 140], "excluded_lines": [], "executed_branches": [], "missing_branches": [[140, -140], [140, -137]]}, "KafkaCompleter.exclude_option_value_keys": {"executed_lines": [], "summary": {"covered_lines": 0, "num_statements": 5, "percent_covered": 0.0, "percent_covered_display": "0", "missing_lines": 5, "excluded_lines": 0, "num_branches": 4, "num_partial_branches": 0, "covered_branches": 0, "missing_branches": 4}, "missing_lines": [143, 144, 145, 146, 147], "excluded_lines": [], "executed_branches": [], "missing_branches": [[143, 144], [143, 147], [144, 145], [144, 146]]}, "KafkaCompleter.handle_kafka_configs_completer": {"executed_lines": [], "summary": {"covered_lines": 0, "num_statements": 4, "percent_covered": 0.0, "percent_covered_display": "0", "missing_lines": 4, "excluded_lines": 0, "num_branches": 6, "num_partial_branches": 0, "covered_branches": 0, "missing_branches": 6}, "missing_lines": [151, 152, 153, 154], "excluded_lines": [], "executed_branches": [], "missing_branches": [[151, 152], [151, 154], [152, 151], [152, 153], [153, -153], [153, -149]]}, "KafkaCompleter.handle_kafka_topics_configs": {"executed_lines": [], "summary": {"covered_lines": 0, "num_statements": 1, "percent_covered": 0.0, "percent_covered_display": "0", "missing_lines": 1, "excluded_lines": 0, "num_branches": 2, "num_partial_branches": 0, "covered_branches": 0, "missing_branches": 2}, "missing_lines": [158], "excluded_lines": [], "executed_branches": [], "missing_branches": [[158, -158], [158, -156]]}, "KafkaCompleter.get_completer_name_for_option": {"executed_lines": [], "summary": {"covered_lines": 0, "num_statements": 4, "percent_covered": 0.0, "percent_covered_display": "0", "missing_lines": 4, "excluded_lines": 0, "num_branches": 0, "num_partial_branches": 0, "covered_branches": 0, "missing_branches": 0}, "missing_lines": [161, 162, 163, 164], "excluded_lines": [], "executed_branches": [], "missing_branches": []}, "KafkaCompleter.get_completer_name_for_config": {"executed_lines": [], "summary": {"covered_lines": 0, "num_statements": 4, "percent_covered": 0.0, "percent_covered_display": "0", "missing_lines": 4, "excluded_lines": 0, "num_branches": 0, "num_partial_branches": 0, "covered_branches": 0, "missing_branches": 0}, "missing_lines": [168, 169, 170, 171], "excluded_lines": [], "executed_branches": [], "missing_branches": []}, "KafkaCompleter.fuzzy": {"executed_lines": [], "summary": {"covered_lines": 0, "num_statements": 3, "percent_covered": 0.0, "percent_covered_display": "0", "missing_lines": 3, "excluded_lines": 0, "num_branches": 4, "num_partial_branches": 0, "covered_branches": 0, "missing_branches": 4}, "missing_lines": [174, 175, 177], "excluded_lines": [], "executed_branches": [], "missing_branches": [[174, 175], [174, 177], [177, -177], [177, -173]]}, "KafkaCompleter.has_option_value_completer": {"executed_lines": [], "summary": {"covered_lines": 0, "num_statements": 1, "percent_covered": 0.0, "percent_covered_display": "0", "missing_lines": 1, "excluded_lines": 0, "num_branches": 0, "num_partial_branches": 0, "covered_branches": 0, "missing_branches": 0}, "missing_lines": [181], "excluded_lines": [], "executed_branches": [], "missing_branches": []}, "KafkaCompleter.is_config_value": {"executed_lines": [], "summary": {"covered_lines": 0, "num_statements": 1, "percent_covered": 0.0, "percent_covered_display": "0", "missing_lines": 1, "excluded_lines": 0, "num_branches": 0, "num_partial_branches": 0, "covered_branches": 0, "missing_branches": 0}, "missing_lines": [185], "excluded_lines": [], "executed_branches": [], "missing_branches": []}, "KafkaCompleter.is_cluster_command": {"executed_lines": [], "summary": {"covered_lines": 0, "num_statements": 2, "percent_covered": 0.0, "percent_covered_display": "0", "missing_lines": 2, "excluded_lines": 0, "num_branches": 0, "num_partial_branches": 0, "covered_branches": 0, "missing_branches": 0}, "missing_lines": [189, 190], "excluded_lines": [], "executed_branches": [], "missing_branches": []}, "KafkaCompleter.is_not_command": {"executed_lines": [], "summary": {"covered_lines": 0, "num_statements": 1, "percent_covered": 0.0, "percent_covered_display": "0", "missing_lines": 1, "excluded_lines": 0, "num_branches": 0, "num_partial_branches": 0, "covered_branches": 0, "missing_branches": 0}, "missing_lines": [194], "excluded_lines": [], "executed_branches": [], "missing_branches": []}, "": {"executed_lines": [16, 18, 19, 21, 22, 25, 27, 31, 56, 63, 70, 83, 91, 99, 106, 109, 112, 116, 117, 121, 131, 137, 142, 149, 150, 156, 157, 160, 166, 167, 173, 179, 180, 183, 184, 187, 188, 192, 193], "summary": {"covered_lines": 39, "num_statements": 39, "percent_covered": 100.0, "percent_covered_display": "100", "missing_lines": 0, "excluded_lines": 0, "num_branches": 0, "num_partial_branches": 0, "covered_branches": 0, "missing_branches": 0}, "missing_lines": [], "excluded_lines": [], "executed_branches": [], "missing_branches": []}}, "classes": {"KafkaCompleter": {"executed_lines": [], "summary": {"covered_lines": 0, "num_statements": 101, "percent_covered": 0.0, "percent_covered_display": "0", "missing_lines": 101, "excluded_lines": 0, "num_branches": 60, "num_partial_branches": 0, "covered_branches": 0, "missing_branches": 60}, "missing_lines": [28, 29, 32, 33, 34, 35, 37, 38, 39, 40, 41, 42, 44, 45, 46, 47, 49, 50, 52, 53, 57, 58, 59, 60, 61, 64, 65, 66, 67, 68, 71, 73, 74, 75, 76, 77, 78, 80, 81, 84, 85, 86, 87, 88, 89, 92, 93, 94, 95, 96, 97, 100, 101, 102, 103, 107, 110, 113, 114, 118, 122, 123, 124, 125, 126, 127, 128, 129, 132, 133, 134, 135, 138, 139, 140, 143, 144, 145, 146, 147, 151, 152, 153, 154, 158, 161, 162, 163, 164, 168, 169, 170, 171, 174, 175, 177, 181, 185, 189, 190, 194], "excluded_lines": [], "executed_branches": [], "missing_branches": [[37, 38], [37, 52], [41, 42], [41, 45], [42, -31], [42, 44], [45, 46], [45, 49], [46, -31], [46, 47], [49, -31], [49, 50], [52, -31], [52, 53], [59, -56], [59, 60], [66, -63], [66, 67], [73, 74], [73, 80], [76, -70], [76, 77], [77, -70], [77, 78], [80, -70], [80, 81], [87, -83], [87, 88], [95, -91], [95, 96], [102, -99], [102, 103], [110, -110], [110, -109], [114, -114], [114, -112], [118, -118], [118, -116], [127, -127], [127, -121], [135, -135], [135, -131], [140, -140], [140, -137], [143, 144], [143, 147], [144, 145], [144, 146], [151, 152], [151, 154], [152, 151], [152, 153], [153, -153], [153, -149], [158, -158], [158, -156], [174, 175], [174, 177], [177, -177], [177, -173]]}, "": {"executed_lines": [16, 18, 19, 21, 22, 25, 27, 31, 56, 63, 70, 83, 91, 99, 106, 109, 112, 116, 117, 121, 131, 137, 142, 149, 150, 156, 157, 160, 166, 167, 173, 179, 180, 183, 184, 187, 188, 192, 193], "summary": {"covered_lines": 39, "num_statements": 39, "percent_covered": 100.0, "percent_covered_display": "100", "missing_lines": 0, "excluded_lines": 0, "num_branches": 0, "num_partial_branches": 0, "covered_branches": 0, "missing_branches": 0}, "missing_lines": [], "excluded_lines": [], "executed_branches": [], "missing_branches": []}}}, "kafkashell/config.py": {"executed_lines": [16, 17, 19, 20, 21, 23, 24, 27, 28, 29, 30, 31, 32, 35, 36, 37, 39, 42, 48, 49, 51, 55, 56, 58, 59, 62, 63, 64, 65, 67, 68, 69, 70, 73, 74, 76, 77, 80, 81, 82, 84, 85, 88, 89, 90, 92, 93, 96, 97, 100, 101, 104, 105, 108, 109], "summary": {"covered_lines": 55, "num_statements": 61, "percent_covered": 86.07594936708861, "percent_covered_display": "86", "missing_lines": 6, "excluded_lines": 0, "num_branches": 18, "num_partial_branches": 3, "covered_branches": 13, "missing_branches": 5}, "missing_lines": [40, 43, 44, 45, 52, 66], "excluded_lines": [], "executed_branches": [[31, -27], [31, 32], [39, 42], [42, -35], [51, -48], [58, -55], [58, 59], [76, -73], [76, 77], [84, -80], [84, 85], [92, -88], [92, 93]], "missing_branches": [[39, 40], [42, 43], [43, -35], [43, 44], [51, 52]], "functions": {"get_completer": {"executed_lines": [28, 29, 30, 31, 32], "summary": {"covered_lines": 5, "num_statements": 5, "percent_covered": 100.0, "percent_covered_display": "100", "missing_lines": 0, "excluded_lines": 0, "num_branches": 2, "num_partial_branches": 0, "covered_branches": 2, "missing_branches": 0}, "missing_lines": [], "excluded_lines": [], "executed_branches": [[31, -27], [31, 32]], "missing_branches": []}, "init_config": {"executed_lines": [36, 37, 39, 42], "summary": {"covered_lines": 4, "num_statements": 8, "percent_covered": 42.857142857142854, "percent_covered_display": "43", "missing_lines": 4, "excluded_lines": 0, "num_branches": 6, "num_partial_branches": 2, "covered_branches": 2, "missing_branches": 4}, "missing_lines": [40, 43, 44, 45], "excluded_lines": [], "executed_branches": [[39, 42], [42, -35]], "missing_branches": [[39, 40], [42, 43], [43, -35], [43, 44]]}, "init_history": {"executed_lines": [49, 51], "summary": {"covered_lines": 2, "num_statements": 3, "percent_covered": 60.0, "percent_covered_display": "60", "missing_lines": 1, "excluded_lines": 0, "num_branches": 2, "num_partial_branches": 1, "covered_branches": 1, "missing_branches": 1}, "missing_lines": [52], "excluded_lines": [], "executed_branches": [[51, -48]], "missing_branches": [[51, 52]]}, "get_config": {"executed_lines": [56, 58, 59], "summary": {"covered_lines": 3, "num_statements": 3, "percent_covered": 100.0, "percent_covered_display": "100", "missing_lines": 0, "excluded_lines": 0, "num_branches": 2, "num_partial_branches": 0, "covered_branches": 2, "missing_branches": 0}, "missing_lines": [], "excluded_lines": [], "executed_branches": [[58, -55], [58, 59]], "missing_branches": []}, "validate_config": {"executed_lines": [63, 64, 65, 67, 68, 69, 70], "summary": {"covered_lines": 7, "num_statements": 8, "percent_covered": 87.5, "percent_covered_display": "88", "missing_lines": 1, "excluded_lines": 0, "num_branches": 0, "num_partial_branches": 0, "covered_branches": 0, "missing_branches": 0}, "missing_lines": [66], "excluded_lines": [], "executed_branches": [], "missing_branches": []}, "save_config": {"executed_lines": [74, 76, 77], "summary": {"covered_lines": 3, "num_statements": 3, "percent_covered": 100.0, "percent_covered_display": "100", "missing_lines": 0, "excluded_lines": 0, "num_branches": 2, "num_partial_branches": 0, "covered_branches": 2, "missing_branches": 0}, "missing_lines": [], "excluded_lines": [], "executed_branches": [[76, -73], [76, 77]], "missing_branches": []}, "get_default_config": {"executed_lines": [81, 82, 84, 85], "summary": {"covered_lines": 4, "num_statements": 4, "percent_covered": 100.0, "percent_covered_display": "100", "missing_lines": 0, "excluded_lines": 0, "num_branches": 2, "num_partial_branches": 0, "covered_branches": 2, "missing_branches": 0}, "missing_lines": [], "excluded_lines": [], "executed_branches": [[84, -80], [84, 85]], "missing_branches": []}, "get_config_schema": {"executed_lines": [89, 90, 92, 93], "summary": {"covered_lines": 4, "num_statements": 4, "percent_covered": 100.0, "percent_covered_display": "100", "missing_lines": 0, "excluded_lines": 0, "num_branches": 2, "num_partial_branches": 0, "covered_branches": 2, "missing_branches": 0}, "missing_lines": [], "excluded_lines": [], "executed_branches": [[92, -88], [92, 93]], "missing_branches": []}, "save_yaml": {"executed_lines": [97], "summary": {"covered_lines": 1, "num_statements": 1, "percent_covered": 100.0, "percent_covered_display": "100", "missing_lines": 0, "excluded_lines": 0, "num_branches": 0, "num_partial_branches": 0, "covered_branches": 0, "missing_branches": 0}, "missing_lines": [], "excluded_lines": [], "executed_branches": [], "missing_branches": []}, "get_kafka_shell_dir": {"executed_lines": [101], "summary": {"covered_lines": 1, "num_statements": 1, "percent_covered": 100.0, "percent_covered_display": "100", "missing_lines": 0, "excluded_lines": 0, "num_branches": 0, "num_partial_branches": 0, "covered_branches": 0, "missing_branches": 0}, "missing_lines": [], "excluded_lines": [], "executed_branches": [], "missing_branches": []}, "get_user_config_path": {"executed_lines": [105], "summary": {"covered_lines": 1, "num_statements": 1, "percent_covered": 100.0, "percent_covered_display": "100", "missing_lines": 0, "excluded_lines": 0, "num_branches": 0, "num_partial_branches": 0, "covered_branches": 0, "missing_branches": 0}, "missing_lines": [], "excluded_lines": [], "executed_branches": [], "missing_branches": []}, "get_user_history_path": {"executed_lines": [109], "summary": {"covered_lines": 1, "num_statements": 1, "percent_covered": 100.0, "percent_covered_display": "100", "missing_lines": 0, "excluded_lines": 0, "num_branches": 0, "num_partial_branches": 0, "covered_branches": 0, "missing_branches": 0}, "missing_lines": [], "excluded_lines": [], "executed_branches": [], "missing_branches": []}, "": {"executed_lines": [16, 17, 19, 20, 21, 23, 24, 27, 35, 48, 55, 62, 73, 80, 88, 96, 100, 104, 108], "summary": {"covered_lines": 19, "num_statements": 19, "percent_covered": 100.0, "percent_covered_display": "100", "missing_lines": 0, "excluded_lines": 0, "num_branches": 0, "num_partial_branches": 0, "covered_branches": 0, "missing_branches": 0}, "missing_lines": [], "excluded_lines": [], "executed_branches": [], "missing_branches": []}}, "classes": {"": {"executed_lines": [16, 17, 19, 20, 21, 23, 24, 27, 28, 29, 30, 31, 32, 35, 36, 37, 39, 42, 48, 49, 51, 55, 56, 58, 59, 62, 63, 64, 65, 67, 68, 69, 70, 73, 74, 76, 77, 80, 81, 82, 84, 85, 88, 89, 90, 92, 93, 96, 97, 100, 101, 104, 105, 108, 109], "summary": {"covered_lines": 55, "num_statements": 61, "percent_covered": 86.07594936708861, "percent_covered_display": "86", "missing_lines": 6, "excluded_lines": 0, "num_branches": 18, "num_partial_branches": 3, "covered_branches": 13, "missing_branches": 5}, "missing_lines": [40, 43, 44, 45, 52, 66], "excluded_lines": [], "executed_branches": [[31, -27], [31, 32], [39, 42], [42, -35], [51, -48], [58, -55], [58, 59], [76, -73], [76, 77], [84, -80], [84, 85], [92, -88], [92, 93]], "missing_branches": [[39, 40], [42, 43], [43, -35], [43, 44], [51, 52]]}}}, "kafkashell/constants.py": {"executed_lines": [16, 18, 19, 20, 21, 22, 23, 24, 25, 26, 27, 28, 29, 30, 31, 32, 33, 34, 35, 36, 37, 38, 39, 40], "summary": {"covered_lines": 24, "num_statements": 24, "percent_covered": 100.0, "percent_covered_display": "100", "missing_lines": 0, "excluded_lines": 0, "num_branches": 0, "num_partial_branches": 0, "covered_branches": 0, "missing_branches": 0}, "missing_lines": [], "excluded_lines": [], "executed_branches": [], "missing_branches": [], "functions": {"": {"executed_lines": [16, 18, 19, 20, 21, 22, 23, 24, 25, 26, 27, 28, 29, 30, 31, 32, 33, 34, 35, 36, 37, 38, 39, 40], "summary": {"covered_lines": 24, "num_statements": 24, "percent_covered": 100.0, "percent_covered_display": "100", "missing_lines": 0, "excluded_lines": 0, "num_branches": 0, "num_partial_branches": 0, "covered_branches": 0, "missing_branches": 0}, "missing_lines": [], "excluded_lines": [], "executed_branches": [], "missing_branches": []}}, "classes": {"": {"executed_lines": [16, 18, 19, 20, 21, 22, 23, 24, 25, 26, 27, 28, 29, 30, 31, 32, 33, 34, 35, 36, 37, 38, 39, 40], "summary": {"covered_lines": 24, "num_statements": 24, "percent_covered": 100.0, "percent_covered_display": "100", "missing_lines": 0, "excluded_lines": 0, "num_branches": 0, "num_partial_branches": 0, "covered_branches": 0, "missing_branches": 0}, "missing_lines": [], "excluded_lines": [], "executed_branches": [], "missing_branches": []}}}, "kafkashell/executor.py": {"executed_lines": [16, 17, 19, 21, 22, 24, 25, 26, 28, 35, 37, 38, 40, 41, 42, 43, 46, 47, 49, 50, 53, 54, 56, 57, 59, 60, 62, 63, 64, 66, 67, 69, 70, 72, 73, 75, 76, 78, 79, 81, 82, 84, 85, 87, 88, 90, 91, 93, 94, 96, 97, 99, 100, 102, 103, 105, 106, 108, 109, 111, 112, 114, 115, 118, 120, 128, 129, 136, 137, 138, 139, 140, 142, 145, 148, 152, 159, 160, 161, 163, 166, 167, 171, 172, 176, 177, 181, 182, 186, 187, 192, 193, 198, 199, 203, 204, 208, 209, 213, 214, 218, 219, 222, 223, 228, 229, 233, 234, 238, 239, 243, 244, 248, 249, 252, 253, 254, 258, 259, 264, 265, 266, 267, 271, 272, 273, 274, 278, 279, 280, 281, 285, 286, 287, 292, 293, 295, 296, 298, 306, 315, 316, 317, 320, 322, 323, 326, 327, 328, 329, 331, 332, 333, 334, 337, 338, 339, 340, 343, 348, 349, 350, 351, 354, 355, 356], "summary": {"covered_lines": 166, "num_statements": 239, "percent_covered": 70.84639498432603, "percent_covered_display": "71", "missing_lines": 73, "excluded_lines": 0, "num_branches": 80, "num_partial_branches": 8, "covered_branches": 60, "missing_branches": 20}, "missing_lines": [44, 51, 122, 123, 124, 126, 130, 131, 132, 133, 134, 143, 146, 153, 154, 155, 157, 162, 164, 168, 169, 173, 174, 178, 179, 183, 184, 188, 189, 190, 194, 195, 196, 200, 201, 205, 206, 210, 211, 215, 216, 220, 224, 225, 226, 230, 231, 235, 236, 240, 241, 245, 246, 250, 260, 262, 269, 276, 283, 290, 299, 300, 302, 304, 307, 308, 313, 318, 324, 335, 341, 344, 352], "excluded_lines": [], "executed_branches": [[42, 43], [42, 46], [46, 47], [46, 49], [49, 50], [49, 53], [53, 54], [53, 56], [56, 57], [56, 59], [59, -40], [59, 60], [63, -62], [63, 64], [63, 66], [66, 67], [66, 69], [69, 70], [69, 72], [72, 73], [72, 75], [75, 76], [75, 78], [78, 79], [78, 81], [81, 82], [81, 84], [84, 85], [84, 87], [87, 88], [87, 90], [90, 91], [90, 93], [93, 94], [93, 96], [96, 97], [96, 99], [99, 100], [99, 102], [102, 103], [102, 105], [105, 106], [105, 108], [108, 109], [108, 111], [111, 112], [111, 114], [114, 115], [114, 118], [138, 139], [138, 148], [139, 140], [139, 142], [142, 145], [145, -136], [259, -258], [265, -264], [265, 266], [272, -271], [272, 273], [279, -278], [279, 280], [286, 287], [316, 317], [316, 320]], "missing_branches": [[122, 123], [122, 126], [130, 131], [130, 134], [142, 143], [145, 146], [153, 154], [153, 157], [259, 260], [259, 262], [265, 269], [272, 276], [279, 283], [286, 290], [299, 300], [299, 304], [307, 308], [307, 313], [324, -324], [324, -322]], "functions": {"Executor.__init__": {"executed_lines": [38], "summary": {"covered_lines": 1, "num_statements": 1, "percent_covered": 100.0, "percent_covered_display": "100", "missing_lines": 0, "excluded_lines": 0, "num_branches": 0, "num_partial_branches": 0, "covered_branches": 0, "missing_branches": 0}, "missing_lines": [], "excluded_lines": [], "executed_branches": [], "missing_branches": []}, "Executor.execute": {"executed_lines": [41, 42, 43, 46, 47, 49, 50, 53, 54, 56, 57, 59, 60], "summary": {"covered_lines": 13, "num_statements": 15, "percent_covered": 92.5925925925926, "percent_covered_display": "93", "missing_lines": 2, "excluded_lines": 0, "num_branches": 12, "num_partial_branches": 0, "covered_branches": 12, "missing_branches": 0}, "missing_lines": [44, 51], "excluded_lines": [], "executed_branches": [[42, 43], [42, 46], [46, 47], [46, 49], [49, 50], [49, 53], [53, 54], [53, 56], [56, 57], [56, 59], [59, -40], [59, 60]], "missing_branches": []}, "Executor.execute_valid_command": {"executed_lines": [63, 64, 66, 67, 69, 70, 72, 73, 75, 76, 78, 79, 81, 82, 84, 85, 87, 88, 90, 91, 93, 94, 96, 97, 99, 100, 102, 103, 105, 106, 108, 109, 111, 112, 114, 115, 118, 120], "summary": {"covered_lines": 38, "num_statements": 42, "percent_covered": 92.5, "percent_covered_display": "92", "missing_lines": 4, "excluded_lines": 0, "num_branches": 38, "num_partial_branches": 0, "covered_branches": 36, "missing_branches": 2}, "missing_lines": [122, 123, 124, 126], "excluded_lines": [], "executed_branches": [[63, -62], [63, 64], [63, 66], [66, 67], [66, 69], [69, 70], [69, 72], [72, 73], [72, 75], [75, 76], [75, 78], [78, 79], [78, 81], [81, 82], [81, 84], [84, 85], [84, 87], [87, 88], [87, 90], [90, 91], [90, 93], [93, 94], [93, 96], [96, 97], [96, 99], [99, 100], [99, 102], [102, 103], [102, 105], [105, 106], [105, 108], [108, 109], [108, 111], [111, 112], [111, 114], [114, 115], [114, 118]], "missing_branches": [[122, 123], [122, 126]]}, "Executor.handle_file_extension": {"executed_lines": [129], "summary": {"covered_lines": 1, "num_statements": 6, "percent_covered": 12.5, "percent_covered_display": "12", "missing_lines": 5, "excluded_lines": 0, "num_branches": 2, "num_partial_branches": 0, "covered_branches": 0, "missing_branches": 2}, "missing_lines": [130, 131, 132, 133, 134], "excluded_lines": [], "executed_branches": [], "missing_branches": [[130, 131], [130, 134]]}, "Executor.execute_cluster_command": {"executed_lines": [137, 138, 139, 140, 142, 145, 148], "summary": {"covered_lines": 7, "num_statements": 9, "percent_covered": 76.47058823529412, "percent_covered_display": "76", "missing_lines": 2, "excluded_lines": 0, "num_branches": 8, "num_partial_branches": 2, "covered_branches": 6, "missing_branches": 2}, "missing_lines": [143, 146], "excluded_lines": [], "executed_branches": [[138, 139], [138, 148], [139, 140], [139, 142], [142, 145], [145, -136]], "missing_branches": [[142, 143], [145, 146]]}, "Executor.handle_cluster_select": {"executed_lines": [], "summary": {"covered_lines": 0, "num_statements": 4, "percent_covered": 0.0, "percent_covered_display": "0", "missing_lines": 4, "excluded_lines": 0, "num_branches": 2, "num_partial_branches": 0, "covered_branches": 0, "missing_branches": 2}, "missing_lines": [153, 154, 155, 157], "excluded_lines": [], "executed_branches": [], "missing_branches": [[153, 154], [153, 157]]}, "Executor.handle_cluster_describe": {"executed_lines": [160, 161, 163], "summary": {"covered_lines": 3, "num_statements": 5, "percent_covered": 60.0, "percent_covered_display": "60", "missing_lines": 2, "excluded_lines": 0, "num_branches": 0, "num_partial_branches": 0, "covered_branches": 0, "missing_branches": 0}, "missing_lines": [162, 164], "excluded_lines": [], "executed_branches": [], "missing_branches": []}, "Executor.handle_kafka_topics_command": {"executed_lines": [167], "summary": {"covered_lines": 1, "num_statements": 3, "percent_covered": 33.333333333333336, "percent_covered_display": "33", "missing_lines": 2, "excluded_lines": 0, "num_branches": 0, "num_partial_branches": 0, "covered_branches": 0, "missing_branches": 0}, "missing_lines": [168, 169], "excluded_lines": [], "executed_branches": [], "missing_branches": []}, "Executor.handle_kafka_configs_command": {"executed_lines": [172], "summary": {"covered_lines": 1, "num_statements": 3, "percent_covered": 33.333333333333336, "percent_covered_display": "33", "missing_lines": 2, "excluded_lines": 0, "num_branches": 0, "num_partial_branches": 0, "covered_branches": 0, "missing_branches": 0}, "missing_lines": [173, 174], "excluded_lines": [], "executed_branches": [], "missing_branches": []}, "Executor.handle_kafka_console_consumer_command": {"executed_lines": [177], "summary": {"covered_lines": 1, "num_statements": 3, "percent_covered": 33.333333333333336, "percent_covered_display": "33", "missing_lines": 2, "excluded_lines": 0, "num_branches": 0, "num_partial_branches": 0, "covered_branches": 0, "missing_branches": 0}, "missing_lines": [178, 179], "excluded_lines": [], "executed_branches": [], "missing_branches": []}, "Executor.handle_kafka_console_producer_command": {"executed_lines": [182], "summary": {"covered_lines": 1, "num_statements": 3, "percent_covered": 33.333333333333336, "percent_covered_display": "33", "missing_lines": 2, "excluded_lines": 0, "num_branches": 0, "num_partial_branches": 0, "covered_branches": 0, "missing_branches": 0}, "missing_lines": [183, 184], "excluded_lines": [], "executed_branches": [], "missing_branches": []}, "Executor.handle_kafka_avro_console_consumer_command": {"executed_lines": [187], "summary": {"covered_lines": 1, "num_statements": 4, "percent_covered": 25.0, "percent_covered_display": "25", "missing_lines": 3, "excluded_lines": 0, "num_branches": 0, "num_partial_branches": 0, "covered_branches": 0, "missing_branches": 0}, "missing_lines": [188, 189, 190], "excluded_lines": [], "executed_branches": [], "missing_branches": []}, "Executor.handle_kafka_avro_console_producer_command": {"executed_lines": [193], "summary": {"covered_lines": 1, "num_statements": 4, "percent_covered": 25.0, "percent_covered_display": "25", "missing_lines": 3, "excluded_lines": 0, "num_branches": 0, "num_partial_branches": 0, "covered_branches": 0, "missing_branches": 0}, "missing_lines": [194, 195, 196], "excluded_lines": [], "executed_branches": [], "missing_branches": []}, "Executor.handle_kafka_verifiable_consumer": {"executed_lines": [199], "summary": {"covered_lines": 1, "num_statements": 3, "percent_covered": 33.333333333333336, "percent_covered_display": "33", "missing_lines": 2, "excluded_lines": 0, "num_branches": 0, "num_partial_branches": 0, "covered_branches": 0, "missing_branches": 0}, "missing_lines": [200, 201], "excluded_lines": [], "executed_branches": [], "missing_branches": []}, "Executor.handle_kafka_verifiable_producer": {"executed_lines": [204], "summary": {"covered_lines": 1, "num_statements": 3, "percent_covered": 33.333333333333336, "percent_covered_display": "33", "missing_lines": 2, "excluded_lines": 0, "num_branches": 0, "num_partial_branches": 0, "covered_branches": 0, "missing_branches": 0}, "missing_lines": [205, 206], "excluded_lines": [], "executed_branches": [], "missing_branches": []}, "Executor.handle_kafka_consumer_groups_command": {"executed_lines": [209], "summary": {"covered_lines": 1, "num_statements": 3, "percent_covered": 33.333333333333336, "percent_covered_display": "33", "missing_lines": 2, "excluded_lines": 0, "num_branches": 0, "num_partial_branches": 0, "covered_branches": 0, "missing_branches": 0}, "missing_lines": [210, 211], "excluded_lines": [], "executed_branches": [], "missing_branches": []}, "Executor.handle_kafka_preferred_replica_election": {"executed_lines": [214], "summary": {"covered_lines": 1, "num_statements": 3, "percent_covered": 33.333333333333336, "percent_covered_display": "33", "missing_lines": 2, "excluded_lines": 0, "num_branches": 0, "num_partial_branches": 0, "covered_branches": 0, "missing_branches": 0}, "missing_lines": [215, 216], "excluded_lines": [], "executed_branches": [], "missing_branches": []}, "Executor.handle_kafka_replica_verification_command": {"executed_lines": [219], "summary": {"covered_lines": 1, "num_statements": 2, "percent_covered": 50.0, "percent_covered_display": "50", "missing_lines": 1, "excluded_lines": 0, "num_branches": 0, "num_partial_branches": 0, "covered_branches": 0, "missing_branches": 0}, "missing_lines": [220], "excluded_lines": [], "executed_branches": [], "missing_branches": []}, "Executor.handle_kafka_reassign_partitions_command": {"executed_lines": [223], "summary": {"covered_lines": 1, "num_statements": 4, "percent_covered": 25.0, "percent_covered_display": "25", "missing_lines": 3, "excluded_lines": 0, "num_branches": 0, "num_partial_branches": 0, "covered_branches": 0, "missing_branches": 0}, "missing_lines": [224, 225, 226], "excluded_lines": [], "executed_branches": [], "missing_branches": []}, "Executor.handle_kafka_broker_api_versions_command": {"executed_lines": [229], "summary": {"covered_lines": 1, "num_statements": 3, "percent_covered": 33.333333333333336, "percent_covered_display": "33", "missing_lines": 2, "excluded_lines": 0, "num_branches": 0, "num_partial_branches": 0, "covered_branches": 0, "missing_branches": 0}, "missing_lines": [230, 231], "excluded_lines": [], "executed_branches": [], "missing_branches": []}, "Executor.handle_kafka_delete_records_command": {"executed_lines": [234], "summary": {"covered_lines": 1, "num_statements": 3, "percent_covered": 33.333333333333336, "percent_covered_display": "33", "missing_lines": 2, "excluded_lines": 0, "num_branches": 0, "num_partial_branches": 0, "covered_branches": 0, "missing_branches": 0}, "missing_lines": [235, 236], "excluded_lines": [], "executed_branches": [], "missing_branches": []}, "Executor.handle_kafka_log_dirs_command": {"executed_lines": [239], "summary": {"covered_lines": 1, "num_statements": 3, "percent_covered": 33.333333333333336, "percent_covered_display": "33", "missing_lines": 2, "excluded_lines": 0, "num_branches": 0, "num_partial_branches": 0, "covered_branches": 0, "missing_branches": 0}, "missing_lines": [240, 241], "excluded_lines": [], "executed_branches": [], "missing_branches": []}, "Executor.handle_kafka_acls_command": {"executed_lines": [244], "summary": {"covered_lines": 1, "num_statements": 3, "percent_covered": 33.333333333333336, "percent_covered_display": "33", "missing_lines": 2, "excluded_lines": 0, "num_branches": 0, "num_partial_branches": 0, "covered_branches": 0, "missing_branches": 0}, "missing_lines": [245, 246], "excluded_lines": [], "executed_branches": [], "missing_branches": []}, "Executor.handle_ksql_command": {"executed_lines": [249], "summary": {"covered_lines": 1, "num_statements": 2, "percent_covered": 50.0, "percent_covered_display": "50", "missing_lines": 1, "excluded_lines": 0, "num_branches": 0, "num_partial_branches": 0, "covered_branches": 0, "missing_branches": 0}, "missing_lines": [250], "excluded_lines": [], "executed_branches": [], "missing_branches": []}, "Executor.handle_zookeeper_shell_command": {"executed_lines": [253, 254], "summary": {"covered_lines": 2, "num_statements": 2, "percent_covered": 100.0, "percent_covered_display": "100", "missing_lines": 0, "excluded_lines": 0, "num_branches": 0, "num_partial_branches": 0, "covered_branches": 0, "missing_branches": 0}, "missing_lines": [], "excluded_lines": [], "executed_branches": [], "missing_branches": []}, "Executor.handle_bootstrap_or_zookeeper_flag": {"executed_lines": [259], "summary": {"covered_lines": 1, "num_statements": 3, "percent_covered": 20.0, "percent_covered_display": "20", "missing_lines": 2, "excluded_lines": 0, "num_branches": 2, "num_partial_branches": 2, "covered_branches": 0, "missing_branches": 2}, "missing_lines": [260, 262], "excluded_lines": [], "executed_branches": [[259, -258]], "missing_branches": [[259, 260], [259, 262]]}, "Executor.handle_zookeeper_flag": {"executed_lines": [265, 266, 267], "summary": {"covered_lines": 3, "num_statements": 4, "percent_covered": 66.66666666666667, "percent_covered_display": "67", "missing_lines": 1, "excluded_lines": 0, "num_branches": 2, "num_partial_branches": 1, "covered_branches": 1, "missing_branches": 1}, "missing_lines": [269], "excluded_lines": [], "executed_branches": [[265, -264], [265, 266]], "missing_branches": [[265, 269]]}, "Executor.handle_bootstrap_server_flag": {"executed_lines": [272, 273, 274], "summary": {"covered_lines": 3, "num_statements": 4, "percent_covered": 66.66666666666667, "percent_covered_display": "67", "missing_lines": 1, "excluded_lines": 0, "num_branches": 2, "num_partial_branches": 1, "covered_branches": 1, "missing_branches": 1}, "missing_lines": [276], "excluded_lines": [], "executed_branches": [[272, -271], [272, 273]], "missing_branches": [[272, 276]]}, "Executor.handle_broker_list_flag": {"executed_lines": [279, 280, 281], "summary": {"covered_lines": 3, "num_statements": 4, "percent_covered": 66.66666666666667, "percent_covered_display": "67", "missing_lines": 1, "excluded_lines": 0, "num_branches": 2, "num_partial_branches": 1, "covered_branches": 1, "missing_branches": 1}, "missing_lines": [283], "excluded_lines": [], "executed_branches": [[279, -278], [279, 280]], "missing_branches": [[279, 283]]}, "Executor.handle_schema_registry_url_property": {"executed_lines": [286, 287], "summary": {"covered_lines": 2, "num_statements": 3, "percent_covered": 60.0, "percent_covered_display": "60", "missing_lines": 1, "excluded_lines": 0, "num_branches": 2, "num_partial_branches": 1, "covered_branches": 1, "missing_branches": 1}, "missing_lines": [290], "excluded_lines": [], "executed_branches": [[286, 287]], "missing_branches": [[286, 290]]}, "Executor.handle_ksql_input": {"executed_lines": [293], "summary": {"covered_lines": 1, "num_statements": 1, "percent_covered": 100.0, "percent_covered_display": "100", "missing_lines": 0, "excluded_lines": 0, "num_branches": 0, "num_partial_branches": 0, "covered_branches": 0, "missing_branches": 0}, "missing_lines": [], "excluded_lines": [], "executed_branches": [], "missing_branches": []}, "Executor.handle_zookeeper_shell_input": {"executed_lines": [296], "summary": {"covered_lines": 1, "num_statements": 1, "percent_covered": 100.0, "percent_covered_display": "100", "missing_lines": 0, "excluded_lines": 0, "num_branches": 0, "num_partial_branches": 0, "covered_branches": 0, "missing_branches": 0}, "missing_lines": [], "excluded_lines": [], "executed_branches": [], "missing_branches": []}, "Executor.handle_admin_client_settings": {"executed_lines": [], "summary": {"covered_lines": 0, "num_statements": 4, "percent_covered": 0.0, "percent_covered_display": "0", "missing_lines": 4, "excluded_lines": 0, "num_branches": 2, "num_partial_branches": 0, "covered_branches": 0, "missing_branches": 2}, "missing_lines": [299, 300, 302, 304], "excluded_lines": [], "executed_branches": [], "missing_branches": [[299, 300], [299, 304]]}, "Executor.handle_cli_settings": {"executed_lines": [], "summary": {"covered_lines": 0, "num_statements": 3, "percent_covered": 0.0, "percent_covered_display": "0", "missing_lines": 3, "excluded_lines": 0, "num_branches": 2, "num_partial_branches": 0, "covered_branches": 0, "missing_branches": 2}, "missing_lines": [307, 308, 313], "excluded_lines": [], "executed_branches": [], "missing_branches": [[307, 308], [307, 313]]}, "Executor.handle_config": {"executed_lines": [316, 317, 320], "summary": {"covered_lines": 3, "num_statements": 4, "percent_covered": 83.33333333333333, "percent_covered_display": "83", "missing_lines": 1, "excluded_lines": 0, "num_branches": 2, "num_partial_branches": 0, "covered_branches": 2, "missing_branches": 0}, "missing_lines": [318], "excluded_lines": [], "executed_branches": [[316, 317], [316, 320]], "missing_branches": []}, "Executor.handle_properties": {"executed_lines": [323], "summary": {"covered_lines": 1, "num_statements": 2, "percent_covered": 25.0, "percent_covered_display": "25", "missing_lines": 1, "excluded_lines": 0, "num_branches": 2, "num_partial_branches": 0, "covered_branches": 0, "missing_branches": 2}, "missing_lines": [324], "excluded_lines": [], "executed_branches": [], "missing_branches": [[324, -324], [324, -322]]}, "Executor.format_property": {"executed_lines": [328, 329], "summary": {"covered_lines": 2, "num_statements": 2, "percent_covered": 100.0, "percent_covered_display": "100", "missing_lines": 0, "excluded_lines": 0, "num_branches": 0, "num_partial_branches": 0, "covered_branches": 0, "missing_branches": 0}, "missing_lines": [], "excluded_lines": [], "executed_branches": [], "missing_branches": []}, "Executor.get_properties_from_settings": {"executed_lines": [332, 333, 334], "summary": {"covered_lines": 3, "num_statements": 4, "percent_covered": 75.0, "percent_covered_display": "75", "missing_lines": 1, "excluded_lines": 0, "num_branches": 0, "num_partial_branches": 0, "covered_branches": 0, "missing_branches": 0}, "missing_lines": [335], "excluded_lines": [], "executed_branches": [], "missing_branches": []}, "Executor.get_config_from_settings": {"executed_lines": [338, 339, 340], "summary": {"covered_lines": 3, "num_statements": 4, "percent_covered": 75.0, "percent_covered_display": "75", "missing_lines": 1, "excluded_lines": 0, "num_branches": 0, "num_partial_branches": 0, "covered_branches": 0, "missing_branches": 0}, "missing_lines": [341], "excluded_lines": [], "executed_branches": [], "missing_branches": []}, "Executor.check_for_valid_command_prefix": {"executed_lines": [], "summary": {"covered_lines": 0, "num_statements": 1, "percent_covered": 0.0, "percent_covered_display": "0", "missing_lines": 1, "excluded_lines": 0, "num_branches": 0, "num_partial_branches": 0, "covered_branches": 0, "missing_branches": 0}, "missing_lines": [344], "excluded_lines": [], "executed_branches": [], "missing_branches": []}, "Executor.get_file_extension": {"executed_lines": [349, 350, 351], "summary": {"covered_lines": 3, "num_statements": 4, "percent_covered": 75.0, "percent_covered_display": "75", "missing_lines": 1, "excluded_lines": 0, "num_branches": 0, "num_partial_branches": 0, "covered_branches": 0, "missing_branches": 0}, "missing_lines": [352], "excluded_lines": [], "executed_branches": [], "missing_branches": []}, "Executor.wrap_with_spaces": {"executed_lines": [356], "summary": {"covered_lines": 1, "num_statements": 1, "percent_covered": 100.0, "percent_covered_display": "100", "missing_lines": 0, "excluded_lines": 0, "num_branches": 0, "num_partial_branches": 0, "covered_branches": 0, "missing_branches": 0}, "missing_lines": [], "excluded_lines": [], "executed_branches": [], "missing_branches": []}, "": {"executed_lines": [16, 17, 19, 21, 22, 24, 25, 26, 28, 35, 37, 40, 62, 128, 136, 152, 159, 166, 171, 176, 181, 186, 192, 198, 203, 208, 213, 218, 222, 228, 233, 238, 243, 248, 252, 258, 264, 271, 278, 285, 292, 295, 298, 306, 315, 322, 326, 327, 331, 337, 343, 348, 354, 355], "summary": {"covered_lines": 54, "num_statements": 54, "percent_covered": 100.0, "percent_covered_display": "100", "missing_lines": 0, "excluded_lines": 0, "num_branches": 0, "num_partial_branches": 0, "covered_branches": 0, "missing_branches": 0}, "missing_lines": [], "excluded_lines": [], "executed_branches": [], "missing_branches": []}}, "classes": {"Executor": {"executed_lines": [38, 41, 42, 43, 46, 47, 49, 50, 53, 54, 56, 57, 59, 60, 63, 64, 66, 67, 69, 70, 72, 73, 75, 76, 78, 79, 81, 82, 84, 85, 87, 88, 90, 91, 93, 94, 96, 97, 99, 100, 102, 103, 105, 106, 108, 109, 111, 112, 114, 115, 118, 120, 129, 137, 138, 139, 140, 142, 145, 148, 160, 161, 163, 167, 172, 177, 182, 187, 193, 199, 204, 209, 214, 219, 223, 229, 234, 239, 244, 249, 253, 254, 259, 265, 266, 267, 272, 273, 274, 279, 280, 281, 286, 287, 293, 296, 316, 317, 320, 323, 328, 329, 332, 333, 334, 338, 339, 340, 349, 350, 351, 356], "summary": {"covered_lines": 112, "num_statements": 185, "percent_covered": 64.90566037735849, "percent_covered_display": "65", "missing_lines": 73, "excluded_lines": 0, "num_branches": 80, "num_partial_branches": 8, "covered_branches": 60, "missing_branches": 20}, "missing_lines": [44, 51, 122, 123, 124, 126, 130, 131, 132, 133, 134, 143, 146, 153, 154, 155, 157, 162, 164, 168, 169, 173, 174, 178, 179, 183, 184, 188, 189, 190, 194, 195, 196, 200, 201, 205, 206, 210, 211, 215, 216, 220, 224, 225, 226, 230, 231, 235, 236, 240, 241, 245, 246, 250, 260, 262, 269, 276, 283, 290, 299, 300, 302, 304, 307, 308, 313, 318, 324, 335, 341, 344, 352], "excluded_lines": [], "executed_branches": [[42, 43], [42, 46], [46, 47], [46, 49], [49, 50], [49, 53], [53, 54], [53, 56], [56, 57], [56, 59], [59, -40], [59, 60], [63, -62], [63, 64], [63, 66], [66, 67], [66, 69], [69, 70], [69, 72], [72, 73], [72, 75], [75, 76], [75, 78], [78, 79], [78, 81], [81, 82], [81, 84], [84, 85], [84, 87], [87, 88], [87, 90], [90, 91], [90, 93], [93, 94], [93, 96], [96, 97], [96, 99], [99, 100], [99, 102], [102, 103], [102, 105], [105, 106], [105, 108], [108, 109], [108, 111], [111, 112], [111, 114], [114, 115], [114, 118], [138, 139], [138, 148], [139, 140], [139, 142], [142, 145], [145, -136], [259, -258], [265, -264], [265, 266], [272, -271], [272, 273], [279, -278], [279, 280], [286, 287], [316, 317], [316, 320]], "missing_branches": [[122, 123], [122, 126], [130, 131], [130, 134], [142, 143], [145, 146], [153, 154], [153, 157], [259, 260], [259, 262], [265, 269], [272, 276], [279, 283], [286, 290], [299, 300], [299, 304], [307, 308], [307, 313], [324, -324], [324, -322]]}, "": {"executed_lines": [16, 17, 19, 21, 22, 24, 25, 26, 28, 35, 37, 40, 62, 128, 136, 152, 159, 166, 171, 176, 181, 186, 192, 198, 203, 208, 213, 218, 222, 228, 233, 238, 243, 248, 252, 258, 264, 271, 278, 285, 292, 295, 298, 306, 315, 322, 326, 327, 331, 337, 343, 348, 354, 355], "summary": {"covered_lines": 54, "num_statements": 54, "percent_covered": 100.0, "percent_covered_display": "100", "missing_lines": 0, "excluded_lines": 0, "num_branches": 0, "num_partial_branches": 0, "covered_branches": 0, "missing_branches": 0}, "missing_lines": [], "excluded_lines": [], "executed_branches": [], "missing_branches": []}}}, "kafkashell/helpers.py": {"executed_lines": [16, 17, 19, 30, 34, 42], "summary": {"covered_lines": 6, "num_statements": 16, "percent_covered": 30.0, "percent_covered_display": "30", "missing_lines": 10, "excluded_lines": 0, "num_branches": 4, "num_partial_branches": 0, "covered_branches": 0, "missing_branches": 4}, "missing_lines": [31, 35, 36, 37, 38, 39, 43, 44, 45, 46], "excluded_lines": [], "executed_branches": [], "missing_branches": [[31, -31], [31, -30], [44, 45], [44, 46]], "functions": {"exclude_options_from_removal": {"executed_lines": [], "summary": {"covered_lines": 0, "num_statements": 1, "percent_covered": 0.0, "percent_covered_display": "0", "missing_lines": 1, "excluded_lines": 0, "num_branches": 2, "num_partial_branches": 0, "covered_branches": 0, "missing_branches": 2}, "missing_lines": [31], "excluded_lines": [], "executed_branches": [], "missing_branches": [[31, -31], [31, -30]]}, "cycle": {"executed_lines": [], "summary": {"covered_lines": 0, "num_statements": 5, "percent_covered": 0.0, "percent_covered_display": "0", "missing_lines": 5, "excluded_lines": 0, "num_branches": 0, "num_partial_branches": 0, "covered_branches": 0, "missing_branches": 0}, "missing_lines": [35, 36, 37, 38, 39], "excluded_lines": [], "executed_branches": [], "missing_branches": []}, "print_cluster_config": {"executed_lines": [], "summary": {"covered_lines": 0, "num_statements": 4, "percent_covered": 0.0, "percent_covered_display": "0", "missing_lines": 4, "excluded_lines": 0, "num_branches": 2, "num_partial_branches": 0, "covered_branches": 0, "missing_branches": 2}, "missing_lines": [43, 44, 45, 46], "excluded_lines": [], "executed_branches": [], "missing_branches": [[44, 45], [44, 46]]}, "": {"executed_lines": [16, 17, 19, 30, 34, 42], "summary": {"covered_lines": 6, "num_statements": 6, "percent_covered": 100.0, "percent_covered_display": "100", "missing_lines": 0, "excluded_lines": 0, "num_branches": 0, "num_partial_branches": 0, "covered_branches": 0, "missing_branches": 0}, "missing_lines": [], "excluded_lines": [], "executed_branches": [], "missing_branches": []}}, "classes": {"": {"executed_lines": [16, 17, 19, 30, 34, 42], "summary": {"covered_lines": 6, "num_statements": 16, "percent_covered": 30.0, "percent_covered_display": "30", "missing_lines": 10, "excluded_lines": 0, "num_branches": 4, "num_partial_branches": 0, "covered_branches": 0, "missing_branches": 4}, "missing_lines": [31, 35, 36, 37, 38, 39, 43, 44, 45, 46], "excluded_lines": [], "executed_branches": [], "missing_branches": [[31, -31], [31, -30], [44, 45], [44, 46]]}}}, "kafkashell/main.py": {"executed_lines": [16, 18, 19, 20, 22, 23, 24, 25, 26, 27, 28, 31, 32, 54], "summary": {"covered_lines": 14, "num_statements": 31, "percent_covered": 42.857142857142854, "percent_covered_display": "43", "missing_lines": 17, "excluded_lines": 0, "num_branches": 4, "num_partial_branches": 1, "covered_branches": 1, "missing_branches": 3}, "missing_lines": [33, 34, 35, 36, 37, 38, 39, 41, 42, 43, 44, 45, 46, 47, 49, 51, 55], "excluded_lines": [], "executed_branches": [[54, -16]], "missing_branches": [[44, 45], [44, 46], [54, 55]], "functions": {"main": {"executed_lines": [32], "summary": {"covered_lines": 1, "num_statements": 17, "percent_covered": 5.2631578947368425, "percent_covered_display": "5", "missing_lines": 16, "excluded_lines": 0, "num_branches": 2, "num_partial_branches": 0, "covered_branches": 0, "missing_branches": 2}, "missing_lines": [33, 34, 35, 36, 37, 38, 39, 41, 42, 43, 44, 45, 46, 47, 49, 51], "excluded_lines": [], "executed_branches": [], "missing_branches": [[44, 45], [44, 46]]}, "": {"executed_lines": [16, 18, 19, 20, 22, 23, 24, 25, 26, 27, 28, 31, 54], "summary": {"covered_lines": 13, "num_statements": 14, "percent_covered": 87.5, "percent_covered_display": "88", "missing_lines": 1, "excluded_lines": 0, "num_branches": 2, "num_partial_branches": 1, "covered_branches": 1, "missing_branches": 1}, "missing_lines": [55], "excluded_lines": [], "executed_branches": [[54, -16]], "missing_branches": [[54, 55]]}}, "classes": {"": {"executed_lines": [16, 18, 19, 20, 22, 23, 24, 25, 26, 27, 28, 31, 32, 54], "summary": {"covered_lines": 14, "num_statements": 31, "percent_covered": 42.857142857142854, "percent_covered_display": "43", "missing_lines": 17, "excluded_lines": 0, "num_branches": 4, "num_partial_branches": 1, "covered_branches": 1, "missing_branches": 3}, "missing_lines": [33, 34, 35, 36, 37, 38, 39, 41, 42, 43, 44, 45, 46, 47, 49, 51, 55], "excluded_lines": [], "executed_branches": [[54, -16]], "missing_branches": [[44, 45], [44, 46], [54, 55]]}}}, "kafkashell/settings.py": {"executed_lines": [16, 18, 20, 21, 24, 26, 27, 28, 41, 44, 47, 50, 53, 57], "summary": {"covered_lines": 14, "num_statements": 37, "percent_covered": 34.146341463414636, "percent_covered_display": "34", "missing_lines": 23, "excluded_lines": 0, "num_branches": 4, "num_partial_branches": 0, "covered_branches": 0, "missing_branches": 4}, "missing_lines": [29, 30, 31, 32, 33, 34, 35, 36, 37, 38, 39, 42, 45, 48, 51, 54, 55, 58, 59, 60, 61, 62, 63], "excluded_lines": [], "executed_branches": [], "missing_branches": [[54, -53], [54, 55], [58, -57], [58, 59]], "functions": {"Settings.__init__": {"executed_lines": [27, 28], "summary": {"covered_lines": 2, "num_statements": 13, "percent_covered": 15.384615384615385, "percent_covered_display": "15", "missing_lines": 11, "excluded_lines": 0, "num_branches": 0, "num_partial_branches": 0, "covered_branches": 0, "missing_branches": 0}, "missing_lines": [29, 30, 31, 32, 33, 34, 35, 36, 37, 38, 39], "excluded_lines": [], "executed_branches": [], "missing_branches": []}, "Settings.set_enable_help": {"executed_lines": [], "summary": {"covered_lines": 0, "num_statements": 1, "percent_covered": 0.0, "percent_covered_display": "0", "missing_lines": 1, "excluded_lines": 0, "num_branches": 0, "num_partial_branches": 0, "covered_branches": 0, "missing_branches": 0}, "missing_lines": [42], "excluded_lines": [], "executed_branches": [], "missing_branches": []}, "Settings.set_enable_fuzzy_search": {"executed_lines": [], "summary": {"covered_lines": 0, "num_statements": 1, "percent_covered": 0.0, "percent_covered_display": "0", "missing_lines": 1, "excluded_lines": 0, "num_branches": 0, "num_partial_branches": 0, "covered_branches": 0, "missing_branches": 0}, "missing_lines": [45], "excluded_lines": [], "executed_branches": [], "missing_branches": []}, "Settings.set_next_cluster": {"executed_lines": [], "summary": {"covered_lines": 0, "num_statements": 1, "percent_covered": 0.0, "percent_covered_display": "0", "missing_lines": 1, "excluded_lines": 0, "num_branches": 0, "num_partial_branches": 0, "covered_branches": 0, "missing_branches": 0}, "missing_lines": [48], "excluded_lines": [], "executed_branches": [], "missing_branches": []}, "Settings.get_cluster_details": {"executed_lines": [], "summary": {"covered_lines": 0, "num_statements": 1, "percent_covered": 0.0, "percent_covered_display": "0", "missing_lines": 1, "excluded_lines": 0, "num_branches": 0, "num_partial_branches": 0, "covered_branches": 0, "missing_branches": 0}, "missing_lines": [51], "excluded_lines": [], "executed_branches": [], "missing_branches": []}, "Settings.init_history": {"executed_lines": [], "summary": {"covered_lines": 0, "num_statements": 2, "percent_covered": 0.0, "percent_covered_display": "0", "missing_lines": 2, "excluded_lines": 0, "num_branches": 2, "num_partial_branches": 0, "covered_branches": 0, "missing_branches": 2}, "missing_lines": [54, 55], "excluded_lines": [], "executed_branches": [], "missing_branches": [[54, -53], [54, 55]]}, "Settings.save_settings": {"executed_lines": [], "summary": {"covered_lines": 0, "num_statements": 6, "percent_covered": 0.0, "percent_covered_display": "0", "missing_lines": 6, "excluded_lines": 0, "num_branches": 2, "num_partial_branches": 0, "covered_branches": 0, "missing_branches": 2}, "missing_lines": [58, 59, 60, 61, 62, 63], "excluded_lines": [], "executed_branches": [], "missing_branches": [[58, -57], [58, 59]]}, "": {"executed_lines": [16, 18, 20, 21, 24, 26, 41, 44, 47, 50, 53, 57], "summary": {"covered_lines": 12, "num_statements": 12, "percent_covered": 100.0, "percent_covered_display": "100", "missing_lines": 0, "excluded_lines": 0, "num_branches": 0, "num_partial_branches": 0, "covered_branches": 0, "missing_branches": 0}, "missing_lines": [], "excluded_lines": [], "executed_branches": [], "missing_branches": []}}, "classes": {"Settings": {"executed_lines": [27, 28], "summary": {"covered_lines": 2, "num_statements": 25, "percent_covered": 6.896551724137931, "percent_covered_display": "7", "missing_lines": 23, "excluded_lines": 0, "num_branches": 4, "num_partial_branches": 0, "covered_branches": 0, "missing_branches": 4}, "missing_lines": [29, 30, 31, 32, 33, 34, 35, 36, 37, 38, 39, 42, 45, 48, 51, 54, 55, 58, 59, 60, 61, 62, 63], "excluded_lines": [], "executed_branches": [], "missing_branches": [[54, -53], [54, 55], [58, -57], [58, 59]]}, "": {"executed_lines": [16, 18, 20, 21, 24, 26, 41, 44, 47, 50, 53, 57], "summary": {"covered_lines": 12, "num_statements": 12, "percent_covered": 100.0, "percent_covered_display": "100", "missing_lines": 0, "excluded_lines": 0, "num_branches": 0, "num_partial_branches": 0, "covered_branches": 0, "missing_branches": 0}, "missing_lines": [], "excluded_lines": [], "executed_branches": [], "missing_branches": []}}}, "kafkashell/style.py": {"executed_lines": [16, 18, 20], "summary": {"covered_lines": 3, "num_statements": 3, "percent_covered": 100.0, "percent_covered_display": "100", "missing_lines": 0, "excluded_lines": 0, "num_branches": 0, "num_partial_branches": 0, "covered_branches": 0, "missing_branches": 0}, "missing_lines": [], "excluded_lines": [], "executed_branches": [], "missing_branches": [], "functions": {"": {"executed_lines": [16, 18, 20], "summary": {"covered_lines": 3, "num_statements": 3, "percent_covered": 100.0, "percent_covered_display": "100", "missing_lines": 0, "excluded_lines": 0, "num_branches": 0, "num_partial_branches": 0, "covered_branches": 0, "missing_branches": 0}, "missing_lines": [], "excluded_lines": [], "executed_branches": [], "missing_branches": []}}, "classes": {"": {"executed_lines": [16, 18, 20], "summary": {"covered_lines": 3, "num_statements": 3, "percent_covered": 100.0, "percent_covered_display": "100", "missing_lines": 0, "excluded_lines": 0, "num_branches": 0, "num_partial_branches": 0, "covered_branches": 0, "missing_branches": 0}, "missing_lines": [], "excluded_lines": [], "executed_branches": [], "missing_branches": []}}}, "kafkashell/toolbar.py": {"executed_lines": [16, 19, 21, 24, 25], "summary": {"covered_lines": 5, "num_statements": 11, "percent_covered": 45.45454545454545, "percent_covered_display": "45", "missing_lines": 6, "excluded_lines": 0, "num_branches": 0, "num_partial_branches": 0, "covered_branches": 0, "missing_branches": 0}, "missing_lines": [22, 26, 27, 28, 29, 42], "excluded_lines": [], "executed_branches": [], "missing_branches": [], "functions": {"Toolbar.__init__": {"executed_lines": [], "summary": {"covered_lines": 0, "num_statements": 1, "percent_covered": 0.0, "percent_covered_display": "0", "missing_lines": 1, "excluded_lines": 0, "num_branches": 0, "num_partial_branches": 0, "covered_branches": 0, "missing_branches": 0}, "missing_lines": [22], "excluded_lines": [], "executed_branches": [], "missing_branches": []}, "Toolbar._create_handler": {"executed_lines": [], "summary": {"covered_lines": 0, "num_statements": 2, "percent_covered": 0.0, "percent_covered_display": "0", "missing_lines": 2, "excluded_lines": 0, "num_branches": 0, "num_partial_branches": 0, "covered_branches": 0, "missing_branches": 0}, "missing_lines": [26, 42], "excluded_lines": [], "executed_branches": [], "missing_branches": []}, "Toolbar._create_handler.get_toolbar_items": {"executed_lines": [], "summary": {"covered_lines": 0, "num_statements": 3, "percent_covered": 0.0, "percent_covered_display": "0", "missing_lines": 3, "excluded_lines": 0, "num_branches": 0, "num_partial_branches": 0, "covered_branches": 0, "missing_branches": 0}, "missing_lines": [27, 28, 29], "excluded_lines": [], "executed_branches": [], "missing_branches": []}, "": {"executed_lines": [16, 19, 21, 24, 25], "summary": {"covered_lines": 5, "num_statements": 5, "percent_covered": 100.0, "percent_covered_display": "100", "missing_lines": 0, "excluded_lines": 0, "num_branches": 0, "num_partial_branches": 0, "covered_branches": 0, "missing_branches": 0}, "missing_lines": [], "excluded_lines": [], "executed_branches": [], "missing_branches": []}}, "classes": {"Toolbar": {"executed_lines": [], "summary": {"covered_lines": 0, "num_statements": 6, "percent_covered": 0.0, "percent_covered_display": "0", "missing_lines": 6, "excluded_lines": 0, "num_branches": 0, "num_partial_branches": 0, "covered_branches": 0, "missing_branches": 0}, "missing_lines": [22, 26, 27, 28, 29, 42], "excluded_lines": [], "executed_branches": [], "missing_branches": []}, "": {"executed_lines": [16, 19, 21, 24, 25], "summary": {"covered_lines": 5, "num_statements": 5, "percent_covered": 100.0, "percent_covered_display": "100", "missing_lines": 0, "excluded_lines": 0, "num_branches": 0, "num_partial_branches": 0, "covered_branches": 0, "missing_branches": 0}, "missing_lines": [], "excluded_lines": [], "executed_branches": [], "missing_branches": []}}}, "kafkashell/version.py": {"executed_lines": [16, 19, 20], "summary": {"covered_lines": 3, "num_statements": 3, "percent_covered": 100.0, "percent_covered_display": "100", "missing_lines": 0, "excluded_lines": 0, "num_branches": 0, "num_partial_branches": 0, "covered_branches": 0, "missing_branches": 0}, "missing_lines": [], "excluded_lines": [], "executed_branches": [], "missing_branches": [], "functions": {"get_version": {"executed_lines": [20], "summary": {"covered_lines": 1, "num_statements": 1, "percent_covered": 100.0, "percent_covered_display": "100", "missing_lines": 0, "excluded_lines": 0, "num_branches": 0, "num_partial_branches": 0, "covered_branches": 0, "missing_branches": 0}, "missing_lines": [], "excluded_lines": [], "executed_branches": [], "missing_branches": []}, "": {"executed_lines": [16, 19], "summary": {"covered_lines": 2, "num_statements": 2, "percent_covered": 100.0, "percent_covered_display": "100", "missing_lines": 0, "excluded_lines": 0, "num_branches": 0, "num_partial_branches": 0, "covered_branches": 0, "missing_branches": 0}, "missing_lines": [], "excluded_lines": [], "executed_branches": [], "missing_branches": []}}, "classes": {"": {"executed_lines": [16, 19, 20], "summary": {"covered_lines": 3, "num_statements": 3, "percent_covered": 100.0, "percent_covered_display": "100", "missing_lines": 0, "excluded_lines": 0, "num_branches": 0, "num_partial_branches": 0, "covered_branches": 0, "missing_branches": 0}, "missing_lines": [], "excluded_lines": [], "executed_branches": [], "missing_branches": []}}}}, "totals": {"covered_lines": 345, "num_statements": 595, "percent_covered": 54.77124183006536, "percent_covered_display": "55", "missing_lines": 250, "excluded_lines": 0, "num_branches": 170, "num_partial_branches": 12, "covered_branches": 74, "missing_branches": 96}}