{"meta": {"format": 3, "version": "7.6.1", "timestamp": "2025-08-21T21:47:00.430829", "branch_coverage": true, "show_contexts": false}, "files": {"pypykatz_server/__init__.py": {"executed_lines": [1], "summary": {"covered_lines": 0, "num_statements": 0, "percent_covered": 100.0, "percent_covered_display": "100", "missing_lines": 0, "excluded_lines": 0, "num_branches": 0, "num_partial_branches": 0, "covered_branches": 0, "missing_branches": 0}, "missing_lines": [], "excluded_lines": [], "executed_branches": [], "missing_branches": [], "functions": {"": {"executed_lines": [], "summary": {"covered_lines": 0, "num_statements": 0, "percent_covered": 100.0, "percent_covered_display": "100", "missing_lines": 0, "excluded_lines": 0, "num_branches": 0, "num_partial_branches": 0, "covered_branches": 0, "missing_branches": 0}, "missing_lines": [], "excluded_lines": [], "executed_branches": [], "missing_branches": []}}, "classes": {"": {"executed_lines": [], "summary": {"covered_lines": 0, "num_statements": 0, "percent_covered": 100.0, "percent_covered_display": "100", "missing_lines": 0, "excluded_lines": 0, "num_branches": 0, "num_partial_branches": 0, "covered_branches": 0, "missing_branches": 0}, "missing_lines": [], "excluded_lines": [], "executed_branches": [], "missing_branches": []}}}, "pypykatz_server/__main__.py": {"executed_lines": [], "summary": {"covered_lines": 0, "num_statements": 0, "percent_covered": 100.0, "percent_covered_display": "100", "missing_lines": 0, "excluded_lines": 0, "num_branches": 0, "num_partial_branches": 0, "covered_branches": 0, "missing_branches": 0}, "missing_lines": [], "excluded_lines": [], "executed_branches": [], "missing_branches": [], "functions": {"": {"executed_lines": [], "summary": {"covered_lines": 0, "num_statements": 0, "percent_covered": 100.0, "percent_covered_display": "100", "missing_lines": 0, "excluded_lines": 0, "num_branches": 0, "num_partial_branches": 0, "covered_branches": 0, "missing_branches": 0}, "missing_lines": [], "excluded_lines": [], "executed_branches": [], "missing_branches": []}}, "classes": {"": {"executed_lines": [], "summary": {"covered_lines": 0, "num_statements": 0, "percent_covered": 100.0, "percent_covered_display": "100", "missing_lines": 0, "excluded_lines": 0, "num_branches": 0, "num_partial_branches": 0, "covered_branches": 0, "missing_branches": 0}, "missing_lines": [], "excluded_lines": [], "executed_branches": [], "missing_branches": []}}}, "pypykatz_server/protocol/__init__.py": {"executed_lines": [1], "summary": {"covered_lines": 0, "num_statements": 0, "percent_covered": 100.0, "percent_covered_display": "100", "missing_lines": 0, "excluded_lines": 0, "num_branches": 0, "num_partial_branches": 0, "covered_branches": 0, "missing_branches": 0}, "missing_lines": [], "excluded_lines": [], "executed_branches": [], "missing_branches": [], "functions": {"": {"executed_lines": [], "summary": {"covered_lines": 0, "num_statements": 0, "percent_covered": 100.0, "percent_covered_display": "100", "missing_lines": 0, "excluded_lines": 0, "num_branches": 0, "num_partial_branches": 0, "covered_branches": 0, "missing_branches": 0}, "missing_lines": [], "excluded_lines": [], "executed_branches": [], "missing_branches": []}}, "classes": {"": {"executed_lines": [], "summary": {"covered_lines": 0, "num_statements": 0, "percent_covered": 100.0, "percent_covered_display": "100", "missing_lines": 0, "excluded_lines": 0, "num_branches": 0, "num_partial_branches": 0, "covered_branches": 0, "missing_branches": 0}, "missing_lines": [], "excluded_lines": [], "executed_branches": [], "missing_branches": []}}}, "pypykatz_server/protocol/command.py": {"executed_lines": [1, 2, 8, 9, 10, 11, 12, 13, 14, 16, 17, 18, 19, 21, 22, 23, 25, 26, 27, 29, 30, 31, 32, 33, 34, 35, 36, 37, 39, 40, 47, 48, 50, 51, 52], "summary": {"covered_lines": 35, "num_statements": 43, "percent_covered": 75.51020408163265, "percent_covered_display": "76", "missing_lines": 8, "excluded_lines": 0, "num_branches": 6, "num_partial_branches": 0, "covered_branches": 2, "missing_branches": 4}, "missing_lines": [41, 42, 43, 44, 45, 53, 54, 56], "excluded_lines": [], "executed_branches": [[34, 35], [34, 37]], "missing_branches": [[42, 43], [42, 45], [53, 54], [53, 56]], "functions": {"PYPYCMD.__init__": {"executed_lines": [18, 19], "summary": {"covered_lines": 2, "num_statements": 2, "percent_covered": 100.0, "percent_covered_display": "100", "missing_lines": 0, "excluded_lines": 0, "num_branches": 0, "num_partial_branches": 0, "covered_branches": 0, "missing_branches": 0}, "missing_lines": [], "excluded_lines": [], "executed_branches": [], "missing_branches": []}, "PYPYCMD.from_string": {"executed_lines": [23], "summary": {"covered_lines": 1, "num_statements": 1, "percent_covered": 100.0, "percent_covered_display": "100", "missing_lines": 0, "excluded_lines": 0, "num_branches": 0, "num_partial_branches": 0, "covered_branches": 0, "missing_branches": 0}, "missing_lines": [], "excluded_lines": [], "executed_branches": [], "missing_branches": []}, "PYPYCMD.from_bytes": {"executed_lines": [27], "summary": {"covered_lines": 1, "num_statements": 1, "percent_covered": 100.0, "percent_covered_display": "100", "missing_lines": 0, "excluded_lines": 0, "num_branches": 0, "num_partial_branches": 0, "covered_branches": 0, "missing_branches": 0}, "missing_lines": [], "excluded_lines": [], "executed_branches": [], "missing_branches": []}, "PYPYCMD.from_buffer": {"executed_lines": [31, 32, 33, 34, 35, 36, 37], "summary": {"covered_lines": 7, "num_statements": 7, "percent_covered": 100.0, "percent_covered_display": "100", "missing_lines": 0, "excluded_lines": 0, "num_branches": 2, "num_partial_branches": 0, "covered_branches": 2, "missing_branches": 0}, "missing_lines": [], "excluded_lines": [], "executed_branches": [[34, 35], [34, 37]], "missing_branches": []}, "PYPYCMD.to_bytes": {"executed_lines": [40], "summary": {"covered_lines": 1, "num_statements": 6, "percent_covered": 12.5, "percent_covered_display": "12", "missing_lines": 5, "excluded_lines": 0, "num_branches": 2, "num_partial_branches": 0, "covered_branches": 0, "missing_branches": 2}, "missing_lines": [41, 42, 43, 44, 45], "excluded_lines": [], "executed_branches": [], "missing_branches": [[42, 43], [42, 45]]}, "PYPYCMD.to_string": {"executed_lines": [48], "summary": {"covered_lines": 1, "num_statements": 1, "percent_covered": 100.0, "percent_covered_display": "100", "missing_lines": 0, "excluded_lines": 0, "num_branches": 0, "num_partial_branches": 0, "covered_branches": 0, "missing_branches": 0}, "missing_lines": [], "excluded_lines": [], "executed_branches": [], "missing_branches": []}, "PYPYCMD.__str__": {"executed_lines": [51, 52], "summary": {"covered_lines": 2, "num_statements": 5, "percent_covered": 28.571428571428573, "percent_covered_display": "29", "missing_lines": 3, "excluded_lines": 0, "num_branches": 2, "num_partial_branches": 0, "covered_branches": 0, "missing_branches": 2}, "missing_lines": [53, 54, 56], "excluded_lines": [], "executed_branches": [], "missing_branches": [[53, 54], [53, 56]]}, "": {"executed_lines": [1, 2, 8, 9, 10, 11, 12, 13, 14, 16, 17, 21, 22, 25, 26, 29, 30, 39, 47, 50], "summary": {"covered_lines": 20, "num_statements": 20, "percent_covered": 100.0, "percent_covered_display": "100", "missing_lines": 0, "excluded_lines": 0, "num_branches": 0, "num_partial_branches": 0, "covered_branches": 0, "missing_branches": 0}, "missing_lines": [], "excluded_lines": [], "executed_branches": [], "missing_branches": []}}, "classes": {"PYPYCMDType": {"executed_lines": [], "summary": {"covered_lines": 0, "num_statements": 0, "percent_covered": 100.0, "percent_covered_display": "100", "missing_lines": 0, "excluded_lines": 0, "num_branches": 0, "num_partial_branches": 0, "covered_branches": 0, "missing_branches": 0}, "missing_lines": [], "excluded_lines": [], "executed_branches": [], "missing_branches": []}, "PYPYCMD": {"executed_lines": [18, 19, 23, 27, 31, 32, 33, 34, 35, 36, 37, 40, 48, 51, 52], "summary": {"covered_lines": 15, "num_statements": 23, "percent_covered": 58.62068965517241, "percent_covered_display": "59", "missing_lines": 8, "excluded_lines": 0, "num_branches": 6, "num_partial_branches": 0, "covered_branches": 2, "missing_branches": 4}, "missing_lines": [41, 42, 43, 44, 45, 53, 54, 56], "excluded_lines": [], "executed_branches": [[34, 35], [34, 37]], "missing_branches": [[42, 43], [42, 45], [53, 54], [53, 56]]}, "": {"executed_lines": [1, 2, 8, 9, 10, 11, 12, 13, 14, 16, 17, 21, 22, 25, 26, 29, 30, 39, 47, 50], "summary": {"covered_lines": 20, "num_statements": 20, "percent_covered": 100.0, "percent_covered_display": "100", "missing_lines": 0, "excluded_lines": 0, "num_branches": 0, "num_partial_branches": 0, "covered_branches": 0, "missing_branches": 0}, "missing_lines": [], "excluded_lines": [], "executed_branches": [], "missing_branches": []}}}, "pypykatz_server/reader/__init__.py": {"executed_lines": [1], "summary": {"covered_lines": 0, "num_statements": 0, "percent_covered": 100.0, "percent_covered_display": "100", "missing_lines": 0, "excluded_lines": 0, "num_branches": 0, "num_partial_branches": 0, "covered_branches": 0, "missing_branches": 0}, "missing_lines": [], "excluded_lines": [], "executed_branches": [], "missing_branches": [], "functions": {"": {"executed_lines": [], "summary": {"covered_lines": 0, "num_statements": 0, "percent_covered": 100.0, "percent_covered_display": "100", "missing_lines": 0, "excluded_lines": 0, "num_branches": 0, "num_partial_branches": 0, "covered_branches": 0, "missing_branches": 0}, "missing_lines": [], "excluded_lines": [], "executed_branches": [], "missing_branches": []}}, "classes": {"": {"executed_lines": [], "summary": {"covered_lines": 0, "num_statements": 0, "percent_covered": 100.0, "percent_covered_display": "100", "missing_lines": 0, "excluded_lines": 0, "num_branches": 0, "num_partial_branches": 0, "covered_branches": 0, "missing_branches": 0}, "missing_lines": [], "excluded_lines": [], "executed_branches": [], "missing_branches": []}}}, "pypykatz_server/reader/remotereader.py": {"executed_lines": [2, 3, 4, 7, 8, 9, 10, 12, 14, 15, 16, 17, 31, 33, 34, 35, 36, 37, 42, 43, 44, 45, 47, 49, 51, 52, 53, 57, 58, 60, 64, 65, 67, 68, 69, 73, 74, 75, 76, 80, 81, 86, 87, 92, 93, 94, 96, 97, 105, 108, 109, 110, 111, 112], "summary": {"covered_lines": 54, "num_statements": 87, "percent_covered": 58.095238095238095, "percent_covered_display": "58", "missing_lines": 33, "excluded_lines": 0, "num_branches": 18, "num_partial_branches": 9, "covered_branches": 7, "missing_branches": 11}, "missing_lines": [19, 20, 23, 24, 25, 26, 27, 29, 39, 40, 54, 56, 59, 61, 62, 70, 71, 77, 78, 82, 84, 88, 90, 98, 99, 100, 102, 103, 114, 115, 116, 118, 120], "excluded_lines": [], "executed_branches": [[43, 44], [43, 45], [52, 53], [52, 57], [53, -51], [58, 60], [74, 75], [74, 76], [81, -80], [87, -86], [97, -96]], "missing_branches": [[53, 54], [53, 56], [58, 59], [81, 82], [81, 84], [87, 88], [87, 90], [97, 98], [97, 102], [115, 116], [115, 120]], "functions": {"RemoteReader.__init__": {"executed_lines": [9, 10, 12], "summary": {"covered_lines": 3, "num_statements": 3, "percent_covered": 100.0, "percent_covered_display": "100", "missing_lines": 0, "excluded_lines": 0, "num_branches": 0, "num_partial_branches": 0, "covered_branches": 0, "missing_branches": 0}, "missing_lines": [], "excluded_lines": [], "executed_branches": [], "missing_branches": []}, "RemoteReader.setup": {"executed_lines": [15, 16, 17], "summary": {"covered_lines": 3, "num_statements": 11, "percent_covered": 27.272727272727273, "percent_covered_display": "27", "missing_lines": 8, "excluded_lines": 0, "num_branches": 0, "num_partial_branches": 0, "covered_branches": 0, "missing_branches": 0}, "missing_lines": [19, 20, 23, 24, 25, 26, 27, 29], "excluded_lines": [], "executed_branches": [], "missing_branches": []}, "RemoteReader.read_pos": {"executed_lines": [33, 34, 35, 36, 37], "summary": {"covered_lines": 5, "num_statements": 7, "percent_covered": 71.42857142857143, "percent_covered_display": "71", "missing_lines": 2, "excluded_lines": 0, "num_branches": 0, "num_partial_branches": 0, "covered_branches": 0, "missing_branches": 0}, "missing_lines": [39, 40], "excluded_lines": [], "executed_branches": [], "missing_branches": []}, "RemoteReader.seek": {"executed_lines": [43, 44, 45], "summary": {"covered_lines": 3, "num_statements": 3, "percent_covered": 100.0, "percent_covered_display": "100", "missing_lines": 0, "excluded_lines": 0, "num_branches": 2, "num_partial_branches": 0, "covered_branches": 2, "missing_branches": 0}, "missing_lines": [], "excluded_lines": [], "executed_branches": [[43, 44], [43, 45]], "missing_branches": []}, "RemoteReader.move": {"executed_lines": [49], "summary": {"covered_lines": 1, "num_statements": 1, "percent_covered": 100.0, "percent_covered_display": "100", "missing_lines": 0, "excluded_lines": 0, "num_branches": 0, "num_partial_branches": 0, "covered_branches": 0, "missing_branches": 0}, "missing_lines": [], "excluded_lines": [], "executed_branches": [], "missing_branches": []}, "RemoteReader.align": {"executed_lines": [52, 53, 57, 58, 60], "summary": {"covered_lines": 5, "num_statements": 10, "percent_covered": 50.0, "percent_covered_display": "50", "missing_lines": 5, "excluded_lines": 0, "num_branches": 6, "num_partial_branches": 3, "covered_branches": 3, "missing_branches": 3}, "missing_lines": [54, 56, 59, 61, 62], "excluded_lines": [], "executed_branches": [[52, 53], [52, 57], [53, -51], [58, 60]], "missing_branches": [[53, 54], [53, 56], [58, 59]]}, "RemoteReader.tell": {"executed_lines": [65], "summary": {"covered_lines": 1, "num_statements": 1, "percent_covered": 100.0, "percent_covered_display": "100", "missing_lines": 0, "excluded_lines": 0, "num_branches": 0, "num_partial_branches": 0, "covered_branches": 0, "missing_branches": 0}, "missing_lines": [], "excluded_lines": [], "executed_branches": [], "missing_branches": []}, "RemoteReader.peek": {"executed_lines": [68, 69], "summary": {"covered_lines": 2, "num_statements": 4, "percent_covered": 50.0, "percent_covered_display": "50", "missing_lines": 2, "excluded_lines": 0, "num_branches": 0, "num_partial_branches": 0, "covered_branches": 0, "missing_branches": 0}, "missing_lines": [70, 71], "excluded_lines": [], "executed_branches": [], "missing_branches": []}, "RemoteReader.read": {"executed_lines": [74, 75, 76], "summary": {"covered_lines": 3, "num_statements": 5, "percent_covered": 71.42857142857143, "percent_covered_display": "71", "missing_lines": 2, "excluded_lines": 0, "num_branches": 2, "num_partial_branches": 0, "covered_branches": 2, "missing_branches": 0}, "missing_lines": [77, 78], "excluded_lines": [], "executed_branches": [[74, 75], [74, 76]], "missing_branches": []}, "RemoteReader.read_int": {"executed_lines": [81], "summary": {"covered_lines": 1, "num_statements": 3, "percent_covered": 20.0, "percent_covered_display": "20", "missing_lines": 2, "excluded_lines": 0, "num_branches": 2, "num_partial_branches": 2, "covered_branches": 0, "missing_branches": 2}, "missing_lines": [82, 84], "excluded_lines": [], "executed_branches": [[81, -80]], "missing_branches": [[81, 82], [81, 84]]}, "RemoteReader.read_uint": {"executed_lines": [87], "summary": {"covered_lines": 1, "num_statements": 3, "percent_covered": 20.0, "percent_covered_display": "20", "missing_lines": 2, "excluded_lines": 0, "num_branches": 2, "num_partial_branches": 2, "covered_branches": 0, "missing_branches": 2}, "missing_lines": [88, 90], "excluded_lines": [], "executed_branches": [[87, -86]], "missing_branches": [[87, 88], [87, 90]]}, "RemoteReader.get_ptr": {"executed_lines": [93, 94], "summary": {"covered_lines": 2, "num_statements": 2, "percent_covered": 100.0, "percent_covered_display": "100", "missing_lines": 0, "excluded_lines": 0, "num_branches": 0, "num_partial_branches": 0, "covered_branches": 0, "missing_branches": 0}, "missing_lines": [], "excluded_lines": [], "executed_branches": [], "missing_branches": []}, "RemoteReader.get_ptr_with_offset": {"executed_lines": [97], "summary": {"covered_lines": 1, "num_statements": 6, "percent_covered": 12.5, "percent_covered_display": "12", "missing_lines": 5, "excluded_lines": 0, "num_branches": 2, "num_partial_branches": 2, "covered_branches": 0, "missing_branches": 2}, "missing_lines": [98, 99, 100, 102, 103], "excluded_lines": [], "executed_branches": [[97, -96]], "missing_branches": [[97, 98], [97, 102]]}, "RemoteReader.find_in_module": {"executed_lines": [108, 109, 110, 111, 112], "summary": {"covered_lines": 5, "num_statements": 10, "percent_covered": 41.666666666666664, "percent_covered_display": "42", "missing_lines": 5, "excluded_lines": 0, "num_branches": 2, "num_partial_branches": 0, "covered_branches": 0, "missing_branches": 2}, "missing_lines": [114, 115, 116, 118, 120], "excluded_lines": [], "executed_branches": [], "missing_branches": [[115, 116], [115, 120]]}, "": {"executed_lines": [2, 3, 4, 7, 8, 14, 31, 42, 47, 51, 64, 67, 73, 80, 86, 92, 96, 105], "summary": {"covered_lines": 18, "num_statements": 18, "percent_covered": 100.0, "percent_covered_display": "100", "missing_lines": 0, "excluded_lines": 0, "num_branches": 0, "num_partial_branches": 0, "covered_branches": 0, "missing_branches": 0}, "missing_lines": [], "excluded_lines": [], "executed_branches": [], "missing_branches": []}}, "classes": {"RemoteReader": {"executed_lines": [9, 10, 12, 15, 16, 17, 33, 34, 35, 36, 37, 43, 44, 45, 49, 52, 53, 57, 58, 60, 65, 68, 69, 74, 75, 76, 81, 87, 93, 94, 97, 108, 109, 110, 111, 112], "summary": {"covered_lines": 36, "num_statements": 69, "percent_covered": 49.42528735632184, "percent_covered_display": "49", "missing_lines": 33, "excluded_lines": 0, "num_branches": 18, "num_partial_branches": 9, "covered_branches": 7, "missing_branches": 11}, "missing_lines": [19, 20, 23, 24, 25, 26, 27, 29, 39, 40, 54, 56, 59, 61, 62, 70, 71, 77, 78, 82, 84, 88, 90, 98, 99, 100, 102, 103, 114, 115, 116, 118, 120], "excluded_lines": [], "executed_branches": [[43, 44], [43, 45], [52, 53], [52, 57], [53, -51], [58, 60], [74, 75], [74, 76], [81, -80], [87, -86], [97, -96]], "missing_branches": [[53, 54], [53, 56], [58, 59], [81, 82], [81, 84], [87, 88], [87, 90], [97, 98], [97, 102], [115, 116], [115, 120]]}, "": {"executed_lines": [2, 3, 4, 7, 8, 14, 31, 42, 47, 51, 64, 67, 73, 80, 86, 92, 96, 105], "summary": {"covered_lines": 18, "num_statements": 18, "percent_covered": 100.0, "percent_covered_display": "100", "missing_lines": 0, "excluded_lines": 0, "num_branches": 0, "num_partial_branches": 0, "covered_branches": 0, "missing_branches": 0}, "missing_lines": [], "excluded_lines": [], "executed_branches": [], "missing_branches": []}}}, "pypykatz_server/resultprocess.py": {"executed_lines": [1, 2, 3, 4, 5, 7, 8, 9, 10, 11, 13, 14, 15, 16, 17, 20, 21, 22, 30, 31, 32, 33, 34, 35, 37, 38, 39, 41, 42], "summary": {"covered_lines": 29, "num_statements": 34, "percent_covered": 82.5, "percent_covered_display": "82", "missing_lines": 5, "excluded_lines": 0, "num_branches": 6, "num_partial_branches": 0, "covered_branches": 4, "missing_branches": 2}, "missing_lines": [23, 24, 25, 26, 27], "excluded_lines": [], "executed_branches": [[13, -8], [13, 14], [34, 35], [34, 37], [34, 41]], "missing_branches": [[24, 25], [24, 26]], "functions": {"ResultProcessing.__init__": {"executed_lines": [9, 10, 11, 13, 14, 15, 16, 17], "summary": {"covered_lines": 8, "num_statements": 8, "percent_covered": 100.0, "percent_covered_display": "100", "missing_lines": 0, "excluded_lines": 0, "num_branches": 2, "num_partial_branches": 0, "covered_branches": 2, "missing_branches": 0}, "missing_lines": [], "excluded_lines": [], "executed_branches": [[13, -8], [13, 14]], "missing_branches": []}, "ResultProcessing.run": {"executed_lines": [21, 22], "summary": {"covered_lines": 2, "num_statements": 7, "percent_covered": 22.22222222222222, "percent_covered_display": "22", "missing_lines": 5, "excluded_lines": 0, "num_branches": 2, "num_partial_branches": 0, "covered_branches": 0, "missing_branches": 2}, "missing_lines": [23, 24, 25, 26, 27], "excluded_lines": [], "executed_branches": [], "missing_branches": [[24, 25], [24, 26]]}, "ResultProcessing.process_result": {"executed_lines": [31, 32, 33, 34, 35, 37, 38, 39, 41, 42], "summary": {"covered_lines": 10, "num_statements": 10, "percent_covered": 100.0, "percent_covered_display": "100", "missing_lines": 0, "excluded_lines": 0, "num_branches": 2, "num_partial_branches": 0, "covered_branches": 2, "missing_branches": 0}, "missing_lines": [], "excluded_lines": [], "executed_branches": [[34, 35], [34, 37], [34, 41]], "missing_branches": []}, "": {"executed_lines": [1, 2, 3, 4, 5, 7, 8, 20, 30], "summary": {"covered_lines": 9, "num_statements": 9, "percent_covered": 100.0, "percent_covered_display": "100", "missing_lines": 0, "excluded_lines": 0, "num_branches": 0, "num_partial_branches": 0, "covered_branches": 0, "missing_branches": 0}, "missing_lines": [], "excluded_lines": [], "executed_branches": [], "missing_branches": []}}, "classes": {"ResultProcessing": {"executed_lines": [9, 10, 11, 13, 14, 15, 16, 17, 21, 22, 31, 32, 33, 34, 35, 37, 38, 39, 41, 42], "summary": {"covered_lines": 20, "num_statements": 25, "percent_covered": 77.41935483870968, "percent_covered_display": "77", "missing_lines": 5, "excluded_lines": 0, "num_branches": 6, "num_partial_branches": 0, "covered_branches": 4, "missing_branches": 2}, "missing_lines": [23, 24, 25, 26, 27], "excluded_lines": [], "executed_branches": [[13, -8], [13, 14], [34, 35], [34, 37], [34, 41]], "missing_branches": [[24, 25], [24, 26]]}, "": {"executed_lines": [1, 2, 3, 4, 5, 7, 8, 20, 30], "summary": {"covered_lines": 9, "num_statements": 9, "percent_covered": 100.0, "percent_covered_display": "100", "missing_lines": 0, "excluded_lines": 0, "num_branches": 0, "num_partial_branches": 0, "covered_branches": 0, "missing_branches": 0}, "missing_lines": [], "excluded_lines": [], "executed_branches": [], "missing_branches": []}}}, "pypykatz_server/server/__init__.py": {"executed_lines": [], "summary": {"covered_lines": 0, "num_statements": 2, "percent_covered": 0.0, "percent_covered_display": "0", "missing_lines": 2, "excluded_lines": 0, "num_branches": 0, "num_partial_branches": 0, "covered_branches": 0, "missing_branches": 0}, "missing_lines": [1, 3], "excluded_lines": [], "executed_branches": [], "missing_branches": [], "functions": {"": {"executed_lines": [], "summary": {"covered_lines": 0, "num_statements": 2, "percent_covered": 0.0, "percent_covered_display": "0", "missing_lines": 2, "excluded_lines": 0, "num_branches": 0, "num_partial_branches": 0, "covered_branches": 0, "missing_branches": 0}, "missing_lines": [1, 3], "excluded_lines": [], "executed_branches": [], "missing_branches": []}}, "classes": {"": {"executed_lines": [], "summary": {"covered_lines": 0, "num_statements": 2, "percent_covered": 0.0, "percent_covered_display": "0", "missing_lines": 2, "excluded_lines": 0, "num_branches": 0, "num_partial_branches": 0, "covered_branches": 0, "missing_branches": 0}, "missing_lines": [1, 3], "excluded_lines": [], "executed_branches": [], "missing_branches": []}}}, "pypykatz_server/server/pypysocketserver.py": {"executed_lines": [], "summary": {"covered_lines": 0, "num_statements": 62, "percent_covered": 0.0, "percent_covered_display": "0", "missing_lines": 62, "excluded_lines": 0, "num_branches": 6, "num_partial_branches": 0, "covered_branches": 0, "missing_branches": 6}, "missing_lines": [2, 3, 4, 5, 6, 7, 8, 9, 10, 11, 13, 15, 16, 17, 18, 19, 20, 22, 24, 25, 26, 27, 28, 30, 31, 32, 33, 34, 35, 37, 38, 41, 42, 43, 44, 45, 46, 47, 48, 49, 50, 52, 54, 55, 56, 57, 58, 59, 61, 62, 63, 65, 67, 68, 69, 71, 72, 73, 74, 75, 76, 79], "excluded_lines": [], "executed_branches": [], "missing_branches": [[56, 57], [56, 62], [58, 59], [58, 61], [68, 69], [68, 71]], "functions": {"ThreadedPYPYSocketServer.__init__": {"executed_lines": [], "summary": {"covered_lines": 0, "num_statements": 5, "percent_covered": 0.0, "percent_covered_display": "0", "missing_lines": 5, "excluded_lines": 0, "num_branches": 0, "num_partial_branches": 0, "covered_branches": 0, "missing_branches": 0}, "missing_lines": [17, 18, 19, 20, 22], "excluded_lines": [], "executed_branches": [], "missing_branches": []}, "ThreadedPYPYSocketServer.setup": {"executed_lines": [], "summary": {"covered_lines": 0, "num_statements": 4, "percent_covered": 0.0, "percent_covered_display": "0", "missing_lines": 4, "excluded_lines": 0, "num_branches": 0, "num_partial_branches": 0, "covered_branches": 0, "missing_branches": 0}, "missing_lines": [25, 26, 27, 28], "excluded_lines": [], "executed_branches": [], "missing_branches": []}, "ThreadedPYPYSocketServer.run": {"executed_lines": [], "summary": {"covered_lines": 0, "num_statements": 7, "percent_covered": 0.0, "percent_covered_display": "0", "missing_lines": 7, "excluded_lines": 0, "num_branches": 0, "num_partial_branches": 0, "covered_branches": 0, "missing_branches": 0}, "missing_lines": [31, 32, 33, 34, 35, 37, 38], "excluded_lines": [], "executed_branches": [], "missing_branches": []}, "ThreadedPYPYSocketServer.handle": {"executed_lines": [], "summary": {"covered_lines": 0, "num_statements": 30, "percent_covered": 0.0, "percent_covered_display": "0", "missing_lines": 30, "excluded_lines": 0, "num_branches": 6, "num_partial_branches": 0, "covered_branches": 0, "missing_branches": 6}, "missing_lines": [42, 43, 44, 45, 46, 47, 48, 49, 50, 52, 54, 55, 56, 57, 58, 59, 61, 62, 63, 65, 67, 68, 69, 71, 72, 73, 74, 75, 76, 79], "excluded_lines": [], "executed_branches": [], "missing_branches": [[56, 57], [56, 62], [58, 59], [58, 61], [68, 69], [68, 71]]}, "": {"executed_lines": [], "summary": {"covered_lines": 0, "num_statements": 16, "percent_covered": 0.0, "percent_covered_display": "0", "missing_lines": 16, "excluded_lines": 0, "num_branches": 0, "num_partial_branches": 0, "covered_branches": 0, "missing_branches": 0}, "missing_lines": [2, 3, 4, 5, 6, 7, 8, 9, 10, 11, 13, 15, 16, 24, 30, 41], "excluded_lines": [], "executed_branches": [], "missing_branches": []}}, "classes": {"ThreadedPYPYSocketServer": {"executed_lines": [], "summary": {"covered_lines": 0, "num_statements": 46, "percent_covered": 0.0, "percent_covered_display": "0", "missing_lines": 46, "excluded_lines": 0, "num_branches": 6, "num_partial_branches": 0, "covered_branches": 0, "missing_branches": 6}, "missing_lines": [17, 18, 19, 20, 22, 25, 26, 27, 28, 31, 32, 33, 34, 35, 37, 38, 42, 43, 44, 45, 46, 47, 48, 49, 50, 52, 54, 55, 56, 57, 58, 59, 61, 62, 63, 65, 67, 68, 69, 71, 72, 73, 74, 75, 76, 79], "excluded_lines": [], "executed_branches": [], "missing_branches": [[56, 57], [56, 62], [58, 59], [58, 61], [68, 69], [68, 71]]}, "": {"executed_lines": [], "summary": {"covered_lines": 0, "num_statements": 16, "percent_covered": 0.0, "percent_covered_display": "0", "missing_lines": 16, "excluded_lines": 0, "num_branches": 0, "num_partial_branches": 0, "covered_branches": 0, "missing_branches": 0}, "missing_lines": [2, 3, 4, 5, 6, 7, 8, 9, 10, 11, 13, 15, 16, 24, 30, 41], "excluded_lines": [], "executed_branches": [], "missing_branches": []}}}, "pypykatz_server/transport/__init__.py": {"executed_lines": [1], "summary": {"covered_lines": 0, "num_statements": 0, "percent_covered": 100.0, "percent_covered_display": "100", "missing_lines": 0, "excluded_lines": 0, "num_branches": 0, "num_partial_branches": 0, "covered_branches": 0, "missing_branches": 0}, "missing_lines": [], "excluded_lines": [], "executed_branches": [], "missing_branches": [], "functions": {"": {"executed_lines": [], "summary": {"covered_lines": 0, "num_statements": 0, "percent_covered": 100.0, "percent_covered_display": "100", "missing_lines": 0, "excluded_lines": 0, "num_branches": 0, "num_partial_branches": 0, "covered_branches": 0, "missing_branches": 0}, "missing_lines": [], "excluded_lines": [], "executed_branches": [], "missing_branches": []}}, "classes": {"": {"executed_lines": [], "summary": {"covered_lines": 0, "num_statements": 0, "percent_covered": 100.0, "percent_covered_display": "100", "missing_lines": 0, "excluded_lines": 0, "num_branches": 0, "num_partial_branches": 0, "covered_branches": 0, "missing_branches": 0}, "missing_lines": [], "excluded_lines": [], "executed_branches": [], "missing_branches": []}}}, "pypykatz_server/transport/sockettransport.py": {"executed_lines": [2, 4, 5, 6, 8, 9, 10, 11, 12, 33, 34, 37, 38], "summary": {"covered_lines": 13, "num_statements": 30, "percent_covered": 30.952380952380953, "percent_covered_display": "31", "missing_lines": 17, "excluded_lines": 0, "num_branches": 12, "num_partial_branches": 0, "covered_branches": 0, "missing_branches": 12}, "missing_lines": [13, 14, 16, 18, 19, 20, 22, 24, 25, 27, 28, 29, 31, 35, 39, 40, 41], "excluded_lines": [], "executed_branches": [], "missing_branches": [[13, 14], [13, 16], [18, 19], [18, 24], [19, 20], [19, 22], [24, 11], [24, 25], [27, 28], [27, 29], [39, 40], [39, 41]], "functions": {"SocketTransport.__init__": {"executed_lines": [6], "summary": {"covered_lines": 1, "num_statements": 1, "percent_covered": 100.0, "percent_covered_display": "100", "missing_lines": 0, "excluded_lines": 0, "num_branches": 0, "num_partial_branches": 0, "covered_branches": 0, "missing_branches": 0}, "missing_lines": [], "excluded_lines": [], "executed_branches": [], "missing_branches": []}, "SocketTransport.recv": {"executed_lines": [9, 10, 11, 12], "summary": {"covered_lines": 4, "num_statements": 17, "percent_covered": 14.814814814814815, "percent_covered_display": "15", "missing_lines": 13, "excluded_lines": 0, "num_branches": 10, "num_partial_branches": 0, "covered_branches": 0, "missing_branches": 10}, "missing_lines": [13, 14, 16, 18, 19, 20, 22, 24, 25, 27, 28, 29, 31], "excluded_lines": [], "executed_branches": [], "missing_branches": [[13, 14], [13, 16], [18, 19], [18, 24], [19, 20], [19, 22], [24, 11], [24, 25], [27, 28], [27, 29]]}, "SocketTransport.send": {"executed_lines": [34], "summary": {"covered_lines": 1, "num_statements": 2, "percent_covered": 50.0, "percent_covered_display": "50", "missing_lines": 1, "excluded_lines": 0, "num_branches": 0, "num_partial_branches": 0, "covered_branches": 0, "missing_branches": 0}, "missing_lines": [35], "excluded_lines": [], "executed_branches": [], "missing_branches": []}, "SocketTransport.recvOK": {"executed_lines": [38], "summary": {"covered_lines": 1, "num_statements": 4, "percent_covered": 16.666666666666668, "percent_covered_display": "17", "missing_lines": 3, "excluded_lines": 0, "num_branches": 2, "num_partial_branches": 0, "covered_branches": 0, "missing_branches": 2}, "missing_lines": [39, 40, 41], "excluded_lines": [], "executed_branches": [], "missing_branches": [[39, 40], [39, 41]]}, "": {"executed_lines": [2, 4, 5, 8, 33, 37], "summary": {"covered_lines": 6, "num_statements": 6, "percent_covered": 100.0, "percent_covered_display": "100", "missing_lines": 0, "excluded_lines": 0, "num_branches": 0, "num_partial_branches": 0, "covered_branches": 0, "missing_branches": 0}, "missing_lines": [], "excluded_lines": [], "executed_branches": [], "missing_branches": []}}, "classes": {"SocketTransport": {"executed_lines": [6, 9, 10, 11, 12, 34, 38], "summary": {"covered_lines": 7, "num_statements": 24, "percent_covered": 19.444444444444443, "percent_covered_display": "19", "missing_lines": 17, "excluded_lines": 0, "num_branches": 12, "num_partial_branches": 0, "covered_branches": 0, "missing_branches": 12}, "missing_lines": [13, 14, 16, 18, 19, 20, 22, 24, 25, 27, 28, 29, 31, 35, 39, 40, 41], "excluded_lines": [], "executed_branches": [], "missing_branches": [[13, 14], [13, 16], [18, 19], [18, 24], [19, 20], [19, 22], [24, 11], [24, 25], [27, 28], [27, 29], [39, 40], [39, 41]]}, "": {"executed_lines": [2, 4, 5, 8, 33, 37], "summary": {"covered_lines": 6, "num_statements": 6, "percent_covered": 100.0, "percent_covered_display": "100", "missing_lines": 0, "excluded_lines": 0, "num_branches": 0, "num_partial_branches": 0, "covered_branches": 0, "missing_branches": 0}, "missing_lines": [], "excluded_lines": [], "executed_branches": [], "missing_branches": []}}}}, "totals": {"covered_lines": 131, "num_statements": 258, "percent_covered": 47.05882352941177, "percent_covered_display": "47", "missing_lines": 127, "excluded_lines": 0, "num_branches": 48, "num_partial_branches": 9, "covered_branches": 13, "missing_branches": 35}}